/home/travis/build/icyphy/ptII/bin/ant: Running /home/travis/build/icyphy/ptII/ant/bin/ant build-all test.report.short
Buildfile: /home/travis/build/icyphy/ptII/build.xml

build-message:
     [echo] Use ant -p to see other targets. JAVA_HOME=/usr/lib/jvm/java-8-oracle
     [echo] tools.jar is necessary for compilation of doc/doclets/.
     [echo] If compilation fails, try setting JAVA_HOME to the location of the JDK.
     [echo] For example:
     [echo]   [bldmastr@sisyphus ptII]$ which java
     [echo]   /usr/bin/java
     [echo]   [bldmastr@sisyphus ptII]$ ls -l /usr/bin/java
     [echo]   lrwxrwxrwx 1 root root 26 Jul 31 10:12 /usr/bin/java -> /usr/java/default/bin/java
     [echo]   [bldmastr@sisyphus ptII]$ export JAVA_HOME=/usr/java/default
     [echo]     

-build-subprojects-empty:

-check-maven-ant-task:

build-websensor:

build-subprojects:

-check-node:

-check-node-works:
     [exec] v7.10.1

-check-npm:

-check-npm-works:
     [exec] 4.2.0

-check-if-npmjs-org-is-up:
     [echo] Check to see if https://www.npmjs.org is up.

-jsdoc-no-network-message:

-check-jsdoc:

jsdoc-install:
    [mkdir] Created dir: /home/travis/build/icyphy/ptII/node_modules
     [exec] /home/travis/build/icyphy/ptII
     [exec] └─┬ @terraswarm/jsdoc@3.5.1-dev 
     [exec]   ├── bluebird@3.4.7 
     [exec]   ├─┬ catharsis@0.8.9 
     [exec]   │ └─┬ underscore-contrib@0.3.0 
     [exec]   │   └── underscore@1.6.0 
     [exec]   ├── escape-string-regexp@1.0.5 
     [exec]   ├─┬ espree@3.1.7 
     [exec]   │ ├── acorn@3.3.0 
     [exec]   │ └── acorn-jsx@3.0.1 
     [exec]   ├── js2xmlparser@1.0.0 
     [exec]   ├─┬ klaw@1.3.1 
     [exec]   │ └── graceful-fs@4.1.11 
     [exec]   ├── marked@0.3.19 
     [exec]   ├─┬ mkdirp@0.5.1 
     [exec]   │ └── minimist@0.0.8 
     [exec]   ├─┬ requizzle@0.2.1 
     [exec]   │ └── underscore@1.6.0 
     [exec]   ├── strip-json-comments@2.0.1 
     [exec]   ├── taffydb@2.6.2 
     [exec]   └── underscore@1.8.3 
     [exec] 
     [exec] npm WARN enoent ENOENT: no such file or directory, open '/home/travis/build/icyphy/ptII/package.json'
     [exec] npm WARN ptII No description
     [exec] npm WARN ptII No repository field.
     [exec] npm WARN ptII No README data
     [exec] npm WARN ptII No license field.

jsdoc-update:

-ptdoc-no-node:

-ptdoc-no-npm:

ptdoc:
     [echo] 
     [echo]       If the ptdoc target fails, then try running:
     [echo]           ant build-project build-bin
     [echo]     

-check-node:

-check-node-works:
     [exec] v7.10.1

-check-npm:

-check-npm-works:
     [exec] 4.2.0

-check-if-npmjs-org-is-up:
     [echo] Check to see if https://www.npmjs.org is up.

-jsdoc-no-network-message:

-check-jsdoc:
     [echo] To stop CapeCode from invoking jsdoc and svn, set the PT_NO_NET environment variable.  
     [echo]     Under BASH:
     [echo]         export PT_NO_NET=true
     [echo]     If ptdoc fails, and you are building from $PTII, try:
     [echo]         ant build-project build-bin
     [echo]     

jsdoc-install:
     [echo] npm.executable: npm
    [mkdir] Created dir: /home/travis/build/icyphy/ptII/org/terraswarm/accessor/accessors/node_modules
     [exec] /home/travis/build/icyphy/ptII/org/terraswarm/accessor/accessors
     [exec] └─┬ @terraswarm/jsdoc@3.5.1-dev 
     [exec]   ├── bluebird@3.4.7 
     [exec]   ├─┬ catharsis@0.8.9 
     [exec]   │ └─┬ underscore-contrib@0.3.0 
     [exec]   │   └── underscore@1.6.0 
     [exec]   ├── escape-string-regexp@1.0.5 
     [exec]   ├─┬ espree@3.1.7 
     [exec]   │ ├── acorn@3.3.0 
     [exec]   │ └── acorn-jsx@3.0.1 
     [exec]   ├── js2xmlparser@1.0.0 
     [exec]   ├─┬ klaw@1.3.1 
     [exec]   │ └── graceful-fs@4.1.11 
     [exec]   ├── marked@0.3.19 
     [exec]   ├─┬ mkdirp@0.5.1 
     [exec]   │ └── minimist@0.0.8 
     [exec]   ├─┬ requizzle@0.2.1 
     [exec]   │ └── underscore@1.6.0 
     [exec]   ├── strip-json-comments@2.0.1 
     [exec]   ├── taffydb@2.6.2 
     [exec]   └── underscore@1.8.3 
     [exec] 
     [exec] npm WARN enoent ENOENT: no such file or directory, open '/home/travis/build/icyphy/ptII/org/terraswarm/accessor/accessors/package.json'
     [exec] npm WARN accessors No description
     [exec] npm WARN accessors No repository field.
     [exec] npm WARN accessors No README data
     [exec] npm WARN accessors No license field.

jsdoc-update:

-ptdoc-no-node-message:

-ptdoc-no-npm-message:

-check-jsdoc-again:

-jsdoc-command-message:

ptdoc:
     [echo] Invoke /home/travis/build/icyphy/ptII/org/terraswarm/accessor/accessors/web/../node_modules/@terraswarm/jsdoc/jsdoc.js to read *.js files and generate *PtDoc.xml files suitable for Ptolemy.
     [echo]     See https://chess.eecs.berkeley.edu/ptexternal/wiki/Main/JSDocSystems
     [echo]     See jsdoc/jsdoc.json
     [echo]     See jsdoc/plugins/accessorJSDocTags.js
     [echo]     See jsdoc/templates/ptdoc/publish.js
     [echo] 
     [echo]     If the ptdoc target fails, the there is likely a problem with node or npm.  It is possible
     [echo]     to use CapeCode even if the ptdoc target fails.
     [echo]     
     [echo]     If you are building from $PTII, try:
     [echo]         ant build-project build-bin
     [echo] 
     [echo]     
     [exec] Generating output files...
     [exec] Finished running in 6.28 seconds.

build-project:
     [echo] ptII: /home/travis/build/icyphy/ptII/build.xml
    [javac] Compiling 4705 source files to /home/travis/build/icyphy/ptII
    [javac] /home/travis/build/icyphy/ptII/ptolemy/util/StringUtilities.java:48: warning: Unsafe is internal proprietary API and may be removed in a future release
    [javac] import sun.misc.Unsafe;
    [javac]                ^
    [javac] warning: Supported source version 'RELEASE_6' from annotation processor 'org.netbeans.modules.openide.util.NbBundleProcessor' less than -source '1.8'
    [javac] warning: Supported source version 'RELEASE_6' from annotation processor 'org.netbeans.modules.openide.util.URLStreamHandlerRegistrationProcessor' less than -source '1.8'
    [javac] warning: Supported source version 'RELEASE_6' from annotation processor 'org.netbeans.modules.openide.util.ServiceProviderProcessor' less than -source '1.8'
    [javac] /home/travis/build/icyphy/ptII/ptolemy/util/StringUtilities.java:48: warning: Unsafe is internal proprietary API and may be removed in a future release
    [javac] import sun.misc.Unsafe;
    [javac]                ^
    [javac] /home/travis/build/icyphy/ptII/ptolemy/util/StringUtilities.java:48: warning: Unsafe is internal proprietary API and may be removed in a future release
    [javac] import sun.misc.Unsafe;
    [javac]                ^
    [javac] /home/travis/build/icyphy/ptII/ptolemy/util/StringUtilities.java:118: warning: Unsafe is internal proprietary API and may be removed in a future release
    [javac]             Field theUnsafe = Unsafe.class.getDeclaredField("theUnsafe");
    [javac]                               ^
    [javac] /home/travis/build/icyphy/ptII/ptolemy/util/StringUtilities.java:120: warning: Unsafe is internal proprietary API and may be removed in a future release
    [javac]             Unsafe unsafe = (Unsafe) theUnsafe.get(null);
    [javac]             ^
    [javac] /home/travis/build/icyphy/ptII/ptolemy/util/StringUtilities.java:120: warning: Unsafe is internal proprietary API and may be removed in a future release
    [javac]             Unsafe unsafe = (Unsafe) theUnsafe.get(null);
    [javac]                              ^
    [javac] Note: Some input files use or override a deprecated API.
    [javac] Note: Recompile with -Xlint:deprecation for details.
    [javac] Note: Some input files use unchecked or unsafe operations.
    [javac] Note: Recompile with -Xlint:unchecked for details.
    [javac] 9 warnings

-check-ptII-mk-file:

-check-bin-vergil:

-check-make-bin-vergil:

build-bin-not:

build-not-bin-vergil:
     [echo] 
     [echo] 	$PTII/bin/vergil does not exist, perhaps (cd $PTII/bin; make) has not been run?
     [echo] 	This can happen if the make binary cannot be found in the path or if $PTII/mk/ptII.mk
     [echo] 	is not present.
     [echo] 	Skipping running make in $PTII/bin, which creates scripts like $PTII/bin/vergil.
     [echo] 	This is only an issue if you want to invoke "$PTII/bin/vergil" instead of "ant vergil".
     [echo] 	However, $PTII/bin does include other scripts that may be of use.
     [echo]       

build-bin:
     [exec] for file in .momllib-util .nc2moml-util .ncapp2moml-util capecode convertToLazy copernicus decompile emachine giottoc histogram homer jode mescal moml obfuscate ptcg ptcodegen ptexecute ptjacl ptjaclapp ptplot ptstartjini ptolemy ptweb pxgraph soot tinicomm tinic tiniconverter startjini.gui vergil; do \
     [exec] 		echo "$file"; \
     [exec] 		rm -f "$file"; \
     [exec] 		ln -s ptinvoke "$file"; \
     [exec] 		chmod a+x "$file"; \
     [exec] 	done
     [exec] .momllib-util
     [exec] .nc2moml-util
     [exec] .ncapp2moml-util
     [exec] capecode
     [exec] convertToLazy
     [exec] copernicus
     [exec] decompile
     [exec] emachine
     [exec] giottoc
     [exec] histogram
     [exec] homer
     [exec] jode
     [exec] mescal
     [exec] moml
     [exec] obfuscate
     [exec] ptcg
     [exec] ptcodegen
     [exec] ptexecute
     [exec] ptjacl
     [exec] ptjaclapp
     [exec] ptplot
     [exec] ptstartjini
     [exec] ptolemy
     [exec] ptweb
     [exec] pxgraph
     [exec] soot
     [exec] tinicomm
     [exec] tinic
     [exec] tiniconverter
     [exec] startjini.gui
     [exec] vergil
     [exec] rm -f makebat
     [exec] ln -s ptinvoke makebat
     [exec] rm -f ".momllib-util.bat"
     [exec] ./makebat -q "`basename .momllib-util.bat .bat`"
     [exec] rm -f ".nc2moml-util.bat"
     [exec] ./makebat -q "`basename .nc2moml-util.bat .bat`"
     [exec] rm -f ".ncapp2moml-util.bat"
     [exec] ./makebat -q "`basename .ncapp2moml-util.bat .bat`"
     [exec] rm -f "capecode.bat"
     [exec] ./makebat -q "`basename capecode.bat .bat`"
     [exec] rm -f "convertToLazy.bat"
     [exec] ./makebat -q "`basename convertToLazy.bat .bat`"
     [exec] rm -f "copernicus.bat"
     [exec] ./makebat -q "`basename copernicus.bat .bat`"
     [exec] rm -f "decompile.bat"
     [exec] ./makebat -q "`basename decompile.bat .bat`"
     [exec] rm -f "emachine.bat"
     [exec] ./makebat -q "`basename emachine.bat .bat`"
     [exec] rm -f "giottoc.bat"
     [exec] ./makebat -q "`basename giottoc.bat .bat`"
     [exec] rm -f "histogram.bat"
     [exec] ./makebat -q "`basename histogram.bat .bat`"
     [exec] rm -f "homer.bat"
     [exec] ./makebat -q "`basename homer.bat .bat`"
     [exec] rm -f "jode.bat"
     [exec] ./makebat -q "`basename jode.bat .bat`"
     [exec] rm -f "mescal.bat"
     [exec] ./makebat -q "`basename mescal.bat .bat`"
     [exec] LD_LIBRARY_PATH = /home/travis/build/icyphy/ptII/mescal/lib:/home/travis/build/icyphy/ptII/mescal/bin:/usr/local/lib:/home/travis/build/icyphy/ptII/lib:/home/travis/pthla/certi-tools/lib:/home/travis/pthla/certi-tools/lib:/usr/lib/jni:/usr/local/share/OpenCV/java/:/usr/share/OpenCV/java:
     [exec] rm -f "moml.bat"
     [exec] ./makebat -q "`basename moml.bat .bat`"
     [exec] rm -f "obfuscate.bat"
     [exec] ./makebat -q "`basename obfuscate.bat .bat`"
     [exec] rm -f "ptcg.bat"
     [exec] ./makebat -q "`basename ptcg.bat .bat`"
     [exec] rm -f "ptcodegen.bat"
     [exec] ./makebat -q "`basename ptcodegen.bat .bat`"
     [exec] rm -f "ptexecute.bat"
     [exec] ./makebat -q "`basename ptexecute.bat .bat`"
     [exec] rm -f "ptjacl.bat"
     [exec] ./makebat -q "`basename ptjacl.bat .bat`"
     [exec] rm -f "ptjaclapp.bat"
     [exec] ./makebat -q "`basename ptjaclapp.bat .bat`"
     [exec] rm -f "ptplot.bat"
     [exec] ./makebat -q "`basename ptplot.bat .bat`"
     [exec] rm -f "ptstartjini.bat"
     [exec] ./makebat -q "`basename ptstartjini.bat .bat`"
     [exec] rm -f "ptolemy.bat"
     [exec] ./makebat -q "`basename ptolemy.bat .bat`"
     [exec] rm -f "ptweb.bat"
     [exec] ./makebat -q "`basename ptweb.bat .bat`"
     [exec] rm -f "pxgraph.bat"
     [exec] ./makebat -q "`basename pxgraph.bat .bat`"
     [exec] rm -f "soot.bat"
     [exec] ./makebat -q "`basename soot.bat .bat`"
     [exec] rm -f "tinicomm.bat"
     [exec] ./makebat -q "`basename tinicomm.bat .bat`"
     [exec] rm -f "tinic.bat"
     [exec] ./makebat -q "`basename tinic.bat .bat`"
     [exec] rm -f "tiniconverter.bat"
     [exec] ./makebat -q "`basename tiniconverter.bat .bat`"
     [exec] rm -f "startjini.gui.bat"
     [exec] ./makebat -q "`basename startjini.gui.bat .bat`"
     [exec] Cloning into 'universalJavaApplicationStub'...
     [exec] rm -f "vergil.bat"
     [exec] ./makebat -q "`basename vergil.bat .bat`"
     [exec] rm -f makeapp
     [exec] ln -s ptinvoke makeapp
     [exec] chmod a+x ptinvoke makeapp
     [exec] ./makeapp CapeCode.app CAPECODE -capecode
     [exec] ./makeapp: /home/travis/build/icyphy/ptII/vendors/universalJavaApplicationStub/src/universalJavaApplicationStub does not exist, creating it from GitHub.
     [exec] Updating universalJavaApplicationStub from /home/travis/build/icyphy/ptII/vendors/universalJavaApplicationStub/src/universalJavaApplicationStub
     [exec] Error: This Java instance does not support a 32-bit JVM.
     [exec] Please install the desired version.
     [exec] configure: WARNING: Running java -d32 -version failed,
     [exec]     and ./bin/java does not exist.
     [exec]     Perhaps you need to install a separate 32-bit JVM
     [exec]     or rerun configure with --with-java32?
     [exec]     The 32-bit JVM is only needed for certain 32-bit FMI tests.
     [exec]     In general, under a 64-bit JVM, FMI will work fine without a 32-bit JVM.
     [exec] configure: WARNING: '/usr/lib/jvm/java-8-oracle/bin/java' is not
     [exec]     the same as '/usr/bin/java'.
     [exec]     Perhaps '/usr/bin/java' is in your path before
     [exec]     '/usr/lib/jvm/java-8-oracle/bin/java'?
     [exec]     If you have problems later, be sure that you don't have a mismatch
     [exec]     in JDK versions.
     [exec] configure: WARNING: '/usr/lib/jvm/java-8-oracle/bin/javac' is not
     [exec] 	 the same as '/usr/bin/javac'.
     [exec] 	 Perhaps '/usr/bin/javac' is in your path
     [exec] 	 before '/usr/lib/jvm/java-8-oracle/bin/javac'?
     [exec] 	 If you have problems later, be sure that you don't have a mismatch
     [exec] 	 in JDK versions.
     [exec] configure: WARNING: Failed to find /usr/local/include/boost/numeric/odeint.hpp
     [exec]     This is only a problem if you want to rebuild the Functional
     [exec]     Mock-up Interface ++ C files in actor/lib/fmi/fmipp.
     [exec]     Most users can use the shared libraries in /home/travis/build/icyphy/ptII/lib or /home/travis/build/icyphy/ptII/bin.
     [exec] configure: WARNING: Failed to find Checkstyle in /home/travis/build/icyphy/ptII/vendors/checkstyle-6.2
     [exec]     Checkstyle is only necessary for code cleaning.
     [exec]     Checkstyle is LGPL'd, so while it could be in the ptII repo, we don't add it.
     [exec]     Checkstyle may be downloaded from http://checkstyle.sourceforge.net/
     [exec] configure: WARNING: Did not find /home/travis/build/icyphy/ptII/vendors/misc/colt/colt.jar,
     [exec]     using /home/travis/build/icyphy/ptII/lib/ptcolt.jar
     [exec] configure: WARNING: Failed to find Cobertura in /home/travis/build/icyphy/ptII/vendors/corbertura-2.0.3
     [exec]     Cobertura is only necessary to for code coverage.
     [exec]     Cobertura is GPL'd, so we don't check it in to the ptII repository.
     [exec]     Cobertura may be downloaded from http://cobertura.github.io/cobertura/
     [exec] configure: WARNING: Failed to find CUnit in /usr/local or
     [exec]     /home/travis/build/icyphy/ptII/vendors/CUnit.
     [exec]     CUnit is only necessary to test the C templates of the code generation facility
     [exec] configure: WARNING: Failed to find dbxml-X.Y shared library in /home/travis/build/icyphy/ptII/vendors/misc/dbxml-2.5.16/install/lib.
     [exec]     This means that the Ptolemy/Android HandSimDroid prototype will not run.
     [exec] configure: WARNING: Failed to find /home/travis/build/icyphy/ptII/vendors/mbed/gcc-arm/bin/arm-none-eabi-gcc
     [exec]     so the Mbed CG facility will not be run.
     [exec] JAITest.java:28: error: package javax.media.jai does not exist
     [exec] import javax.media.jai.*;
     [exec] ^
     [exec] 1 error
     [exec] configure: WARNING: JAI not found in the default classpath
     [exec] configure: WARNING: Failed to find /usr/local/jmodelica/include/jmi.h
     [exec]     which is part of JModelica.
     [exec]     Ptolemy optionally includes one or more FMUs that use JModelica.
     [exec]     To install JModelica, see https://svn.jmodelica.org/trunk/INSTALL
     [exec] JMFTest.java:28: error: package javax.media does not exist
     [exec] import javax.media.CaptureDeviceInfo;
     [exec]                   ^
     [exec] 1 error
     [exec] Exception in thread "main" java.lang.RuntimeException: Could not load opencv_java320.
     [exec]     java.library.path = /home/travis/build/icyphy/ptII/lib:/home/travis/build/icyphy/ptII/lib:/home/travis/pthla/certi-tools/lib:/home/travis/pthla/certi-tools/lib:/usr/lib/jni:/usr/local/share/OpenCV/java/:/usr/share/OpenCV/java::/usr/java/packages/lib/amd64:/usr/lib64:/lib64:/lib:/usr/lib
     [exec] 	at OpenCVTest.main(OpenCVTest.java:75)
     [exec] Caused by: java.lang.UnsatisfiedLinkError: no opencv_java320 in java.library.path
     [exec] 	at java.lang.ClassLoader.loadLibrary(ClassLoader.java:1867)
     [exec] 	at java.lang.Runtime.loadLibrary0(Runtime.java:870)
     [exec] 	at java.lang.System.loadLibrary(System.java:1122)
     [exec] 	at OpenCVTest.main(OpenCVTest.java:52)
     [exec] configure: WARNING: Failed to run OpenCV test program in /home/travis/build/icyphy/ptII/config with
     [exec]     /usr/lib/jvm/java-8-oracle/bin/java -classpath /home/travis/build/icyphy/ptII/lib/opencv-320.jar:. OpenCVTest
     [exec]     so we will try other jars.
     [exec] libdc1394 error: Failed to initialize libdc1394
     [exec] configure: WARNING: Could not find directory
     [exec]     '/home/travis/build/icyphy/ptII/vendors/sun/javacc-5.0'
     [exec]     so we search for the jjtree command.
     [exec] configure: WARNING: Failed to find jjtree
     [exec] configure: WARNING: Failed to find javacc, perhaps JavaCC is not installed?
     [exec]     You need not download JavaCC unless you plan on modifying .jjt files
     [exec]     in ptolemy/data/expr.
     [exec]     JavaCC is available from
     [exec]     http://javacc.dev.java.net/
     [exec] 
     [exec]     Note that the zip file that gets downloaded is actually an installer
     [exec]     that must be run to install the JavaCC.zip file that contains the classes.
     [exec] 
     [exec]     Note that JavaCC-4.1 and 4.2 will not work, there are problems with
     [exec]     ReInit() being static or not static.
     [exec] 
     [exec]     JavaCC-6.0 seems to not include the jjtree and javacc scripts, so
     [exec]     we recommend JavaCC-5.0.
     [exec] 
     [exec]     Try:
     [exec]     cd /home/travis/build/icyphy/ptII/vendors/sun
     [exec]     wget https://java.net/projects/javacc/downloads/download/javacc-5.0.tar.gz
     [exec]     tar -zxf javacc-5.0.tar.gz
     [exec]     cd /home/travis/build/icyphy/ptII
     [exec]     ./configure
     [exec] 
     [exec]     Configure looks for JavaCC in /home/travis/build/icyphy/ptII/vendors/sun/javacc-5.0
     [exec]     so either install JavaCC in that location or use the --with-javacc= flag
     [exec]     and then rerun configure.'
     [exec] ls: cannot access /home/travis/build/icyphy/ptII/vendors/j3d/*/lib/ext: No such file or directory
     [exec] configure: WARNING: Failed to find matlab executable in the path.
     [exec]     Perhaps Matlab is not installed?
     [exec]     If Matlab is not present, then the Ptolemy II/Matlab interface in
     [exec]     $PTII/ptolemy/matlab will not be usable.
     [exec] configure: WARNING: Failed to find omc, the OpenModelicaCompiler.
     [exec]     Rebuilding the OpenModelica fmus will not be possible.
     [exec]     Running the OpenModelica models will not be possible.
     [exec]     This is only a concern if you are interested in OpenModelica
     [exec] configure: WARNING: Failed to find PowerMock.
     [exec]     Perhaps PowerMock was not installed?
     [exec]     You need not download these packages if you would like
     [exec]     to run the tests.  To install PowerMock, go to
     [exec]     http://code.google.com/p/powermock/ and download
     [exec]     http://powermock.googlecode.com/files/powermock-easymock-junit-1.3.8.zip
     [exec]     (which contains PowerMock for EasyMock and JUnit) and unzip it in
     [exec]     /home/travis/build/icyphy/ptII/vendors/misc so that
     [exec]     /home/travis/build/icyphy/ptII/vendors/misc/powermock-easymock-junit-1.3.8 is created,
     [exec]     then rerun configure.
     [exec]     Other versions of PowerMock _may_ work, but are untested.
     [exec] configure: WARNING: Failed to find the scalac binary,
     [exec]     so org/ptolemy/scala will be excluded
     [exec] configure: WARNING: ojdbc5.jar not found,
     [exec]     but only necessary to use database actors with Oracle.
     [exec] configure: WARNING: Failed to find Batik Jar file
     [exec]     You need only have Batik if you are planning on rebuilding diva.jar
     [exec]     for use with Kepler.
     [exec]     Batik can be downloaded from http://xmlgraphics.apache.org/batik/
     [exec] configure: WARNING: $TOSROOT is not set.  It must be set to use PtinyOS.
     [exec] configure: WARNING: $TOSROOT is set to '',
     [exec]      but there is no directory by that name, so we will not set up for PtinyOS.
     [exec]      For details, see /home/travis/build/icyphy/ptII/ptolemy/domains/ptinyos/README.txt.
     [exec] configure: WARNING: Failed to find giotto/gdk.jar
     [exec]     perhaps Giotto is not installed?
     [exec]     You need not download Giotto unless you plan on generating code for
     [exec]     Giotto models.
     [exec]     The Giotto SDK can be
     [exec]     downloaded from https://embedded.eecs.berkeley.edu/giotto/
     [exec]     Copy gdk.jar to /home/travis/build/icyphy/ptII/vendors/giotto, for example:
     [exec]         mkdir -p /home/travis/build/icyphy/ptII/vendors/giotto
     [exec]         cp C:/Program\ Files/Giotto*/gdk.jar /home/travis/build/icyphy/ptII/vendors/giotto/
     [exec] configure: WARNING: Failed to find boost/numeric/odeint.hpp, so FMI ++
     [exec]     will not be compiled. FMI++ is an extension of the
     [exec]     Functional Mockup Interface, see
     [exec]     http://sourceforge.net/p/fmipp/wiki/Home/
     [exec] Untaring /home/travis/build/icyphy/ptII/vendors/installer/MacJVM.tar.gz in /home/travis/build/icyphy/ptII/ now: Sat Apr 14 21:45:59 UTC 2018
     [exec] touch CapeCode.app
     [exec] ./makeapp Vergil.app FULL -full
     [exec] Updating universalJavaApplicationStub from /home/travis/build/icyphy/ptII/vendors/universalJavaApplicationStub/src/universalJavaApplicationStub
     [exec] Untaring /home/travis/build/icyphy/ptII/vendors/installer/MacJVM.tar.gz in /home/travis/build/icyphy/ptII/ now: Sat Apr 14 21:46:02 UTC 2018
     [exec] touch Vergil.app
     [exec] chmod a+x ant cyphysim hyvisual startjini mkjnlp mkl4j mkosgi mkptdemo mkptlivelinkdemo mkpttest node npm ptjunit ptIITravisBuild.sh reloadAllAccessors updateFmu viptos 

build:

build-lbnl-not:

build-lbnl:
     [echo] 
     [echo]         Running make in $PTII/lbnl, which creates executables like cclient.
     [echo] 	Typically, this is run after build-project so that the .class files are created.
     [echo]       
     [exec] making all in lbnl/lib
     [exec] make[1]: Entering directory `/home/travis/build/icyphy/ptII/lbnl/lib'
     [exec] making all in lbnl/lib/util
     [exec] make[2]: Entering directory `/home/travis/build/icyphy/ptII/lbnl/lib/util'
     [exec] EXTRA_LIBRARIES=-lexpat; \
     [exec] 	case `uname -s` in \
     [exec] 		Darwin) \
     [exec] 		INSTALL_NAME="-install_name @rpath/libbcvtb.so"; \
     [exec] 		echo "Setting INSTALL_NAME to $INSTALL_NAME because Darwin requires it for shared libraries."; \
     [exec] 		;; \
     [exec] 		Cygwin*) \
     [exec] 		 EXTRA_LIBRARIES="-lws2_32 -lexpat -lws2_32"; \
     [exec] 	       ;; \
     [exec] 	esac; \
     [exec] 	echo "EXTRA_LIBRARIES=$EXTRA_LIBRARIES"; \
     [exec] 	"/usr/bin/gcc" -shared -shared \
     [exec] 		-g \
     [exec] 		 \
     [exec] 		-fPIC \
     [exec] 		$INSTALL_NAME \
     [exec] 		-o libbcvtb.so \
     [exec] 		-I.. -I /usr/include \
     [exec] 		utilSocket.c utilXml.c  \
     [exec] 		-L/usr/lib/x86_64-linux-gnu $EXTRA_LIBRARIES 
     [exec] EXTRA_LIBRARIES=-lexpat
     [exec] makefile:159: warning: overriding commands for target `lbnlutil.jar'
     [exec] ../../../mk/ptcommon.mk:352: warning: ignoring old commands for target `lbnlutil.jar'
     [exec] utilSocket.c: In function ‘getsocketportnumber’:
     [exec] utilSocket.c:423:3: warning: passing argument 1 of ‘getxmlvalue’ discards ‘const’ qualifier from pointer target type [enabled by default]
     [exec]    if (0 == getxmlvalue(docname, xPat, res, &i, BUFFER_LENGTH))
     [exec]    ^
     [exec] In file included from utilSocket.c:110:0:
     [exec] utilXml.h:344:5: note: expected ‘char * const’ but argument is of type ‘const char * const’
     [exec]  int getxmlvalue(char* const fileName,
     [exec]      ^
     [exec] utilSocket.c: In function ‘getsockethost’:
     [exec] utilSocket.c:454:3: warning: passing argument 1 of ‘getxmlvalue’ discards ‘const’ qualifier from pointer target type [enabled by default]
     [exec]    int r = getxmlvalue(docname, xPat, hostname, &i, BUFFER_LENGTH);
     [exec]    ^
     [exec] In file included from utilSocket.c:110:0:
     [exec] utilXml.h:344:5: note: expected ‘char * const’ but argument is of type ‘const char * const’
     [exec]  int getxmlvalue(char* const fileName,
     [exec]      ^
     [exec] if [ "so" != "so.*" -a "so.*" != "" ]; then \
     [exec] 		if [ "so.*" != "so.*" ]; then \
     [exec] 		    echo "Creating libbcvtb.so.*"; \
     [exec] 		    cp libbcvtb.so libbcvtb.so.*; \
     [exec] 	        fi; \
     [exec] 		if [ "so" != "so" ]; then \
     [exec] 		    echo "Creating libbcvtb.libbcvtb.so"; \
     [exec] 		    cp libbcvtb.so libbcvtb.so; \
     [exec]                 fi; \
     [exec] 	fi
     [exec] make[2]: Leaving directory `/home/travis/build/icyphy/ptII/lbnl/lib/util'
     [exec] making all in lbnl/lib/xml
     [exec] make[2]: Entering directory `/home/travis/build/icyphy/ptII/lbnl/lib/xml'
     [exec] making all in lbnl/lib/xml/build
     [exec] make[3]: Entering directory `/home/travis/build/icyphy/ptII/lbnl/lib/xml/build'
     [exec] making all in lbnl/lib/xml/build/jar
     [exec] make[4]: Entering directory `/home/travis/build/icyphy/ptII/lbnl/lib/xml/build/jar'
     [exec] To update DTDValidator.jar, run cd /home/travis/build/icyphy/ptII/lbnl/lib/xml/src; make update jar
     [exec] make[4]: Leaving directory `/home/travis/build/icyphy/ptII/lbnl/lib/xml/build/jar'
     [exec] make[3]: Leaving directory `/home/travis/build/icyphy/ptII/lbnl/lib/xml/build'
     [exec] make[2]: Leaving directory `/home/travis/build/icyphy/ptII/lbnl/lib/xml'
     [exec] make[1]: Leaving directory `/home/travis/build/icyphy/ptII/lbnl/lib'
     [exec] making all in lbnl/util
     [exec] make[1]: Entering directory `/home/travis/build/icyphy/ptII/lbnl/util'
     [exec] make[1]: Leaving directory `/home/travis/build/icyphy/ptII/lbnl/util'
     [exec] making all in lbnl/actor
     [exec] make[1]: Entering directory `/home/travis/build/icyphy/ptII/lbnl/actor'
     [exec] making jclass in lbnl/actor/lib
     [exec] make[2]: Entering directory `/home/travis/build/icyphy/ptII/lbnl/actor/lib'
     [exec] making jclass in lbnl/actor/lib/net
     [exec] make[3]: Entering directory `/home/travis/build/icyphy/ptII/lbnl/actor/lib/net'
     [exec] make[3]: Leaving directory `/home/travis/build/icyphy/ptII/lbnl/actor/lib/net'
     [exec] making jclass in lbnl/actor/lib/test
     [exec] make[3]: Entering directory `/home/travis/build/icyphy/ptII/lbnl/actor/lib/test'
     [exec] make[3]: Leaving directory `/home/travis/build/icyphy/ptII/lbnl/actor/lib/test'
     [exec] make[2]: Leaving directory `/home/travis/build/icyphy/ptII/lbnl/actor/lib'
     [exec] make[1]: Leaving directory `/home/travis/build/icyphy/ptII/lbnl/actor'
     [exec] making all in lbnl/demo
     [exec] make[1]: Entering directory `/home/travis/build/icyphy/ptII/lbnl/demo'
     [exec] making all in lbnl/demo/CRoom
     [exec] make[2]: Entering directory `/home/travis/build/icyphy/ptII/lbnl/demo/CRoom'
     [exec] if [ `uname -s` = "Darwin" ]; then \
     [exec] 		RPATH=-Wl,-rpath,/home/travis/build/icyphy/ptII/lbnl/lib/util; \
     [exec] 		echo "Set RPATH to $RPATH for use under Darwin."; \
     [exec] 	fi; \
     [exec] 	/usr/bin/gcc -g -o cclient -I../../lib -I../../lib/util cclient.c $RPATH -L/home/travis/build/icyphy/ptII/lbnl/lib/util -lbcvtb
     [exec] To run all the demos, run 'make demo'
     [exec] make[2]: Leaving directory `/home/travis/build/icyphy/ptII/lbnl/demo/CRoom'
     [exec] making all in lbnl/demo/MatlabRoom
     [exec] make[2]: Entering directory `/home/travis/build/icyphy/ptII/lbnl/demo/MatlabRoom'
     [exec] To run all the demos, run 'make demo'
     [exec] make[2]: Leaving directory `/home/travis/build/icyphy/ptII/lbnl/demo/MatlabRoom'
     [exec] making all in lbnl/demo/SystemCommand
     [exec] make[2]: Entering directory `/home/travis/build/icyphy/ptII/lbnl/demo/SystemCommand'
     [exec] To run all the demos, run 'make demo'
     [exec] make[2]: Leaving directory `/home/travis/build/icyphy/ptII/lbnl/demo/SystemCommand'
     [exec] make[1]: Leaving directory `/home/travis/build/icyphy/ptII/lbnl/demo'
     [exec] making all in lbnl/test
     [exec] make[1]: Entering directory `/home/travis/build/icyphy/ptII/lbnl/test'
     [exec] Running (cd ../demo/CRoom; make
     [exec] make[2]: Entering directory `/home/travis/build/icyphy/ptII/lbnl/demo/CRoom'
     [exec] To run all the demos, run 'make demo'
     [exec] make[2]: Leaving directory `/home/travis/build/icyphy/ptII/lbnl/demo/CRoom'
     [exec] make[1]: Leaving directory `/home/travis/build/icyphy/ptII/lbnl/test'

build-all:

build-message:
     [echo] Use ant -p to see other targets. JAVA_HOME=/usr/lib/jvm/java-8-oracle
     [echo] tools.jar is necessary for compilation of doc/doclets/.
     [echo] If compilation fails, try setting JAVA_HOME to the location of the JDK.
     [echo] For example:
     [echo]   [bldmastr@sisyphus ptII]$ which java
     [echo]   /usr/bin/java
     [echo]   [bldmastr@sisyphus ptII]$ ls -l /usr/bin/java
     [echo]   lrwxrwxrwx 1 root root 26 Jul 31 10:12 /usr/bin/java -> /usr/java/default/bin/java
     [echo]   [bldmastr@sisyphus ptII]$ export JAVA_HOME=/usr/java/default
     [echo]     

-build-subprojects-empty:

-check-maven-ant-task:

build-websensor:

build-subprojects:

-check-node:

-check-node-works:
     [exec] v7.10.1

-check-npm:

-check-npm-works:
     [exec] 4.2.0

-check-if-npmjs-org-is-up:
     [echo] Check to see if https://www.npmjs.org is up.

-jsdoc-no-network-message:

-check-jsdoc:

jsdoc-install:

jsdoc-update:

-ptdoc-no-node:

-ptdoc-no-npm:

ptdoc:
     [echo] 
     [echo]       If the ptdoc target fails, then try running:
     [echo]           ant build-project build-bin
     [echo]     

-check-node:

-check-node-works:
     [exec] v7.10.1

-check-npm:

-check-npm-works:
     [exec] 4.2.0

-check-if-npmjs-org-is-up:
     [echo] Check to see if https://www.npmjs.org is up.

-jsdoc-no-network-message:

-check-jsdoc:
     [echo] To stop CapeCode from invoking jsdoc and svn, set the PT_NO_NET environment variable.  
     [echo]     Under BASH:
     [echo]         export PT_NO_NET=true
     [echo]     If ptdoc fails, and you are building from $PTII, try:
     [echo]         ant build-project build-bin
     [echo]     

jsdoc-install:

jsdoc-update:

-ptdoc-no-node-message:

-ptdoc-no-npm-message:

-check-jsdoc-again:

-jsdoc-command-message:

ptdoc:
     [echo] Invoke /home/travis/build/icyphy/ptII/org/terraswarm/accessor/accessors/web/../node_modules/@terraswarm/jsdoc/jsdoc.js to read *.js files and generate *PtDoc.xml files suitable for Ptolemy.
     [echo]     See https://chess.eecs.berkeley.edu/ptexternal/wiki/Main/JSDocSystems
     [echo]     See jsdoc/jsdoc.json
     [echo]     See jsdoc/plugins/accessorJSDocTags.js
     [echo]     See jsdoc/templates/ptdoc/publish.js
     [echo] 
     [echo]     If the ptdoc target fails, the there is likely a problem with node or npm.  It is possible
     [echo]     to use CapeCode even if the ptdoc target fails.
     [echo]     
     [echo]     If you are building from $PTII, try:
     [echo]         ant build-project build-bin
     [echo] 
     [echo]     
     [exec] Generating output files...
     [exec] Finished running in 6.13 seconds.

build-project:
     [echo] ptII: /home/travis/build/icyphy/ptII/build.xml

-check-ptII-mk-file:

-check-bin-vergil:

-check-make-bin-vergil:

build-bin-not:

build-not-bin-vergil:

build-bin:
     [exec] rm -f ".momllib-util.bat"
     [exec] ./makebat -q "`basename .momllib-util.bat .bat`"
     [exec] rm -f ".nc2moml-util.bat"
     [exec] ./makebat -q "`basename .nc2moml-util.bat .bat`"
     [exec] rm -f ".ncapp2moml-util.bat"
     [exec] ./makebat -q "`basename .ncapp2moml-util.bat .bat`"
     [exec] rm -f "capecode.bat"
     [exec] ./makebat -q "`basename capecode.bat .bat`"
     [exec] rm -f "convertToLazy.bat"
     [exec] ./makebat -q "`basename convertToLazy.bat .bat`"
     [exec] rm -f "copernicus.bat"
     [exec] ./makebat -q "`basename copernicus.bat .bat`"
     [exec] rm -f "decompile.bat"
     [exec] ./makebat -q "`basename decompile.bat .bat`"
     [exec] rm -f "emachine.bat"
     [exec] ./makebat -q "`basename emachine.bat .bat`"
     [exec] rm -f "giottoc.bat"
     [exec] ./makebat -q "`basename giottoc.bat .bat`"
     [exec] rm -f "histogram.bat"
     [exec] ./makebat -q "`basename histogram.bat .bat`"
     [exec] rm -f "homer.bat"
     [exec] ./makebat -q "`basename homer.bat .bat`"
     [exec] rm -f "jode.bat"
     [exec] ./makebat -q "`basename jode.bat .bat`"
     [exec] rm -f "mescal.bat"
     [exec] ./makebat -q "`basename mescal.bat .bat`"
     [exec] LD_LIBRARY_PATH = /home/travis/build/icyphy/ptII/mescal/lib:/home/travis/build/icyphy/ptII/mescal/bin:/usr/local/lib:/home/travis/build/icyphy/ptII/lib:/home/travis/pthla/certi-tools/lib:/home/travis/pthla/certi-tools/lib:/usr/lib/jni:/usr/local/share/OpenCV/java/:/usr/share/OpenCV/java:
     [exec] rm -f "moml.bat"
     [exec] ./makebat -q "`basename moml.bat .bat`"
     [exec] rm -f "obfuscate.bat"
     [exec] ./makebat -q "`basename obfuscate.bat .bat`"
     [exec] rm -f "ptcg.bat"
     [exec] ./makebat -q "`basename ptcg.bat .bat`"
     [exec] rm -f "ptcodegen.bat"
     [exec] ./makebat -q "`basename ptcodegen.bat .bat`"
     [exec] rm -f "ptexecute.bat"
     [exec] ./makebat -q "`basename ptexecute.bat .bat`"
     [exec] rm -f "ptjacl.bat"
     [exec] ./makebat -q "`basename ptjacl.bat .bat`"
     [exec] rm -f "ptjaclapp.bat"
     [exec] ./makebat -q "`basename ptjaclapp.bat .bat`"
     [exec] rm -f "ptplot.bat"
     [exec] ./makebat -q "`basename ptplot.bat .bat`"
     [exec] rm -f "ptstartjini.bat"
     [exec] ./makebat -q "`basename ptstartjini.bat .bat`"
     [exec] rm -f "ptolemy.bat"
     [exec] ./makebat -q "`basename ptolemy.bat .bat`"
     [exec] rm -f "ptweb.bat"
     [exec] ./makebat -q "`basename ptweb.bat .bat`"
     [exec] rm -f "pxgraph.bat"
     [exec] ./makebat -q "`basename pxgraph.bat .bat`"
     [exec] rm -f "soot.bat"
     [exec] ./makebat -q "`basename soot.bat .bat`"
     [exec] rm -f "tinicomm.bat"
     [exec] ./makebat -q "`basename tinicomm.bat .bat`"
     [exec] rm -f "tinic.bat"
     [exec] ./makebat -q "`basename tinic.bat .bat`"
     [exec] rm -f "tiniconverter.bat"
     [exec] ./makebat -q "`basename tiniconverter.bat .bat`"
     [exec] rm -f "startjini.gui.bat"
     [exec] ./makebat -q "`basename startjini.gui.bat .bat`"
     [exec] rm -f "vergil.bat"
     [exec] ./makebat -q "`basename vergil.bat .bat`"
     [exec] chmod a+x ant cyphysim hyvisual startjini mkjnlp mkl4j mkosgi mkptdemo mkptlivelinkdemo mkpttest node npm ptjunit ptIITravisBuild.sh reloadAllAccessors updateFmu viptos 

build:

initReports:
    [mkdir] Created dir: /home/travis/build/icyphy/ptII/reports/doccheck
    [mkdir] Created dir: /home/travis/build/icyphy/ptII/reports/ojdcheck

test.report.short:
     [echo] 
     [echo]      ==test.report.short==
     [echo]      This target runs test specified by a file name and generates 
     [echo]      xml output in /home/travis/build/icyphy/ptII/reports/junit.
     [echo] 
     [echo]      The default is to run all the fairly short-running tests.
     [echo]      On a fast machine, these tests take around 30 minutes.
     [echo] 
     [echo]      To run different tests, use -Dtest.batch, for example:
     [echo]         ant test.short -Dtest.batch=ptolemy/domains/continuous/**/junit/*.java
     [echo] 
     [echo]       test - builds and runs test.short, test.long and test.longest
     [echo]       test.32bit - runs the 32-bit JVM tests in auto32/
     [echo]       test.long - runs tests that are fairly long (called by the test target)
     [echo]       test.longest - runs tests that are longest (called by the test target)
     [echo]       test.report.all - runs batch of tests specified by a path with wildcards (output=files)
     [echo]       test.report.short - runs tests that are fairly fast, generates JUnit xml
     [echo]       test.short - runs tests that are fairly fast (~30 min., called by the test target)
     [echo] 
     [echo]       test.single target runs single test specified by its class name (output=stdout)
     [echo] 
     [echo]       test.batch = **/junit/*.java
     [echo]       timeout.long = 4000000
     [echo]    
    [junit] javachdir: directory = diva/util/java2d/test
    [junit] javachdir: pwd: /home/travis/build/icyphy/ptII/diva/util/java2d/test  Invoking with -Djava.net.preferIPv4Stack=true
    [junit] Running diva.util.java2d.test.junit.Polygon2DJUnitTest
    [junit] Tests run: 10, Failures: 0, Errors: 0, Skipped: 0, Time elapsed: 0.136 sec
    [junit] javachdir: directory = doc/books/embedded/concurrent/test
    [junit] javachdir: pwd: /home/travis/build/icyphy/ptII/doc/books/embedded/concurrent/test  Invoking with -Djava.net.preferIPv4Stack=true
    [junit] Running doc.books.embedded.concurrent.test.junit.JUnitTclTest
    [junit] No tcl tests in /home/travis/build/icyphy/ptII/doc/books/embedded/concurrent/test
    [junit] No auto/knownFailedTests/*.xml tests in /home/travis/build/icyphy/ptII/doc/books/embedded/concurrent/test
    [junit] No auto/*.xml tests in /home/travis/build/icyphy/ptII/doc/books/embedded/concurrent/test
    [junit] AutoTests.java: About to close Vertx.
    [junit] AutoTests.java: Vertx closed.
    [junit] ----------------- testing Sat Apr 14 21:46:18 UTC 2018 /home/travis/build/icyphy/ptII/doc/books/embedded/concurrent/test/auto/TrafficLight.xml
    [junit] 60 ms. Memory: 116224K Free: 105420K (91%)
    [junit] reloadAllAccessors: .TrafficLight
    [junit] AutoTests.java: About to close Vertx.
    [junit] AutoTests.java: Vertx closed.
    [junit] Tests run: 4, Failures: 0, Errors: 0, Skipped: 0, Time elapsed: 1.049 sec
    [junit] Output:
    [junit] No tcl tests in /home/travis/build/icyphy/ptII/doc/books/embedded/concurrent/test
    [junit] No auto/knownFailedTests/*.xml tests in /home/travis/build/icyphy/ptII/doc/books/embedded/concurrent/test
    [junit] No auto/*.xml tests in /home/travis/build/icyphy/ptII/doc/books/embedded/concurrent/test
    [junit] AutoTests.java: About to close Vertx.
    [junit] AutoTests.java: Vertx closed.
    [junit] ----------------- testing Sat Apr 14 21:46:18 UTC 2018 /home/travis/build/icyphy/ptII/doc/books/embedded/concurrent/test/auto/TrafficLight.xml
    [junit] 60 ms. Memory: 116224K Free: 105420K (91%)
    [junit] reloadAllAccessors: .TrafficLight
    [junit] AutoTests.java: About to close Vertx.
    [junit] AutoTests.java: Vertx closed.
    [junit] 
    [junit] javachdir: directory = doc/books/systems/architecture/test
    [junit] javachdir: pwd: /home/travis/build/icyphy/ptII/doc/books/systems/architecture/test  Invoking with -Djava.net.preferIPv4Stack=true
    [junit] Running doc.books.systems.architecture.test.junit.JUnitTclTest
    [junit] No tcl tests in /home/travis/build/icyphy/ptII/doc/books/systems/architecture/test
    [junit] No auto/knownFailedTests/*.xml tests in /home/travis/build/icyphy/ptII/doc/books/systems/architecture/test
    [junit] No auto/*.xml tests in /home/travis/build/icyphy/ptII/doc/books/systems/architecture/test
    [junit] AutoTests.java: About to close Vertx.
    [junit] AutoTests.java: Vertx closed.
    [junit] ----------------- testing Sat Apr 14 21:46:20 UTC 2018 /home/travis/build/icyphy/ptII/doc/books/systems/architecture/test/auto/Count.xml
    [junit] 28 ms. Memory: 116224K Free: 90167K (78%)
    [junit] reloadAllAccessors: .Count
    [junit] AutoTests.java: About to close Vertx.
    [junit] AutoTests.java: Vertx closed.
    [junit] Tests run: 4, Failures: 0, Errors: 0, Skipped: 0, Time elapsed: 0.801 sec
    [junit] Output:
    [junit] No tcl tests in /home/travis/build/icyphy/ptII/doc/books/systems/architecture/test
    [junit] No auto/knownFailedTests/*.xml tests in /home/travis/build/icyphy/ptII/doc/books/systems/architecture/test
    [junit] No auto/*.xml tests in /home/travis/build/icyphy/ptII/doc/books/systems/architecture/test
    [junit] AutoTests.java: About to close Vertx.
    [junit] AutoTests.java: Vertx closed.
    [junit] ----------------- testing Sat Apr 14 21:46:20 UTC 2018 /home/travis/build/icyphy/ptII/doc/books/systems/architecture/test/auto/Count.xml
    [junit] 28 ms. Memory: 116224K Free: 90167K (78%)
    [junit] reloadAllAccessors: .Count
    [junit] AutoTests.java: About to close Vertx.
    [junit] AutoTests.java: Vertx closed.
    [junit] 
    [junit] javachdir: directory = doc/books/systems/continuous/test
    [junit] javachdir: pwd: /home/travis/build/icyphy/ptII/doc/books/systems/continuous/test  Invoking with -Djava.net.preferIPv4Stack=true
    [junit] Running doc.books.systems.continuous.test.junit.JUnitTclTest
    [junit] No tcl tests in /home/travis/build/icyphy/ptII/doc/books/systems/continuous/test
    [junit] No auto/knownFailedTests/*.xml tests in /home/travis/build/icyphy/ptII/doc/books/systems/continuous/test
    [junit] No auto/*.xml tests in /home/travis/build/icyphy/ptII/doc/books/systems/continuous/test
    [junit] AutoTests.java: About to close Vertx.
    [junit] AutoTests.java: Vertx closed.
    [junit] ----------------- testing Sat Apr 14 21:46:21 UTC 2018 /home/travis/build/icyphy/ptII/doc/books/systems/continuous/test/auto/BouncingBall.xml
    [junit] 2826 ms. Memory: 331776K Free: 277477K (84%)
    [junit] reloadAllAccessors: .BouncingBall
    [junit] ----------------- testing Sat Apr 14 21:46:24 UTC 2018 /home/travis/build/icyphy/ptII/doc/books/systems/continuous/test/auto/ContinuousInsideDE.xml
    [junit] 95 ms. Memory: 331776K Free: 257240K (78%)
    [junit] reloadAllAccessors: .ContinuousInsideDE
    [junit] ----------------- testing Sat Apr 14 21:46:24 UTC 2018 /home/travis/build/icyphy/ptII/doc/books/systems/continuous/test/auto/ContinuousTransferFunction.xml
    [junit] 389 ms. Memory: 331776K Free: 217870K (66%)
    [junit] reloadAllAccessors: .ContinuousTransferFunction
    [junit] ----------------- testing Sat Apr 14 21:46:25 UTC 2018 /home/travis/build/icyphy/ptII/doc/books/systems/continuous/test/auto/ContinuousTransferFunctionEquiv.xml
    [junit] 205 ms. Memory: 331776K Free: 195750K (59%)
    [junit] reloadAllAccessors: .ContinuousTransferFunctionEquiv
    [junit] ----------------- testing Sat Apr 14 21:46:25 UTC 2018 /home/travis/build/icyphy/ptII/doc/books/systems/continuous/test/auto/FixedPointNoLimitation.xml
    [junit] 231 ms. Memory: 331776K Free: 173615K (52%)
    [junit] reloadAllAccessors: .FixedPointNoLimitation
    [junit] ----------------- testing Sat Apr 14 21:46:26 UTC 2018 /home/travis/build/icyphy/ptII/doc/books/systems/continuous/test/auto/ImpulseResponse.xml
    [junit] 118 ms. Memory: 331776K Free: 161327K (49%)
    [junit] reloadAllAccessors: .ImpulseResponse
    [junit] ----------------- testing Sat Apr 14 21:46:26 UTC 2018 /home/travis/build/icyphy/ptII/doc/books/systems/continuous/test/auto/IntegratorInitialState.xml
    [junit] 13 ms. Memory: 331776K Free: 153938K (46%)
    [junit] reloadAllAccessors: .IntegratorInitialState
    [junit] ----------------- testing Sat Apr 14 21:46:26 UTC 2018 /home/travis/build/icyphy/ptII/doc/books/systems/continuous/test/auto/LevelCrossingDetectorFeedback.xml
    [junit] 24 ms. Memory: 331776K Free: 146558K (44%)
    [junit] reloadAllAccessors: .LevelCrossingDetectorFeedback
    [junit] ----------------- testing Sat Apr 14 21:46:26 UTC 2018 /home/travis/build/icyphy/ptII/doc/books/systems/continuous/test/auto/Lorenz.xml
    [junit] 5207 ms. Memory: 579072K Free: 280284K (48%)
    [junit] reloadAllAccessors: .Lorenz
    [junit] ----------------- testing Sat Apr 14 21:46:31 UTC 2018 /home/travis/build/icyphy/ptII/doc/books/systems/continuous/test/auto/NotPiecewiseContinuous.xml
    [junit] 30 ms. Memory: 579072K Free: 262307K (45%)
    [junit] reloadAllAccessors: .NotPiecewiseContinuous
    [junit] ----------------- testing Sat Apr 14 21:46:31 UTC 2018 /home/travis/build/icyphy/ptII/doc/books/systems/continuous/test/auto/PeriodicSamplerIntegrator.xml
    [junit] 12 ms. Memory: 579072K Free: 252476K (44%)
    [junit] reloadAllAccessors: .PeriodicSamplerIntegrator
    [junit] ----------------- testing Sat Apr 14 21:46:31 UTC 2018 /home/travis/build/icyphy/ptII/doc/books/systems/continuous/test/auto/PiecewiseContinuous.xml
    [junit] 18 ms. Memory: 579072K Free: 237715K (41%)
    [junit] reloadAllAccessors: .PiecewiseContinuous
    [junit] ----------------- testing Sat Apr 14 21:46:31 UTC 2018 /home/travis/build/icyphy/ptII/doc/books/systems/continuous/test/auto/TestTrigger.xml
    [junit] 8 ms. Memory: 579072K Free: 222953K (39%)
    [junit] reloadAllAccessors: .TestTrigger
    [junit] AutoTests.java: About to close Vertx.
    [junit] AutoTests.java: Vertx closed.
    [junit] Tests run: 16, Failures: 0, Errors: 0, Skipped: 0, Time elapsed: 11.157 sec
    [junit] Output:
    [junit] No tcl tests in /home/travis/build/icyphy/ptII/doc/books/systems/continuous/test
    [junit] No auto/knownFailedTests/*.xml tests in /home/travis/build/icyphy/ptII/doc/books/systems/continuous/test
    [junit] No auto/*.xml tests in /home/travis/build/icyphy/ptII/doc/books/systems/continuous/test
    [junit] AutoTests.java: About to close Vertx.
    [junit] AutoTests.java: Vertx closed.
    [junit] ----------------- testing Sat Apr 14 21:46:21 UTC 2018 /home/travis/build/icyphy/ptII/doc/books/systems/continuous/test/auto/BouncingBall.xml
    [junit] 2826 ms. Memory: 331776K Free: 277477K (84%)
    [junit] reloadAllAccessors: .BouncingBall
    [junit] ----------------- testing Sat Apr 14 21:46:24 UTC 2018 /home/travis/build/icyphy/ptII/doc/books/systems/continuous/test/auto/ContinuousInsideDE.xml
    [junit] 95 ms. Memory: 331776K Free: 257240K (78%)
    [junit] reloadAllAccessors: .ContinuousInsideDE
    [junit] ----------------- testing Sat Apr 14 21:46:24 UTC 2018 /home/travis/build/icyphy/ptII/doc/books/systems/continuous/test/auto/ContinuousTransferFunction.xml
    [junit] 389 ms. Memory: 331776K Free: 217870K (66%)
    [junit] reloadAllAccessors: .ContinuousTransferFunction
    [junit] ----------------- testing Sat Apr 14 21:46:25 UTC 2018 /home/travis/build/icyphy/ptII/doc/books/systems/continuous/test/auto/ContinuousTransferFunctionEquiv.xml
    [junit] 205 ms. Memory: 331776K Free: 195750K (59%)
    [junit] reloadAllAccessors: .ContinuousTransferFunctionEquiv
    [junit] ----------------- testing Sat Apr 14 21:46:25 UTC 2018 /home/travis/build/icyphy/ptII/doc/books/systems/continuous/test/auto/FixedPointNoLimitation.xml
    [junit] 231 ms. Memory: 331776K Free: 173615K (52%)
    [junit] reloadAllAccessors: .FixedPointNoLimitation
    [junit] ----------------- testing Sat Apr 14 21:46:26 UTC 2018 /home/travis/build/icyphy/ptII/doc/books/systems/continuous/test/auto/ImpulseResponse.xml
    [junit] 118 ms. Memory: 331776K Free: 161327K (49%)
    [junit] reloadAllAccessors: .ImpulseResponse
    [junit] ----------------- testing Sat Apr 14 21:46:26 UTC 2018 /home/travis/build/icyphy/ptII/doc/books/systems/continuous/test/auto/IntegratorInitialState.xml
    [junit] 13 ms. Memory: 331776K Free: 153938K (46%)
    [junit] reloadAllAccessors: .IntegratorInitialState
    [junit] ----------------- testing Sat Apr 14 21:46:26 UTC 2018 /home/travis/build/icyphy/ptII/doc/books/systems/continuous/test/auto/LevelCrossingDetectorFeedback.xml
    [junit] 24 ms. Memory: 331776K Free: 146558K (44%)
    [junit] reloadAllAccessors: .LevelCrossingDetectorFeedback
    [junit] ----------------- testing Sat Apr 14 21:46:26 UTC 2018 /home/travis/build/icyphy/ptII/doc/books/systems/continuous/test/auto/Lorenz.xml
    [junit] 5207 ms. Memory: 579072K Free: 280284K (48%)
    [junit] reloadAllAccessors: .Lorenz
    [junit] ----------------- testing Sat Apr 14 21:46:31 UTC 2018 /home/travis/build/icyphy/ptII/doc/books/systems/continuous/test/auto/NotPiecewiseContinuous.xml
    [junit] 30 ms. Memory: 579072K Free: 262307K (45%)
    [junit] reloadAllAccessors: .NotPiecewiseContinuous
    [junit] ----------------- testing Sat Apr 14 21:46:31 UTC 2018 /home/travis/build/icyphy/ptII/doc/books/systems/continuous/test/auto/PeriodicSamplerIntegrator.xml
    [junit] 12 ms. Memory: 579072K Free: 252476K (44%)
    [junit] reloadAllAccessors: .PeriodicSamplerIntegrator
    [junit] ----------------- testing Sat Apr 14 21:46:31 UTC 2018 /home/travis/build/icyphy/ptII/doc/books/systems/continuous/test/auto/PiecewiseContinuous.xml
    [junit] 18 ms. Memory: 579072K Free: 237715K (41%)
    [junit] reloadAllAccessors: .PiecewiseContinuous
    [junit] ----------------- testing Sat Apr 14 21:46:31 UTC 2018 /home/travis/build/icyphy/ptII/doc/books/systems/continuous/test/auto/TestTrigger.xml
    [junit] 8 ms. Memory: 579072K Free: 222953K (39%)
    [junit] reloadAllAccessors: .TestTrigger
    [junit] AutoTests.java: About to close Vertx.
    [junit] AutoTests.java: Vertx closed.
    [junit] 
    [junit] javachdir: directory = doc/books/systems/dataflow/test
    [junit] javachdir: pwd: /home/travis/build/icyphy/ptII/doc/books/systems/dataflow/test  Invoking with -Djava.net.preferIPv4Stack=true
    [junit] Running doc.books.systems.dataflow.test.junit.JUnitTclTest
    [junit] No tcl tests in /home/travis/build/icyphy/ptII/doc/books/systems/dataflow/test
    [junit] No auto/knownFailedTests/*.xml tests in /home/travis/build/icyphy/ptII/doc/books/systems/dataflow/test
    [junit] No auto/*.xml tests in /home/travis/build/icyphy/ptII/doc/books/systems/dataflow/test
    [junit] AutoTests.java: About to close Vertx.
    [junit] AutoTests.java: Vertx closed.
    [junit] ----------------- testing Sat Apr 14 21:46:33 UTC 2018 /home/travis/build/icyphy/ptII/doc/books/systems/dataflow/test/auto/BetterFibonacci.xml
    [junit] 1387 ms. Memory: 208896K Free: 119344K (57%)
    [junit] reloadAllAccessors: .BetterFibonacci
    [junit] AutoTests.java: About to close Vertx.
    [junit] AutoTests.java: Vertx closed.
    [junit] Tests run: 4, Failures: 0, Errors: 0, Skipped: 0, Time elapsed: 2.215 sec
    [junit] Output:
    [junit] No tcl tests in /home/travis/build/icyphy/ptII/doc/books/systems/dataflow/test
    [junit] No auto/knownFailedTests/*.xml tests in /home/travis/build/icyphy/ptII/doc/books/systems/dataflow/test
    [junit] No auto/*.xml tests in /home/travis/build/icyphy/ptII/doc/books/systems/dataflow/test
    [junit] AutoTests.java: About to close Vertx.
    [junit] AutoTests.java: Vertx closed.
    [junit] ----------------- testing Sat Apr 14 21:46:33 UTC 2018 /home/travis/build/icyphy/ptII/doc/books/systems/dataflow/test/auto/BetterFibonacci.xml
    [junit] 1387 ms. Memory: 208896K Free: 119344K (57%)
    [junit] reloadAllAccessors: .BetterFibonacci
    [junit] AutoTests.java: About to close Vertx.
    [junit] AutoTests.java: Vertx closed.
    [junit] 
    [junit] javachdir: directory = doc/books/systems/discreteevents/test
    [junit] javachdir: pwd: /home/travis/build/icyphy/ptII/doc/books/systems/discreteevents/test  Invoking with -Djava.net.preferIPv4Stack=true
    [junit] Running doc.books.systems.discreteevents.test.junit.JUnitTclTest
    [junit] No tcl tests in /home/travis/build/icyphy/ptII/doc/books/systems/discreteevents/test
    [junit] No auto/knownFailedTests/*.xml tests in /home/travis/build/icyphy/ptII/doc/books/systems/discreteevents/test
    [junit] No auto/*.xml tests in /home/travis/build/icyphy/ptII/doc/books/systems/discreteevents/test
    [junit] AutoTests.java: About to close Vertx.
    [junit] AutoTests.java: Vertx closed.
    [junit] ----------------- testing Sat Apr 14 21:46:36 UTC 2018 /home/travis/build/icyphy/ptII/doc/books/systems/discreteevents/test/auto/DEExample.xml
    [junit] 94 ms. Memory: 116224K Free: 109304K (94%)
    [junit] reloadAllAccessors: .DEExample
    [junit] ----------------- testing Sat Apr 14 21:46:37 UTC 2018 /home/travis/build/icyphy/ptII/doc/books/systems/discreteevents/test/auto/FSMSource.xml
    [junit] 19 ms. Memory: 116224K Free: 101361K (87%)
    [junit] reloadAllAccessors: .FSMSource
    [junit] ----------------- testing Sat Apr 14 21:46:37 UTC 2018 /home/travis/build/icyphy/ptII/doc/books/systems/discreteevents/test/auto/FSMSource2.xml
    [junit] 17 ms. Memory: 116224K Free: 95096K (82%)
    [junit] reloadAllAccessors: .FSMSource2
    [junit] ----------------- testing Sat Apr 14 21:46:37 UTC 2018 /home/travis/build/icyphy/ptII/doc/books/systems/discreteevents/test/auto/Feedback.xml
    [junit] 14 ms. Memory: 116224K Free: 90183K (78%)
    [junit] reloadAllAccessors: .Feedback
    [junit] ----------------- testing Sat Apr 14 21:46:37 UTC 2018 /home/travis/build/icyphy/ptII/doc/books/systems/discreteevents/test/auto/InterarrivalTimes.xml
    [junit] 329 ms. Memory: 116224K Free: 81541K (70%)
    [junit] reloadAllAccessors: .InterarrivalTimes
    [junit] ----------------- testing Sat Apr 14 21:46:38 UTC 2018 /home/travis/build/icyphy/ptII/doc/books/systems/discreteevents/test/auto/InterarrivalTimes2.xml
    [junit] 77 ms. Memory: 116224K Free: 106726K (92%)
    [junit] reloadAllAccessors: .InterarrivalTimes2
    [junit] ----------------- testing Sat Apr 14 21:46:38 UTC 2018 /home/travis/build/icyphy/ptII/doc/books/systems/discreteevents/test/auto/InterarrivalTimes3.xml
    [junit] 99 ms. Memory: 116224K Free: 98611K (85%)
    [junit] reloadAllAccessors: .InterarrivalTimes3
    [junit] ----------------- testing Sat Apr 14 21:46:38 UTC 2018 /home/travis/build/icyphy/ptII/doc/books/systems/discreteevents/test/auto/Iteration.xml
    [junit] 15 ms. Memory: 116224K Free: 91219K (78%)
    [junit] reloadAllAccessors: .Iteration
    [junit] ----------------- testing Sat Apr 14 21:46:38 UTC 2018 /home/travis/build/icyphy/ptII/doc/books/systems/discreteevents/test/auto/MM1Queue.xml
    [junit] 19 ms. Memory: 116224K Free: 85298K (73%)
    [junit] reloadAllAccessors: .MM1Queue
    [junit] ----------------- testing Sat Apr 14 21:46:38 UTC 2018 /home/travis/build/icyphy/ptII/doc/books/systems/discreteevents/test/auto/ModelTimeVsRealTime.xml
    [junit] 3 ms. Memory: 146944K Free: 142279K (97%)
    [junit] reloadAllAccessors: .ModelTimeVsRealTime
    [junit] ----------------- testing Sat Apr 14 21:46:38 UTC 2018 /home/travis/build/icyphy/ptII/doc/books/systems/discreteevents/test/auto/OpenQueueingNetwork.xml
    [junit] 4968 ms. Memory: 332800K Free: 127788K (38%)
    [junit] reloadAllAccessors: .OpenQueueingNetwork
    [junit] ----------------- testing Sat Apr 14 21:46:44 UTC 2018 /home/travis/build/icyphy/ptII/doc/books/systems/discreteevents/test/auto/Priorities.xml
    [junit] 20 ms. Memory: 332800K Free: 116962K (35%)
    [junit] reloadAllAccessors: .Priorities
    [junit] ----------------- testing Sat Apr 14 21:46:44 UTC 2018 /home/travis/build/icyphy/ptII/doc/books/systems/discreteevents/test/auto/SDFWithinDE.xml
    [junit] 36 ms. Memory: 332800K Free: 109304K (33%)
    [junit] reloadAllAccessors: .SDFWithinDE
    [junit] ----------------- testing Sat Apr 14 21:46:44 UTC 2018 /home/travis/build/icyphy/ptII/doc/books/systems/discreteevents/test/auto/Wireless.xml
    [junit] 33 ms. Memory: 332800K Free: 94550K (28%)
    [junit] reloadAllAccessors: .Wireless
    [junit] ----------------- testing Sat Apr 14 21:46:44 UTC 2018 /home/travis/build/icyphy/ptII/doc/books/systems/discreteevents/test/auto/Zeno.xml
    [junit] 1106 ms. Memory: 316928K Free: 276672K (87%)
    [junit] reloadAllAccessors: .Zeno
    [junit] AutoTests.java: About to close Vertx.
    [junit] AutoTests.java: Vertx closed.
    [junit] Tests run: 18, Failures: 0, Errors: 0, Skipped: 0, Time elapsed: 9.68 sec
    [junit] Output:
    [junit] No tcl tests in /home/travis/build/icyphy/ptII/doc/books/systems/discreteevents/test
    [junit] No auto/knownFailedTests/*.xml tests in /home/travis/build/icyphy/ptII/doc/books/systems/discreteevents/test
    [junit] No auto/*.xml tests in /home/travis/build/icyphy/ptII/doc/books/systems/discreteevents/test
    [junit] AutoTests.java: About to close Vertx.
    [junit] AutoTests.java: Vertx closed.
    [junit] ----------------- testing Sat Apr 14 21:46:36 UTC 2018 /home/travis/build/icyphy/ptII/doc/books/systems/discreteevents/test/auto/DEExample.xml
    [junit] 94 ms. Memory: 116224K Free: 109304K (94%)
    [junit] reloadAllAccessors: .DEExample
    [junit] ----------------- testing Sat Apr 14 21:46:37 UTC 2018 /home/travis/build/icyphy/ptII/doc/books/systems/discreteevents/test/auto/FSMSource.xml
    [junit] 19 ms. Memory: 116224K Free: 101361K (87%)
    [junit] reloadAllAccessors: .FSMSource
    [junit] ----------------- testing Sat Apr 14 21:46:37 UTC 2018 /home/travis/build/icyphy/ptII/doc/books/systems/discreteevents/test/auto/FSMSource2.xml
    [junit] 17 ms. Memory: 116224K Free: 95096K (82%)
    [junit] reloadAllAccessors: .FSMSource2
    [junit] ----------------- testing Sat Apr 14 21:46:37 UTC 2018 /home/travis/build/icyphy/ptII/doc/books/systems/discreteevents/test/auto/Feedback.xml
    [junit] 14 ms. Memory: 116224K Free: 90183K (78%)
    [junit] reloadAllAccessors: .Feedback
    [junit] ----------------- testing Sat Apr 14 21:46:37 UTC 2018 /home/travis/build/icyphy/ptII/doc/books/systems/discreteevents/test/auto/InterarrivalTimes.xml
    [junit] 329 ms. Memory: 116224K Free: 81541K (70%)
    [junit] reloadAllAccessors: .InterarrivalTimes
    [junit] ----------------- testing Sat Apr 14 21:46:38 UTC 2018 /home/travis/build/icyphy/ptII/doc/books/systems/discreteevents/test/auto/InterarrivalTimes2.xml
    [junit] 77 ms. Memory: 116224K Free: 106726K (92%)
    [junit] reloadAllAccessors: .InterarrivalTimes2
    [junit] ----------------- testing Sat Apr 14 21:46:38 UTC 2018 /home/travis/build/icyphy/ptII/doc/books/systems/discreteevents/test/auto/InterarrivalTimes3.xml
    [junit] 99 ms. Memory: 116224K Free: 98611K (85%)
    [junit] reloadAllAccessors: .InterarrivalTimes3
    [junit] ----------------- testing Sat Apr 14 21:46:38 UTC 2018 /home/travis/build/icyphy/ptII/doc/books/systems/discreteevents/test/auto/Iteration.xml
    [junit] 15 ms. Memory: 116224K Free: 91219K (78%)
    [junit] reloadAllAccessors: .Iteration
    [junit] ----------------- testing Sat Apr 14 21:46:38 UTC 2018 /home/travis/build/icyphy/ptII/doc/books/systems/discreteevents/test/auto/MM1Queue.xml
    [junit] 19 ms. Memory: 116224K Free: 85298K (73%)
    [junit] reloadAllAccessors: .MM1Queue
    [junit] ----------------- testing Sat Apr 14 21:46:38 UTC 2018 /home/travis/build/icyphy/ptII/doc/books/systems/discreteevents/test/auto/ModelTimeVsRealTime.xml
    [junit] 3 ms. Memory: 146944K Free: 142279K (97%)
    [junit] reloadAllAccessors: .ModelTimeVsRealTime
    [junit] ----------------- testing Sat Apr 14 21:46:38 UTC 2018 /home/travis/build/icyphy/ptII/doc/books/systems/discreteevents/test/auto/OpenQueueingNetwork.xml
    [junit] 4968 ms. Memory: 332800K Free: 127788K (38%)
    [junit] reloadAllAccessors: .OpenQueueingNetwork
    [junit] ----------------- testing Sat Apr 14 21:46:44 UTC 2018 /home/travis/build/icyphy/ptII/doc/books/systems/discreteevents/test/auto/Priorities.xml
    [junit] 20 ms. Memory: 332800K Free: 116962K (35%)
    [junit] reloadAllAccessors: .Priorities
    [junit] ----------------- testing Sat Apr 14 21:46:44 UTC 2018 /home/travis/build/icyphy/ptII/doc/books/systems/discreteevents/test/auto/SDFWithinDE.xml
    [junit] 36 ms. Memory: 332800K Free: 109304K (33%)
    [junit] reloadAllAccessors: .SDFWithinDE
    [junit] ----------------- testing Sat Apr 14 21:46:44 UTC 2018 /home/travis/build/icyphy/ptII/doc/books/systems/discreteevents/test/auto/Wireless.xml
    [junit] 33 ms. Memory: 332800K Free: 94550K (28%)
    [junit] reloadAllAccessors: .Wireless
    [junit] ----------------- testing Sat Apr 14 21:46:44 UTC 2018 /home/travis/build/icyphy/ptII/doc/books/systems/discreteevents/test/auto/Zeno.xml
    [junit] 1106 ms. Memory: 316928K Free: 276672K (87%)
    [junit] reloadAllAccessors: .Zeno
    [junit] AutoTests.java: About to close Vertx.
    [junit] AutoTests.java: Vertx closed.
    [junit] 
    [junit] javachdir: directory = doc/books/systems/export/test
    [junit] javachdir: pwd: /home/travis/build/icyphy/ptII/doc/books/systems/export/test  Invoking with -Djava.net.preferIPv4Stack=true
    [junit] Running doc.books.systems.export.test.junit.JUnitTclTest
    [junit] No tcl tests in /home/travis/build/icyphy/ptII/doc/books/systems/export/test
    [junit] No auto/knownFailedTests/*.xml tests in /home/travis/build/icyphy/ptII/doc/books/systems/export/test
    [junit] No auto/*.xml tests in /home/travis/build/icyphy/ptII/doc/books/systems/export/test
    [junit] AutoTests.java: About to close Vertx.
    [junit] AutoTests.java: Vertx closed.
    [junit] No auto/*.xml tests in /home/travis/build/icyphy/ptII/doc/books/systems/export/test
    [junit] AutoTests.java: About to close Vertx.
    [junit] AutoTests.java: Vertx closed.
    [junit] Tests run: 4, Failures: 0, Errors: 0, Skipped: 0, Time elapsed: 0.5 sec
    [junit] Output:
    [junit] No tcl tests in /home/travis/build/icyphy/ptII/doc/books/systems/export/test
    [junit] No auto/knownFailedTests/*.xml tests in /home/travis/build/icyphy/ptII/doc/books/systems/export/test
    [junit] No auto/*.xml tests in /home/travis/build/icyphy/ptII/doc/books/systems/export/test
    [junit] AutoTests.java: About to close Vertx.
    [junit] AutoTests.java: Vertx closed.
    [junit] No auto/*.xml tests in /home/travis/build/icyphy/ptII/doc/books/systems/export/test
    [junit] AutoTests.java: About to close Vertx.
    [junit] AutoTests.java: Vertx closed.
    [junit] 
    [junit] javachdir: directory = doc/books/systems/expressions/test
    [junit] javachdir: pwd: /home/travis/build/icyphy/ptII/doc/books/systems/expressions/test  Invoking with -Djava.net.preferIPv4Stack=true
    [junit] Running doc.books.systems.expressions.test.junit.JUnitTclTest
    [junit] No tcl tests in /home/travis/build/icyphy/ptII/doc/books/systems/expressions/test
    [junit] No auto/knownFailedTests/*.xml tests in /home/travis/build/icyphy/ptII/doc/books/systems/expressions/test
    [junit] No auto/*.xml tests in /home/travis/build/icyphy/ptII/doc/books/systems/expressions/test
    [junit] AutoTests.java: About to close Vertx.
    [junit] AutoTests.java: Vertx closed.
    [junit] ----------------- testing Sat Apr 14 21:46:48 UTC 2018 /home/travis/build/icyphy/ptII/doc/books/systems/expressions/test/auto/FunctionComplex.xml
    [junit] 37 ms. Memory: 116224K Free: 88466K (76%)
    [junit] reloadAllAccessors: .FunctionComplex
    [junit] ----------------- testing Sat Apr 14 21:46:48 UTC 2018 /home/travis/build/icyphy/ptII/doc/books/systems/expressions/test/auto/NilTypes.xml
    [junit] 10 ms. Memory: 116224K Free: 84934K (73%)
    [junit] reloadAllAccessors: .NilTypes
    [junit] ----------------- testing Sat Apr 14 21:46:48 UTC 2018 /home/travis/build/icyphy/ptII/doc/books/systems/expressions/test/auto/UnionTypes.xml
    [junit] 22 ms. Memory: 146944K Free: 138704K (94%)
    [junit] reloadAllAccessors: .UnionTypes
    [junit] AutoTests.java: About to close Vertx.
    [junit] AutoTests.java: Vertx closed.
    [junit] Tests run: 6, Failures: 0, Errors: 0, Skipped: 0, Time elapsed: 1.067 sec
    [junit] Output:
    [junit] No tcl tests in /home/travis/build/icyphy/ptII/doc/books/systems/expressions/test
    [junit] No auto/knownFailedTests/*.xml tests in /home/travis/build/icyphy/ptII/doc/books/systems/expressions/test
    [junit] No auto/*.xml tests in /home/travis/build/icyphy/ptII/doc/books/systems/expressions/test
    [junit] AutoTests.java: About to close Vertx.
    [junit] AutoTests.java: Vertx closed.
    [junit] ----------------- testing Sat Apr 14 21:46:48 UTC 2018 /home/travis/build/icyphy/ptII/doc/books/systems/expressions/test/auto/FunctionComplex.xml
    [junit] 37 ms. Memory: 116224K Free: 88466K (76%)
    [junit] reloadAllAccessors: .FunctionComplex
    [junit] ----------------- testing Sat Apr 14 21:46:48 UTC 2018 /home/travis/build/icyphy/ptII/doc/books/systems/expressions/test/auto/NilTypes.xml
    [junit] 10 ms. Memory: 116224K Free: 84934K (73%)
    [junit] reloadAllAccessors: .NilTypes
    [junit] ----------------- testing Sat Apr 14 21:46:48 UTC 2018 /home/travis/build/icyphy/ptII/doc/books/systems/expressions/test/auto/UnionTypes.xml
    [junit] 22 ms. Memory: 146944K Free: 138704K (94%)
    [junit] reloadAllAccessors: .UnionTypes
    [junit] AutoTests.java: About to close Vertx.
    [junit] AutoTests.java: Vertx closed.
    [junit] 
    [junit] javachdir: directory = doc/books/systems/fsm/test
    [junit] javachdir: pwd: /home/travis/build/icyphy/ptII/doc/books/systems/fsm/test  Invoking with -Djava.net.preferIPv4Stack=true
    [junit] Running doc.books.systems.fsm.test.junit.JUnitTclTest
    [junit] No tcl tests in /home/travis/build/icyphy/ptII/doc/books/systems/fsm/test
    [junit] No auto/knownFailedTests/*.xml tests in /home/travis/build/icyphy/ptII/doc/books/systems/fsm/test
    [junit] No auto/*.xml tests in /home/travis/build/icyphy/ptII/doc/books/systems/fsm/test
    [junit] AutoTests.java: About to close Vertx.
    [junit] AutoTests.java: Vertx closed.
    [junit] ----------------- testing Sat Apr 14 21:46:49 UTC 2018 /home/travis/build/icyphy/ptII/doc/books/systems/fsm/test/auto/ABCROFlat_SA.xml
    [junit] 59 ms. Memory: 146944K Free: 123183K (84%)
    [junit] reloadAllAccessors: .ABCROFlat_SA
    [junit] ----------------- testing Sat Apr 14 21:46:50 UTC 2018 /home/travis/build/icyphy/ptII/doc/books/systems/fsm/test/auto/ABCROHierarchicalTermination.xml
    [junit] 66 ms. Memory: 146944K Free: 92956K (63%)
    [junit] reloadAllAccessors: .ABCROHierarchicalTermination
    [junit] ----------------- testing Sat Apr 14 21:46:50 UTC 2018 /home/travis/build/icyphy/ptII/doc/books/systems/fsm/test/auto/ABCROHierarchical_SA.xml
    [junit] 82 ms. Memory: 146944K Free: 118820K (81%)
    [junit] reloadAllAccessors: .ABCROHierarchical_SA
    [junit] ----------------- testing Sat Apr 14 21:46:50 UTC 2018 /home/travis/build/icyphy/ptII/doc/books/systems/fsm/test/auto/ABROFlat_SA.xml
    [junit] 32 ms. Memory: 146944K Free: 102842K (70%)
    [junit] reloadAllAccessors: .ABROFlat_SA
    [junit] ----------------- testing Sat Apr 14 21:46:50 UTC 2018 /home/travis/build/icyphy/ptII/doc/books/systems/fsm/test/auto/ABROFlat_SA_BruteForce.xml
    [junit] 30 ms. Memory: 146944K Free: 86875K (59%)
    [junit] reloadAllAccessors: .ABROFlat_SA_BruteForce
    [junit] ----------------- testing Sat Apr 14 21:46:51 UTC 2018 /home/travis/build/icyphy/ptII/doc/books/systems/fsm/test/auto/ABROHierarchicalTermination.xml
    [junit] 50 ms. Memory: 208384K Free: 187876K (90%)
    [junit] reloadAllAccessors: .ABROHierarchicalTermination
    [junit] ----------------- testing Sat Apr 14 21:46:51 UTC 2018 /home/travis/build/icyphy/ptII/doc/books/systems/fsm/test/auto/ABROHierarchical_SA.xml
    [junit] 36 ms. Memory: 208384K Free: 160898K (77%)
    [junit] reloadAllAccessors: .ABROHierarchical_SA
    [junit] ----------------- testing Sat Apr 14 21:46:51 UTC 2018 /home/travis/build/icyphy/ptII/doc/books/systems/fsm/test/auto/CapriciousThermostat.xml
    [junit] 223 ms. Memory: 208384K Free: 118517K (57%)
    [junit] reloadAllAccessors: .CapriciousThermostat
    [junit] ----------------- testing Sat Apr 14 21:46:51 UTC 2018 /home/travis/build/icyphy/ptII/doc/books/systems/fsm/test/auto/ExtendedFSM.xml
    [junit] 18 ms. Memory: 208384K Free: 109401K (52%)
    [junit] reloadAllAccessors: .ExtendedFSM
    [junit] ----------------- testing Sat Apr 14 21:46:51 UTC 2018 /home/travis/build/icyphy/ptII/doc/books/systems/fsm/test/auto/FinalStates.xml
    [junit] 13 ms. Memory: 208384K Free: 100229K (48%)
    [junit] reloadAllAccessors: .FinalStates
    [junit] ----------------- testing Sat Apr 14 21:46:51 UTC 2018 /home/travis/build/icyphy/ptII/doc/books/systems/fsm/test/auto/FinalStatesImmediate.xml
    [junit] 17 ms. Memory: 208384K Free: 90303K (43%)
    [junit] reloadAllAccessors: .FinalStatesImmediate
    [junit] ----------------- testing Sat Apr 14 21:46:51 UTC 2018 /home/travis/build/icyphy/ptII/doc/books/systems/fsm/test/auto/FinalStatesReset.xml
    [junit] 38 ms. Memory: 208384K Free: 203284K (98%)
    [junit] reloadAllAccessors: .FinalStatesReset
    [junit] ----------------- testing Sat Apr 14 21:46:51 UTC 2018 /home/travis/build/icyphy/ptII/doc/books/systems/fsm/test/auto/FinalStatesResetDefault.xml
    [junit] 16 ms. Memory: 208384K Free: 193558K (93%)
    [junit] reloadAllAccessors: .FinalStatesResetDefault
    [junit] ----------------- testing Sat Apr 14 21:46:52 UTC 2018 /home/travis/build/icyphy/ptII/doc/books/systems/fsm/test/auto/FixedPointFSM.xml
    [junit] 19 ms. Memory: 208384K Free: 178580K (86%)
    [junit] reloadAllAccessors: .FixedPointFSM
    [junit] ----------------- testing Sat Apr 14 21:46:52 UTC 2018 /home/travis/build/icyphy/ptII/doc/books/systems/fsm/test/auto/HierarchicalFSM.xml
    [junit] 197 ms. Memory: 208384K Free: 130754K (63%)
    [junit] reloadAllAccessors: .HierarchicalFSM
    [junit] ----------------- testing Sat Apr 14 21:46:52 UTC 2018 /home/travis/build/icyphy/ptII/doc/books/systems/fsm/test/auto/HierarchicalFSM_Flattened.xml
    [junit] 84 ms. Memory: 208384K Free: 86807K (42%)
    [junit] reloadAllAccessors: .HierarchicalFSM_Flattened
    [junit] ----------------- testing Sat Apr 14 21:46:52 UTC 2018 /home/travis/build/icyphy/ptII/doc/books/systems/fsm/test/auto/Hysteresis.xml
    [junit] 98 ms. Memory: 331776K Free: 298179K (90%)
    [junit] reloadAllAccessors: .Hysteresis
    [junit] ----------------- testing Sat Apr 14 21:46:52 UTC 2018 /home/travis/build/icyphy/ptII/doc/books/systems/fsm/test/auto/HysteresisWithDefault.xml
    [junit] 69 ms. Memory: 331776K Free: 271199K (82%)
    [junit] reloadAllAccessors: .HysteresisWithDefault
    [junit] AutoTests.java: About to close Vertx.
    [junit] AutoTests.java: Vertx closed.
    [junit] Tests run: 21, Failures: 0, Errors: 0, Skipped: 0, Time elapsed: 3.892 sec
    [junit] Output:
    [junit] No tcl tests in /home/travis/build/icyphy/ptII/doc/books/systems/fsm/test
    [junit] No auto/knownFailedTests/*.xml tests in /home/travis/build/icyphy/ptII/doc/books/systems/fsm/test
    [junit] No auto/*.xml tests in /home/travis/build/icyphy/ptII/doc/books/systems/fsm/test
    [junit] AutoTests.java: About to close Vertx.
    [junit] AutoTests.java: Vertx closed.
    [junit] ----------------- testing Sat Apr 14 21:46:49 UTC 2018 /home/travis/build/icyphy/ptII/doc/books/systems/fsm/test/auto/ABCROFlat_SA.xml
    [junit] 59 ms. Memory: 146944K Free: 123183K (84%)
    [junit] reloadAllAccessors: .ABCROFlat_SA
    [junit] ----------------- testing Sat Apr 14 21:46:50 UTC 2018 /home/travis/build/icyphy/ptII/doc/books/systems/fsm/test/auto/ABCROHierarchicalTermination.xml
    [junit] 66 ms. Memory: 146944K Free: 92956K (63%)
    [junit] reloadAllAccessors: .ABCROHierarchicalTermination
    [junit] ----------------- testing Sat Apr 14 21:46:50 UTC 2018 /home/travis/build/icyphy/ptII/doc/books/systems/fsm/test/auto/ABCROHierarchical_SA.xml
    [junit] 82 ms. Memory: 146944K Free: 118820K (81%)
    [junit] reloadAllAccessors: .ABCROHierarchical_SA
    [junit] ----------------- testing Sat Apr 14 21:46:50 UTC 2018 /home/travis/build/icyphy/ptII/doc/books/systems/fsm/test/auto/ABROFlat_SA.xml
    [junit] 32 ms. Memory: 146944K Free: 102842K (70%)
    [junit] reloadAllAccessors: .ABROFlat_SA
    [junit] ----------------- testing Sat Apr 14 21:46:50 UTC 2018 /home/travis/build/icyphy/ptII/doc/books/systems/fsm/test/auto/ABROFlat_SA_BruteForce.xml
    [junit] 30 ms. Memory: 146944K Free: 86875K (59%)
    [junit] reloadAllAccessors: .ABROFlat_SA_BruteForce
    [junit] ----------------- testing Sat Apr 14 21:46:51 UTC 2018 /home/travis/build/icyphy/ptII/doc/books/systems/fsm/test/auto/ABROHierarchicalTermination.xml
    [junit] 50 ms. Memory: 208384K Free: 187876K (90%)
    [junit] reloadAllAccessors: .ABROHierarchicalTermination
    [junit] ----------------- testing Sat Apr 14 21:46:51 UTC 2018 /home/travis/build/icyphy/ptII/doc/books/systems/fsm/test/auto/ABROHierarchical_SA.xml
    [junit] 36 ms. Memory: 208384K Free: 160898K (77%)
    [junit] reloadAllAccessors: .ABROHierarchical_SA
    [junit] ----------------- testing Sat Apr 14 21:46:51 UTC 2018 /home/travis/build/icyphy/ptII/doc/books/systems/fsm/test/auto/CapriciousThermostat.xml
    [junit] 223 ms. Memory: 208384K Free: 118517K (57%)
    [junit] reloadAllAccessors: .CapriciousThermostat
    [junit] ----------------- testing Sat Apr 14 21:46:51 UTC 2018 /home/travis/build/icyphy/ptII/doc/books/systems/fsm/test/auto/ExtendedFSM.xml
    [junit] 18 ms. Memory: 208384K Free: 109401K (52%)
    [junit] reloadAllAccessors: .ExtendedFSM
    [junit] ----------------- testing Sat Apr 14 21:46:51 UTC 2018 /home/travis/build/icyphy/ptII/doc/books/systems/fsm/test/auto/FinalStates.xml
    [junit] 13 ms. Memory: 208384K Free: 100229K (48%)
    [junit] reloadAllAccessors: .FinalStates
    [junit] ----------------- testing Sat Apr 14 21:46:51 UTC 2018 /home/travis/build/icyphy/ptII/doc/books/systems/fsm/test/auto/FinalStatesImmediate.xml
    [junit] 17 ms. Memory: 208384K Free: 90303K (43%)
    [junit] reloadAllAccessors: .FinalStatesImmediate
    [junit] ----------------- testing Sat Apr 14 21:46:51 UTC 2018 /home/travis/build/icyphy/ptII/doc/books/systems/fsm/test/auto/FinalStatesReset.xml
    [junit] 38 ms. Memory: 208384K Free: 203284K (98%)
    [junit] reloadAllAccessors: .FinalStatesReset
    [junit] ----------------- testing Sat Apr 14 21:46:51 UTC 2018 /home/travis/build/icyphy/ptII/doc/books/systems/fsm/test/auto/FinalStatesResetDefault.xml
    [junit] 16 ms. Memory: 208384K Free: 193558K (93%)
    [junit] reloadAllAccessors: .FinalStatesResetDefault
    [junit] ----------------- testing Sat Apr 14 21:46:52 UTC 2018 /home/travis/build/icyphy/ptII/doc/books/systems/fsm/test/auto/FixedPointFSM.xml
    [junit] 19 ms. Memory: 208384K Free: 178580K (86%)
    [junit] reloadAllAccessors: .FixedPointFSM
    [junit] ----------------- testing Sat Apr 14 21:46:52 UTC 2018 /home/travis/build/icyphy/ptII/doc/books/systems/fsm/test/auto/HierarchicalFSM.xml
    [junit] 197 ms. Memory: 208384K Free: 130754K (63%)
    [junit] reloadAllAccessors: .HierarchicalFSM
    [junit] ----------------- testing Sat Apr 14 21:46:52 UTC 2018 /home/travis/build/icyphy/ptII/doc/books/systems/fsm/test/auto/HierarchicalFSM_Flattened.xml
    [junit] 84 ms. Memory: 208384K Free: 86807K (42%)
    [junit] reloadAllAccessors: .HierarchicalFSM_Flattened
    [junit] ----------------- testing Sat Apr 14 21:46:52 UTC 2018 /home/travis/build/icyphy/ptII/doc/books/systems/fsm/test/auto/Hysteresis.xml
    [junit] 98 ms. Memory: 331776K Free: 298179K (90%)
    [junit] reloadAllAccessors: .Hysteresis
    [junit] ----------------- testing Sat Apr 14 21:46:52 UTC 2018 /home/travis/build/icyphy/ptII/doc/books/systems/fsm/test/auto/HysteresisWithDefault.xml
    [junit] 69 ms. Memory: 331776K Free: 271199K (82%)
    [junit] reloadAllAccessors: .HysteresisWithDefault
    [junit] AutoTests.java: About to close Vertx.
    [junit] AutoTests.java: Vertx closed.
    [junit] 
    [junit] javachdir: directory = doc/books/systems/intro/test
    [junit] javachdir: pwd: /home/travis/build/icyphy/ptII/doc/books/systems/intro/test  Invoking with -Djava.net.preferIPv4Stack=true
    [junit] Running doc.books.systems.intro.test.junit.JUnitTclTest
    [junit] No tcl tests in /home/travis/build/icyphy/ptII/doc/books/systems/intro/test
    [junit] No auto/knownFailedTests/*.xml tests in /home/travis/build/icyphy/ptII/doc/books/systems/intro/test
    [junit] No auto/*.xml tests in /home/travis/build/icyphy/ptII/doc/books/systems/intro/test
    [junit] AutoTests.java: About to close Vertx.
    [junit] AutoTests.java: Vertx closed.
    [junit] ----------------- testing Sat Apr 14 21:46:54 UTC 2018 /home/travis/build/icyphy/ptII/doc/books/systems/intro/test/auto/GeneratorRegulatorProtector.xml
    [junit] 1084 ms. Memory: 116224K Free: 90628K (78%)
    [junit] reloadAllAccessors: .GeneratorRegulatorProtector
    [junit] AutoTests.java: About to close Vertx.
    [junit] AutoTests.java: Vertx closed.
    [junit] Tests run: 4, Failures: 0, Errors: 0, Skipped: 0, Time elapsed: 2.402 sec
    [junit] Output:
    [junit] No tcl tests in /home/travis/build/icyphy/ptII/doc/books/systems/intro/test
    [junit] No auto/knownFailedTests/*.xml tests in /home/travis/build/icyphy/ptII/doc/books/systems/intro/test
    [junit] No auto/*.xml tests in /home/travis/build/icyphy/ptII/doc/books/systems/intro/test
    [junit] AutoTests.java: About to close Vertx.
    [junit] AutoTests.java: Vertx closed.
    [junit] ----------------- testing Sat Apr 14 21:46:54 UTC 2018 /home/travis/build/icyphy/ptII/doc/books/systems/intro/test/auto/GeneratorRegulatorProtector.xml
    [junit] 1084 ms. Memory: 116224K Free: 90628K (78%)
    [junit] reloadAllAccessors: .GeneratorRegulatorProtector
    [junit] AutoTests.java: About to close Vertx.
    [junit] AutoTests.java: Vertx closed.
    [junit] 
    [junit] javachdir: directory = doc/books/systems/modal/test
    [junit] javachdir: pwd: /home/travis/build/icyphy/ptII/doc/books/systems/modal/test  Invoking with -Djava.net.preferIPv4Stack=true
    [junit] Running doc.books.systems.modal.test.junit.JUnitTclTest
    [junit] No tcl tests in /home/travis/build/icyphy/ptII/doc/books/systems/modal/test
    [junit] No auto/knownFailedTests/*.xml tests in /home/travis/build/icyphy/ptII/doc/books/systems/modal/test
    [junit] No auto/*.xml tests in /home/travis/build/icyphy/ptII/doc/books/systems/modal/test
    [junit] AutoTests.java: About to close Vertx.
    [junit] AutoTests.java: Vertx closed.
    [junit] ----------------- testing Sat Apr 14 21:46:56 UTC 2018 /home/travis/build/icyphy/ptII/doc/books/systems/modal/test/auto/FSK.xml
    [junit] 663 ms. Memory: 146944K Free: 89570K (61%)
    [junit] reloadAllAccessors: .FSK
    [junit] ----------------- testing Sat Apr 14 21:46:57 UTC 2018 /home/travis/build/icyphy/ptII/doc/books/systems/modal/test/auto/Fibonacci.xml
    [junit] 225 ms. Memory: 146944K Free: 125454K (85%)
    [junit] reloadAllAccessors: .Fibonacci
    [junit] ----------------- testing Sat Apr 14 21:46:58 UTC 2018 /home/travis/build/icyphy/ptII/doc/books/systems/modal/test/auto/History.xml
    [junit] 23 ms. Memory: 146944K Free: 111831K (76%)
    [junit] reloadAllAccessors: .History
    [junit] ----------------- testing Sat Apr 14 21:46:58 UTC 2018 /home/travis/build/icyphy/ptII/doc/books/systems/modal/test/auto/Merge.xml
    [junit] 68 ms. Memory: 146944K Free: 84886K (58%)
    [junit] reloadAllAccessors: .Merge
    [junit] ----------------- testing Sat Apr 14 21:46:58 UTC 2018 /home/travis/build/icyphy/ptII/doc/books/systems/modal/test/auto/ModalClocks.xml
    [junit] 38 ms. Memory: 208384K Free: 185590K (89%)
    [junit] reloadAllAccessors: .ModalClocks
    [junit] ----------------- testing Sat Apr 14 21:46:58 UTC 2018 /home/travis/build/icyphy/ptII/doc/books/systems/modal/test/auto/ModalDelay.xml
    [junit] 20 ms. Memory: 208384K Free: 170851K (82%)
    [junit] reloadAllAccessors: .ModalDelay
    [junit] ----------------- testing Sat Apr 14 21:46:58 UTC 2018 /home/travis/build/icyphy/ptII/doc/books/systems/modal/test/auto/ModalModelExample.xml
    [junit] 330 ms. Memory: 208384K Free: 107587K (52%)
    [junit] reloadAllAccessors: .ModalModelExample
    [junit] ----------------- testing Sat Apr 14 21:46:59 UTC 2018 /home/travis/build/icyphy/ptII/doc/books/systems/modal/test/auto/ModalSDF.xml
    [junit] 101 ms. Memory: 208384K Free: 81990K (39%)
    [junit] reloadAllAccessors: .ModalSDF
    [junit] ----------------- testing Sat Apr 14 21:46:59 UTC 2018 /home/travis/build/icyphy/ptII/doc/books/systems/modal/test/auto/Preemptive.xml
    [junit] 16 ms. Memory: 208384K Free: 189709K (91%)
    [junit] reloadAllAccessors: .Preemptive
    [junit] ----------------- testing Sat Apr 14 21:46:59 UTC 2018 /home/travis/build/icyphy/ptII/doc/books/systems/modal/test/auto/PreemptiveFixed.xml
    [junit] 27 ms. Memory: 208384K Free: 176004K (84%)
    [junit] reloadAllAccessors: .PreemptiveFixed
    [junit] ----------------- testing Sat Apr 14 21:46:59 UTC 2018 /home/travis/build/icyphy/ptII/doc/books/systems/modal/test/auto/Reset.xml
    [junit] 24 ms. Memory: 208384K Free: 161893K (78%)
    [junit] reloadAllAccessors: .Reset
    [junit] ----------------- testing Sat Apr 14 21:46:59 UTC 2018 /home/travis/build/icyphy/ptII/doc/books/systems/modal/test/auto/ResettableTimer.xml
    [junit] 12 ms. Memory: 208384K Free: 151966K (73%)
    [junit] reloadAllAccessors: .ResettableTimer
    [junit] ----------------- testing Sat Apr 14 21:47:00 UTC 2018 /home/travis/build/icyphy/ptII/doc/books/systems/modal/test/auto/SpontaneousFSM.xml
    [junit] 32 ms. Memory: 208384K Free: 139518K (67%)
    [junit] reloadAllAccessors: .SpontaneousFSM
    [junit] ----------------- testing Sat Apr 14 21:47:00 UTC 2018 /home/travis/build/icyphy/ptII/doc/books/systems/modal/test/auto/Timeout.xml
    [junit] 10 ms. Memory: 208384K Free: 134013K (64%)
    [junit] reloadAllAccessors: .Timeout
    [junit] AutoTests.java: About to close Vertx.
    [junit] AutoTests.java: Vertx closed.
    [junit] Tests run: 17, Failures: 0, Errors: 0, Skipped: 0, Time elapsed: 3.83 sec
    [junit] Output:
    [junit] No tcl tests in /home/travis/build/icyphy/ptII/doc/books/systems/modal/test
    [junit] No auto/knownFailedTests/*.xml tests in /home/travis/build/icyphy/ptII/doc/books/systems/modal/test
    [junit] No auto/*.xml tests in /home/travis/build/icyphy/ptII/doc/books/systems/modal/test
    [junit] AutoTests.java: About to close Vertx.
    [junit] AutoTests.java: Vertx closed.
    [junit] ----------------- testing Sat Apr 14 21:46:56 UTC 2018 /home/travis/build/icyphy/ptII/doc/books/systems/modal/test/auto/FSK.xml
    [junit] 663 ms. Memory: 146944K Free: 89570K (61%)
    [junit] reloadAllAccessors: .FSK
    [junit] ----------------- testing Sat Apr 14 21:46:57 UTC 2018 /home/travis/build/icyphy/ptII/doc/books/systems/modal/test/auto/Fibonacci.xml
    [junit] 225 ms. Memory: 146944K Free: 125454K (85%)
    [junit] reloadAllAccessors: .Fibonacci
    [junit] ----------------- testing Sat Apr 14 21:46:58 UTC 2018 /home/travis/build/icyphy/ptII/doc/books/systems/modal/test/auto/History.xml
    [junit] 23 ms. Memory: 146944K Free: 111831K (76%)
    [junit] reloadAllAccessors: .History
    [junit] ----------------- testing Sat Apr 14 21:46:58 UTC 2018 /home/travis/build/icyphy/ptII/doc/books/systems/modal/test/auto/Merge.xml
    [junit] 68 ms. Memory: 146944K Free: 84886K (58%)
    [junit] reloadAllAccessors: .Merge
    [junit] ----------------- testing Sat Apr 14 21:46:58 UTC 2018 /home/travis/build/icyphy/ptII/doc/books/systems/modal/test/auto/ModalClocks.xml
    [junit] 38 ms. Memory: 208384K Free: 185590K (89%)
    [junit] reloadAllAccessors: .ModalClocks
    [junit] ----------------- testing Sat Apr 14 21:46:58 UTC 2018 /home/travis/build/icyphy/ptII/doc/books/systems/modal/test/auto/ModalDelay.xml
    [junit] 20 ms. Memory: 208384K Free: 170851K (82%)
    [junit] reloadAllAccessors: .ModalDelay
    [junit] ----------------- testing Sat Apr 14 21:46:58 UTC 2018 /home/travis/build/icyphy/ptII/doc/books/systems/modal/test/auto/ModalModelExample.xml
    [junit] 330 ms. Memory: 208384K Free: 107587K (52%)
    [junit] reloadAllAccessors: .ModalModelExample
    [junit] ----------------- testing Sat Apr 14 21:46:59 UTC 2018 /home/travis/build/icyphy/ptII/doc/books/systems/modal/test/auto/ModalSDF.xml
    [junit] 101 ms. Memory: 208384K Free: 81990K (39%)
    [junit] reloadAllAccessors: .ModalSDF
    [junit] ----------------- testing Sat Apr 14 21:46:59 UTC 2018 /home/travis/build/icyphy/ptII/doc/books/systems/modal/test/auto/Preemptive.xml
    [junit] 16 ms. Memory: 208384K Free: 189709K (91%)
    [junit] reloadAllAccessors: .Preemptive
    [junit] ----------------- testing Sat Apr 14 21:46:59 UTC 2018 /home/travis/build/icyphy/ptII/doc/books/systems/modal/test/auto/PreemptiveFixed.xml
    [junit] 27 ms. Memory: 208384K Free: 176004K (84%)
    [junit] reloadAllAccessors: .PreemptiveFixed
    [junit] ----------------- testing Sat Apr 14 21:46:59 UTC 2018 /home/travis/build/icyphy/ptII/doc/books/systems/modal/test/auto/Reset.xml
    [junit] 24 ms. Memory: 208384K Free: 161893K (78%)
    [junit] reloadAllAccessors: .Reset
    [junit] ----------------- testing Sat Apr 14 21:46:59 UTC 2018 /home/travis/build/icyphy/ptII/doc/books/systems/modal/test/auto/ResettableTimer.xml
    [junit] 12 ms. Memory: 208384K Free: 151966K (73%)
    [junit] reloadAllAccessors: .ResettableTimer
    [junit] ----------------- testing Sat Apr 14 21:47:00 UTC 2018 /home/travis/build/icyphy/ptII/doc/books/systems/modal/test/auto/SpontaneousFSM.xml
    [junit] 32 ms. Memory: 208384K Free: 139518K (67%)
    [junit] reloadAllAccessors: .SpontaneousFSM
    [junit] ----------------- testing Sat Apr 14 21:47:00 UTC 2018 /home/travis/build/icyphy/ptII/doc/books/systems/modal/test/auto/Timeout.xml
    [junit] 10 ms. Memory: 208384K Free: 134013K (64%)
    [junit] reloadAllAccessors: .Timeout
    [junit] AutoTests.java: About to close Vertx.
    [junit] AutoTests.java: Vertx closed.
    [junit] 
    [junit] javachdir: directory = doc/books/systems/modelingtime/test
    [junit] javachdir: pwd: /home/travis/build/icyphy/ptII/doc/books/systems/modelingtime/test  Invoking with -Djava.net.preferIPv4Stack=true
    [junit] Running doc.books.systems.modelingtime.test.junit.JUnitTclTest
    [junit] No tcl tests in /home/travis/build/icyphy/ptII/doc/books/systems/modelingtime/test
    [junit] No auto/knownFailedTests/*.xml tests in /home/travis/build/icyphy/ptII/doc/books/systems/modelingtime/test
    [junit] No auto/*.xml tests in /home/travis/build/icyphy/ptII/doc/books/systems/modelingtime/test
    [junit] AutoTests.java: About to close Vertx.
    [junit] AutoTests.java: Vertx closed.
    [junit] ----------------- testing Sat Apr 14 21:47:01 UTC 2018 /home/travis/build/icyphy/ptII/doc/books/systems/modelingtime/test/auto/CommunicationDelay1.xml
    [junit] 875 ms. Memory: 116224K Free: 81479K (70%)
    [junit] reloadAllAccessors: .CommunicationDelay1
    [junit] ----------------- testing Sat Apr 14 21:47:02 UTC 2018 /home/travis/build/icyphy/ptII/doc/books/systems/modelingtime/test/auto/CommunicationDelayActors.xml
    [junit] 656 ms. Memory: 146944K Free: 123420K (84%)
    [junit] reloadAllAccessors: .CommunicationDelayActors
    [junit] ----------------- testing Sat Apr 14 21:47:03 UTC 2018 /home/travis/build/icyphy/ptII/doc/books/systems/modelingtime/test/auto/CommunicationDelayQM.xml
    [junit] 214 ms. Memory: 146944K Free: 94467K (64%)
    [junit] reloadAllAccessors: .CommunicationDelayQM
    [junit] ----------------- testing Sat Apr 14 21:47:03 UTC 2018 /home/travis/build/icyphy/ptII/doc/books/systems/modelingtime/test/auto/DEModelOfPtidesSimple.xml
    [junit] 11 ms. Memory: 146944K Free: 83492K (57%)
    [junit] reloadAllAccessors: .DEModelOfPtidesSimple
    [junit] ----------------- testing Sat Apr 14 21:47:03 UTC 2018 /home/travis/build/icyphy/ptII/doc/books/systems/modelingtime/test/auto/ExecutionTime.xml
    [junit] 63 ms. Memory: 146944K Free: 133917K (91%)
    [junit] reloadAllAccessors: .ExecutionTime
    [junit] ----------------- testing Sat Apr 14 21:47:04 UTC 2018 /home/travis/build/icyphy/ptII/doc/books/systems/modelingtime/test/auto/GeneratorResourceScheduler.xml
    [junit] WARNING: The execution aspects in this model can influence the timing of actors by delaying the 
    [junit] execution, potentially changing the behavior. There is no guarantee that actors fire at the 
    [junit] time they request to be fired. 
    [junit] Use Ptides for deterministic DE behavior that is not influenced by execution aspects. 
    [junit] 
    [junit] 829 ms. Memory: 208384K Free: 124299K (60%)
    [junit] reloadAllAccessors: .GeneratorExecutionAspect
    [junit] ----------------- testing Sat Apr 14 21:47:05 UTC 2018 /home/travis/build/icyphy/ptII/doc/books/systems/modelingtime/test/auto/HeartBeatDetector.xml
    [junit] 83 ms. Memory: 208384K Free: 83636K (40%)
    [junit] reloadAllAccessors: .HeartBeatDetector
    [junit] ----------------- testing Sat Apr 14 21:47:05 UTC 2018 /home/travis/build/icyphy/ptII/doc/books/systems/modelingtime/test/auto/LineFaultModel.xml
    [junit] 186 ms. Memory: 208896K Free: 174370K (83%)
    [junit] reloadAllAccessors: .LineFaultModel
    [junit] ----------------- testing Sat Apr 14 21:47:06 UTC 2018 /home/travis/build/icyphy/ptII/doc/books/systems/modelingtime/test/auto/LineFaultModelWithBetterCQM.xml
    [junit] 213 ms. Memory: 208896K Free: 121659K (58%)
    [junit] reloadAllAccessors: .LineFaultModelWithBetterCompositeCommunicationAspect
    [junit] ----------------- testing Sat Apr 14 21:47:06 UTC 2018 /home/travis/build/icyphy/ptII/doc/books/systems/modelingtime/test/auto/LineFaultModelWithCQM.xml
    [junit] 182 ms. Memory: 331776K Free: 315619K (95%)
    [junit] reloadAllAccessors: .LineFaultModelWithCompositeCommunicationAspect
    [junit] ----------------- testing Sat Apr 14 21:47:06 UTC 2018 /home/travis/build/icyphy/ptII/doc/books/systems/modelingtime/test/auto/LineFaultModelWithDelays.xml
    [junit] 164 ms. Memory: 331776K Free: 276035K (83%)
    [junit] reloadAllAccessors: .LineFaultModelWithDelays
    [junit] ----------------- testing Sat Apr 14 21:47:07 UTC 2018 /home/travis/build/icyphy/ptII/doc/books/systems/modelingtime/test/auto/LineFaultModelWithQM.xml
    [junit] 132 ms. Memory: 331776K Free: 227087K (68%)
    [junit] reloadAllAccessors: .LineFaultModelWithQM
    [junit] ----------------- testing Sat Apr 14 21:47:07 UTC 2018 /home/travis/build/icyphy/ptII/doc/books/systems/modelingtime/test/auto/LineFaultModelWithTwoQMs.xml
    [junit] 173 ms. Memory: 331776K Free: 169948K (51%)
    [junit] reloadAllAccessors: .LineFaultModelWithTwoQMs
    [junit] ----------------- testing Sat Apr 14 21:47:07 UTC 2018 /home/travis/build/icyphy/ptII/doc/books/systems/modelingtime/test/auto/LineFaultModel_noClockSync.xml
    [junit] 629 ms. Memory: 331776K Free: 295473K (89%)
    [junit] reloadAllAccessors: .LineFaultModel_noClockSync
    [junit] ----------------- testing Sat Apr 14 21:47:08 UTC 2018 /home/travis/build/icyphy/ptII/doc/books/systems/modelingtime/test/auto/LocalSource.xml
    [junit] 18 ms. Memory: 331776K Free: 284195K (86%)
    [junit] reloadAllAccessors: .LocalSource
    [junit] ----------------- testing Sat Apr 14 21:47:08 UTC 2018 /home/travis/build/icyphy/ptII/doc/books/systems/modelingtime/test/auto/PtidesSchema.xml
    [junit] 36 ms. Memory: 331776K Free: 258217K (78%)
    [junit] reloadAllAccessors: .PtidesSchema
    [junit] ----------------- testing Sat Apr 14 21:47:08 UTC 2018 /home/travis/build/icyphy/ptII/doc/books/systems/modelingtime/test/auto/PtidesSchema_Exception.xml
    [junit] 25 ms. Memory: 331776K Free: 231279K (70%)
    [junit] reloadAllAccessors: .PtidesSchema_Exception
    [junit] ----------------- testing Sat Apr 14 21:47:09 UTC 2018 /home/travis/build/icyphy/ptII/doc/books/systems/modelingtime/test/auto/ResourceScheduler.xml
    [junit] 26 ms. Memory: 331776K Free: 205300K (62%)
    [junit] reloadAllAccessors: .ResourceScheduler
    [junit] ----------------- testing Sat Apr 14 21:47:09 UTC 2018 /home/travis/build/icyphy/ptII/doc/books/systems/modelingtime/test/auto/SimplePtides.xml
    [junit] 16 ms. Memory: 331776K Free: 188168K (57%)
    [junit] reloadAllAccessors: .SimplePtides
    [junit] ----------------- testing Sat Apr 14 21:47:09 UTC 2018 /home/travis/build/icyphy/ptII/doc/books/systems/modelingtime/test/auto/TimePlot.xml
    [junit] 106 ms. Memory: 331776K Free: 158519K (48%)
    [junit] reloadAllAccessors: .TimePlot
    [junit] AutoTests.java: About to close Vertx.
    [junit] AutoTests.java: Vertx closed.
    [junit] Tests run: 23, Failures: 0, Errors: 0, Skipped: 0, Time elapsed: 8.755 sec
    [junit] Output:
    [junit] No tcl tests in /home/travis/build/icyphy/ptII/doc/books/systems/modelingtime/test
    [junit] No auto/knownFailedTests/*.xml tests in /home/travis/build/icyphy/ptII/doc/books/systems/modelingtime/test
    [junit] No auto/*.xml tests in /home/travis/build/icyphy/ptII/doc/books/systems/modelingtime/test
    [junit] AutoTests.java: About to close Vertx.
    [junit] AutoTests.java: Vertx closed.
    [junit] ----------------- testing Sat Apr 14 21:47:01 UTC 2018 /home/travis/build/icyphy/ptII/doc/books/systems/modelingtime/test/auto/CommunicationDelay1.xml
    [junit] 875 ms. Memory: 116224K Free: 81479K (70%)
    [junit] reloadAllAccessors: .CommunicationDelay1
    [junit] ----------------- testing Sat Apr 14 21:47:02 UTC 2018 /home/travis/build/icyphy/ptII/doc/books/systems/modelingtime/test/auto/CommunicationDelayActors.xml
    [junit] 656 ms. Memory: 146944K Free: 123420K (84%)
    [junit] reloadAllAccessors: .CommunicationDelayActors
    [junit] ----------------- testing Sat Apr 14 21:47:03 UTC 2018 /home/travis/build/icyphy/ptII/doc/books/systems/modelingtime/test/auto/CommunicationDelayQM.xml
    [junit] 214 ms. Memory: 146944K Free: 94467K (64%)
    [junit] reloadAllAccessors: .CommunicationDelayQM
    [junit] ----------------- testing Sat Apr 14 21:47:03 UTC 2018 /home/travis/build/icyphy/ptII/doc/books/systems/modelingtime/test/auto/DEModelOfPtidesSimple.xml
    [junit] 11 ms. Memory: 146944K Free: 83492K (57%)
    [junit] reloadAllAccessors: .DEModelOfPtidesSimple
    [junit] ----------------- testing Sat Apr 14 21:47:03 UTC 2018 /home/travis/build/icyphy/ptII/doc/books/systems/modelingtime/test/auto/ExecutionTime.xml
    [junit] 63 ms. Memory: 146944K Free: 133917K (91%)
    [junit] reloadAllAccessors: .ExecutionTime
    [junit] ----------------- testing Sat Apr 14 21:47:04 UTC 2018 /home/travis/build/icyphy/ptII/doc/books/systems/modelingtime/test/auto/GeneratorResourceScheduler.xml
    [junit] WARNING: The execution aspects in this model can influence the timing of actors by delaying the 
    [junit] execution, potentially changing the behavior. There is no guarantee that actors fire at the 
    [junit] time they request to be fired. 
    [junit] Use Ptides for deterministic DE behavior that is not influenced by execution aspects. 
    [junit] 
    [junit] 829 ms. Memory: 208384K Free: 124299K (60%)
    [junit] reloadAllAccessors: .GeneratorExecutionAspect
    [junit] ----------------- testing Sat Apr 14 21:47:05 UTC 2018 /home/travis/build/icyphy/ptII/doc/books/systems/modelingtime/test/auto/HeartBeatDetector.xml
    [junit] 83 ms. Memory: 208384K Free: 83636K (40%)
    [junit] reloadAllAccessors: .HeartBeatDetector
    [junit] ----------------- testing Sat Apr 14 21:47:05 UTC 2018 /home/travis/build/icyphy/ptII/doc/books/systems/modelingtime/test/auto/LineFaultModel.xml
    [junit] 186 ms. Memory: 208896K Free: 174370K (83%)
    [junit] reloadAllAccessors: .LineFaultModel
    [junit] ----------------- testing Sat Apr 14 21:47:06 UTC 2018 /home/travis/build/icyphy/ptII/doc/books/systems/modelingtime/test/auto/LineFaultModelWithBetterCQM.xml
    [junit] 213 ms. Memory: 208896K Free: 121659K (58%)
    [junit] reloadAllAccessors: .LineFaultModelWithBetterCompositeCommunicationAspect
    [junit] ----------------- testing Sat Apr 14 21:47:06 UTC 2018 /home/travis/build/icyphy/ptII/doc/books/systems/modelingtime/test/auto/LineFaultModelWithCQM.xml
    [junit] 182 ms. Memory: 331776K Free: 315619K (95%)
    [junit] reloadAllAccessors: .LineFaultModelWithCompositeCommunicationAspect
    [junit] ----------------- testing Sat Apr 14 21:47:06 UTC 2018 /home/travis/build/icyphy/ptII/doc/books/systems/modelingtime/test/auto/LineFaultModelWithDelays.xml
    [junit] 164 ms. Memory: 331776K Free: 276035K (83%)
    [junit] reloadAllAccessors: .LineFaultModelWithDelays
    [junit] ----------------- testing Sat Apr 14 21:47:07 UTC 2018 /home/travis/build/icyphy/ptII/doc/books/systems/modelingtime/test/auto/LineFaultModelWithQM.xml
    [junit] 132 ms. Memory: 331776K Free: 227087K (68%)
    [junit] reloadAllAccessors: .LineFaultModelWithQM
    [junit] ----------------- testing Sat Apr 14 21:47:07 UTC 2018 /home/travis/build/icyphy/ptII/doc/books/systems/modelingtime/test/auto/LineFaultModelWithTwoQMs.xml
    [junit] 173 ms. Memory: 331776K Free: 169948K (51%)
    [junit] reloadAllAccessors: .LineFaultModelWithTwoQMs
    [junit] ----------------- testing Sat Apr 14 21:47:07 UTC 2018 /home/travis/build/icyphy/ptII/doc/books/systems/modelingtime/test/auto/LineFaultModel_noClockSync.xml
    [junit] 629 ms. Memory: 331776K Free: 295473K (89%)
    [junit] reloadAllAccessors: .LineFaultModel_noClockSync
    [junit] ----------------- testing Sat Apr 14 21:47:08 UTC 2018 /home/travis/build/icyphy/ptII/doc/books/systems/modelingtime/test/auto/LocalSource.xml
    [junit] 18 ms. Memory: 331776K Free: 284195K (86%)
    [junit] reloadAllAccessors: .LocalSource
    [junit] ----------------- testing Sat Apr 14 21:47:08 UTC 2018 /home/travis/build/icyphy/ptII/doc/books/systems/modelingtime/test/auto/PtidesSchema.xml
    [junit] 36 ms. Memory: 331776K Free: 258217K (78%)
    [junit] reloadAllAccessors: .PtidesSchema
    [junit] ----------------- testing Sat Apr 14 21:47:08 UTC 2018 /home/travis/build/icyphy/ptII/doc/books/systems/modelingtime/test/auto/PtidesSchema_Exception.xml
    [junit] 25 ms. Memory: 331776K Free: 231279K (70%)
    [junit] reloadAllAccessors: .PtidesSchema_Exception
    [junit] ----------------- testing Sat Apr 14 21:47:09 UTC 2018 /home/travis/build/icyphy/ptII/doc/books/systems/modelingtime/test/auto/ResourceScheduler.xml
    [junit] 26 ms. Memory: 331776K Free: 205300K (62%)
    [junit] reloadAllAccessors: .ResourceScheduler
    [junit] ----------------- testing Sat Apr 14 21:47:09 UTC 2018 /home/travis/build/icyphy/ptII/doc/books/systems/modelingtime/test/auto/SimplePtides.xml
    [junit] 16 ms. Memory: 331776K Free: 188168K (57%)
    [junit] reloadAllAccessors: .SimplePtides
    [junit] ----------------- testing Sat Apr 14 21:47:09 UTC 2018 /home/travis/build/icyphy/ptII/doc/books/systems/modelingtime/test/auto/TimePlot.xml
    [junit] 106 ms. Memory: 331776K Free: 158519K (48%)
    [junit] reloadAllAccessors: .TimePlot
    [junit] AutoTests.java: About to close Vertx.
    [junit] AutoTests.java: Vertx closed.
    [junit] 
    [junit] javachdir: directory = doc/books/systems/ontologies/test
    [junit] javachdir: pwd: /home/travis/build/icyphy/ptII/doc/books/systems/ontologies/test  Invoking with -Djava.net.preferIPv4Stack=true
    [junit] Running doc.books.systems.ontologies.test.junit.JUnitTclTest
    [junit] No tcl tests in /home/travis/build/icyphy/ptII/doc/books/systems/ontologies/test
    [junit] No auto/knownFailedTests/*.xml tests in /home/travis/build/icyphy/ptII/doc/books/systems/ontologies/test
    [junit] No auto/*.xml tests in /home/travis/build/icyphy/ptII/doc/books/systems/ontologies/test
    [junit] AutoTests.java: About to close Vertx.
    [junit] AutoTests.java: Vertx closed.
    [junit] No auto/*.xml tests in /home/travis/build/icyphy/ptII/doc/books/systems/ontologies/test
    [junit] AutoTests.java: About to close Vertx.
    [junit] AutoTests.java: Vertx closed.
    [junit] Tests run: 4, Failures: 0, Errors: 0, Skipped: 0, Time elapsed: 0.511 sec
    [junit] Output:
    [junit] No tcl tests in /home/travis/build/icyphy/ptII/doc/books/systems/ontologies/test
    [junit] No auto/knownFailedTests/*.xml tests in /home/travis/build/icyphy/ptII/doc/books/systems/ontologies/test
    [junit] No auto/*.xml tests in /home/travis/build/icyphy/ptII/doc/books/systems/ontologies/test
    [junit] AutoTests.java: About to close Vertx.
    [junit] AutoTests.java: Vertx closed.
    [junit] No auto/*.xml tests in /home/travis/build/icyphy/ptII/doc/books/systems/ontologies/test
    [junit] AutoTests.java: About to close Vertx.
    [junit] AutoTests.java: Vertx closed.
    [junit] 
    [junit] javachdir: directory = doc/books/systems/plotter/test
    [junit] javachdir: pwd: /home/travis/build/icyphy/ptII/doc/books/systems/plotter/test  Invoking with -Djava.net.preferIPv4Stack=true
    [junit] Running doc.books.systems.plotter.test.junit.JUnitTclTest
    [junit] No tcl tests in /home/travis/build/icyphy/ptII/doc/books/systems/plotter/test
    [junit] No auto/knownFailedTests/*.xml tests in /home/travis/build/icyphy/ptII/doc/books/systems/plotter/test
    [junit] No auto/*.xml tests in /home/travis/build/icyphy/ptII/doc/books/systems/plotter/test
    [junit] AutoTests.java: About to close Vertx.
    [junit] AutoTests.java: Vertx closed.
    [junit] ----------------- testing Sat Apr 14 21:47:11 UTC 2018 /home/travis/build/icyphy/ptII/doc/books/systems/plotter/test/auto/SpectrumOfNoisySinusoids.xml
    [junit] 172 ms. Memory: 116224K Free: 100194K (86%)
    [junit] reloadAllAccessors: .spectrumOfNoisySinusoid
    [junit] AutoTests.java: About to close Vertx.
    [junit] AutoTests.java: Vertx closed.
    [junit] Tests run: 4, Failures: 0, Errors: 0, Skipped: 0, Time elapsed: 1.178 sec
    [junit] Output:
    [junit] No tcl tests in /home/travis/build/icyphy/ptII/doc/books/systems/plotter/test
    [junit] No auto/knownFailedTests/*.xml tests in /home/travis/build/icyphy/ptII/doc/books/systems/plotter/test
    [junit] No auto/*.xml tests in /home/travis/build/icyphy/ptII/doc/books/systems/plotter/test
    [junit] AutoTests.java: About to close Vertx.
    [junit] AutoTests.java: Vertx closed.
    [junit] ----------------- testing Sat Apr 14 21:47:11 UTC 2018 /home/travis/build/icyphy/ptII/doc/books/systems/plotter/test/auto/SpectrumOfNoisySinusoids.xml
    [junit] 172 ms. Memory: 116224K Free: 100194K (86%)
    [junit] reloadAllAccessors: .spectrumOfNoisySinusoid
    [junit] AutoTests.java: About to close Vertx.
    [junit] AutoTests.java: Vertx closed.
    [junit] 
    [junit] javachdir: directory = doc/books/systems/pn/test
    [junit] javachdir: pwd: /home/travis/build/icyphy/ptII/doc/books/systems/pn/test  Invoking with -Djava.net.preferIPv4Stack=true
    [junit] Running doc.books.systems.pn.test.junit.JUnitTclTest
    [junit] No tcl tests in /home/travis/build/icyphy/ptII/doc/books/systems/pn/test
    [junit] No auto/knownFailedTests/*.xml tests in /home/travis/build/icyphy/ptII/doc/books/systems/pn/test
    [junit] No auto/*.xml tests in /home/travis/build/icyphy/ptII/doc/books/systems/pn/test
    [junit] AutoTests.java: About to close Vertx.
    [junit] AutoTests.java: Vertx closed.
    [junit] ----------------- testing Sat Apr 14 21:47:13 UTC 2018 /home/travis/build/icyphy/ptII/doc/books/systems/pn/test/auto/Barrier.xml
    [junit] 6847 ms. Memory: 116224K Free: 83126K (72%)
    [junit] reloadAllAccessors: .Barrier
    [junit] ----------------- testing Sat Apr 14 21:47:20 UTC 2018 /home/travis/build/icyphy/ptII/doc/books/systems/pn/test/auto/HammingNumbers.xml
    [junit] 3723 ms. Memory: 116224K Free: 104450K (90%)
    [junit] reloadAllAccessors: .HammingNumbers
    [junit] ----------------- testing Sat Apr 14 21:47:24 UTC 2018 /home/travis/build/icyphy/ptII/doc/books/systems/pn/test/auto/RendezvousMerge.xml
    [junit] 22 ms. Memory: 116224K Free: 100088K (86%)
    [junit] reloadAllAccessors: .RendezvousMerge
    [junit] ----------------- testing Sat Apr 14 21:47:24 UTC 2018 /home/travis/build/icyphy/ptII/doc/books/systems/pn/test/auto/RendezvousOrderedMerge.xml
    [junit] 63 ms. Memory: 116224K Free: 95562K (82%)
    [junit] reloadAllAccessors: .RendezvousOrderedMerge
    [junit] ----------------- testing Sat Apr 14 21:47:24 UTC 2018 /home/travis/build/icyphy/ptII/doc/books/systems/pn/test/auto/ResourcePool.xml
    [junit] Warning: '.ResourcePool.Test2' The test produced only 0 tokens, yet the correctValues parameter was expecting 1 tokens.
    [junit] java.lang.RuntimeException: Execution failed
    [junit] 	at ptolemy.moml.MoMLSimpleApplication$UnloadThread.run(MoMLSimpleApplication.java:402)
    [junit] Caused by: ptolemy.kernel.util.IllegalActionException: Test fails in iteration 0.
    [junit] Value was: 18. Should have been: 1
    [junit]   in .ResourcePool.Test2
    [junit] 	at ptolemy.actor.lib.Test.fire(Test.java:268)
    [junit] 	at ptolemy.actor.process.ProcessThread._iterateActor(ProcessThread.java:339)
    [junit] 	at ptolemy.actor.process.ProcessThread.run(ProcessThread.java:213)
    [junit] 
    [junit] Exception: java.lang.RuntimeException thrown from the UncaughtExceptionHandler in thread "Thread-56"
    [junit] ----------------- testing Sat Apr 14 21:47:26 UTC 2018 /home/travis/build/icyphy/ptII/doc/books/systems/pn/test/auto/SensorModel.xml
    [junit] 3507 ms. Memory: 116224K Free: 81161K (70%)
    [junit] 1946 ms. Memory: 116224K Free: 81092K (70%)
    [junit] reloadAllAccessors: .SensorModel
    [junit] ----------------- testing Sat Apr 14 21:47:28 UTC 2018 /home/travis/build/icyphy/ptII/doc/books/systems/pn/test/auto/WriteRegulator.xml
    [junit] 4757 ms. Memory: 115712K Free: 108114K (93%)
    [junit] reloadAllAccessors: .WriteRegulator
    [junit] AutoTests.java: About to close Vertx.
    [junit] AutoTests.java: Vertx closed.
    [junit] Tests run: 10, Failures: 0, Errors: 1, Skipped: 0, Time elapsed: 20.753 sec
    [junit] Output:
    [junit] No tcl tests in /home/travis/build/icyphy/ptII/doc/books/systems/pn/test
    [junit] No auto/knownFailedTests/*.xml tests in /home/travis/build/icyphy/ptII/doc/books/systems/pn/test
    [junit] No auto/*.xml tests in /home/travis/build/icyphy/ptII/doc/books/systems/pn/test
    [junit] AutoTests.java: About to close Vertx.
    [junit] AutoTests.java: Vertx closed.
    [junit] ----------------- testing Sat Apr 14 21:47:13 UTC 2018 /home/travis/build/icyphy/ptII/doc/books/systems/pn/test/auto/Barrier.xml
    [junit] 6847 ms. Memory: 116224K Free: 83126K (72%)
    [junit] reloadAllAccessors: .Barrier
    [junit] ----------------- testing Sat Apr 14 21:47:20 UTC 2018 /home/travis/build/icyphy/ptII/doc/books/systems/pn/test/auto/HammingNumbers.xml
    [junit] 3723 ms. Memory: 116224K Free: 104450K (90%)
    [junit] reloadAllAccessors: .HammingNumbers
    [junit] ----------------- testing Sat Apr 14 21:47:24 UTC 2018 /home/travis/build/icyphy/ptII/doc/books/systems/pn/test/auto/RendezvousMerge.xml
    [junit] 22 ms. Memory: 116224K Free: 100088K (86%)
    [junit] reloadAllAccessors: .RendezvousMerge
    [junit] ----------------- testing Sat Apr 14 21:47:24 UTC 2018 /home/travis/build/icyphy/ptII/doc/books/systems/pn/test/auto/RendezvousOrderedMerge.xml
    [junit] 63 ms. Memory: 116224K Free: 95562K (82%)
    [junit] reloadAllAccessors: .RendezvousOrderedMerge
    [junit] ----------------- testing Sat Apr 14 21:47:24 UTC 2018 /home/travis/build/icyphy/ptII/doc/books/systems/pn/test/auto/ResourcePool.xml
    [junit] ----------------- testing Sat Apr 14 21:47:26 UTC 2018 /home/travis/build/icyphy/ptII/doc/books/systems/pn/test/auto/SensorModel.xml
    [junit] 3507 ms. Memory: 116224K Free: 81161K (70%)
    [junit] 1946 ms. Memory: 116224K Free: 81092K (70%)
    [junit] reloadAllAccessors: .SensorModel
    [junit] ----------------- testing Sat Apr 14 21:47:28 UTC 2018 /home/travis/build/icyphy/ptII/doc/books/systems/pn/test/auto/WriteRegulator.xml
    [junit] 4757 ms. Memory: 115712K Free: 108114K (93%)
    [junit] reloadAllAccessors: .WriteRegulator
    [junit] AutoTests.java: About to close Vertx.
    [junit] AutoTests.java: Vertx closed.
    [junit] 
    [junit] Error: 
    [junit] Warning: '.ResourcePool.Test2' The test produced only 0 tokens, yet the correctValues parameter was expecting 1 tokens.
    [junit] java.lang.RuntimeException: Execution failed
    [junit] 	at ptolemy.moml.MoMLSimpleApplication$UnloadThread.run(MoMLSimpleApplication.java:402)
    [junit] Caused by: ptolemy.kernel.util.IllegalActionException: Test fails in iteration 0.
    [junit] Value was: 18. Should have been: 1
    [junit]   in .ResourcePool.Test2
    [junit] 	at ptolemy.actor.lib.Test.fire(Test.java:268)
    [junit] 	at ptolemy.actor.process.ProcessThread._iterateActor(ProcessThread.java:339)
    [junit] 	at ptolemy.actor.process.ProcessThread.run(ProcessThread.java:213)
    [junit] 
    [junit] Test doc.books.systems.pn.test.junit.JUnitTclTest FAILED
    [junit] javachdir: directory = doc/books/systems/ptera/test
    [junit] javachdir: pwd: /home/travis/build/icyphy/ptII/doc/books/systems/ptera/test  Invoking with -Djava.net.preferIPv4Stack=true
    [junit] Running doc.books.systems.ptera.test.junit.JUnitTclTest
    [junit] No tcl tests in /home/travis/build/icyphy/ptII/doc/books/systems/ptera/test
    [junit] No auto/knownFailedTests/*.xml tests in /home/travis/build/icyphy/ptII/doc/books/systems/ptera/test
    [junit] No auto/*.xml tests in /home/travis/build/icyphy/ptII/doc/books/systems/ptera/test
    [junit] AutoTests.java: About to close Vertx.
    [junit] AutoTests.java: Vertx closed.
    [junit] No auto/*.xml tests in /home/travis/build/icyphy/ptII/doc/books/systems/ptera/test
    [junit] AutoTests.java: About to close Vertx.
    [junit] AutoTests.java: Vertx closed.
    [junit] Tests run: 4, Failures: 0, Errors: 0, Skipped: 0, Time elapsed: 0.539 sec
    [junit] Output:
    [junit] No tcl tests in /home/travis/build/icyphy/ptII/doc/books/systems/ptera/test
    [junit] No auto/knownFailedTests/*.xml tests in /home/travis/build/icyphy/ptII/doc/books/systems/ptera/test
    [junit] No auto/*.xml tests in /home/travis/build/icyphy/ptII/doc/books/systems/ptera/test
    [junit] AutoTests.java: About to close Vertx.
    [junit] AutoTests.java: Vertx closed.
    [junit] No auto/*.xml tests in /home/travis/build/icyphy/ptII/doc/books/systems/ptera/test
    [junit] AutoTests.java: About to close Vertx.
    [junit] AutoTests.java: Vertx closed.
    [junit] 
    [junit] javachdir: directory = doc/books/systems/synchronous/test
    [junit] javachdir: pwd: /home/travis/build/icyphy/ptII/doc/books/systems/synchronous/test  Invoking with -Djava.net.preferIPv4Stack=true
    [junit] Running doc.books.systems.synchronous.test.junit.JUnitTclTest
    [junit] No tcl tests in /home/travis/build/icyphy/ptII/doc/books/systems/synchronous/test
    [junit] No auto/knownFailedTests/*.xml tests in /home/travis/build/icyphy/ptII/doc/books/systems/synchronous/test
    [junit] No auto/*.xml tests in /home/travis/build/icyphy/ptII/doc/books/systems/synchronous/test
    [junit] AutoTests.java: About to close Vertx.
    [junit] AutoTests.java: Vertx closed.
    [junit] ----------------- testing Sat Apr 14 21:47:35 UTC 2018 /home/travis/build/icyphy/ptII/doc/books/systems/synchronous/test/auto/Counter.xml
    [junit] 39 ms. Memory: 116224K Free: 87557K (75%)
    [junit] reloadAllAccessors: .Counter
    [junit] ----------------- testing Sat Apr 14 21:47:35 UTC 2018 /home/travis/build/icyphy/ptII/doc/books/systems/synchronous/test/auto/CounterWithPre.xml
    [junit] 10 ms. Memory: 116224K Free: 82125K (71%)
    [junit] reloadAllAccessors: .CounterWithPre
    [junit] ----------------- testing Sat Apr 14 21:47:35 UTC 2018 /home/travis/build/icyphy/ptII/doc/books/systems/synchronous/test/auto/GuardedCount.xml
    [junit] 27 ms. Memory: 116224K Free: 102603K (88%)
    [junit] reloadAllAccessors: .GuardedCount
    [junit] ----------------- testing Sat Apr 14 21:47:36 UTC 2018 /home/travis/build/icyphy/ptII/doc/books/systems/synchronous/test/auto/IfThenElseSR.xml
    [junit] 21 ms. Memory: 116224K Free: 96375K (83%)
    [junit] reloadAllAccessors: .IfThenElseSR
    [junit] ----------------- testing Sat Apr 14 21:47:36 UTC 2018 /home/travis/build/icyphy/ptII/doc/books/systems/synchronous/test/auto/MalikAcyclic.xml
    [junit] 8 ms. Memory: 116224K Free: 91558K (79%)
    [junit] reloadAllAccessors: .MalikAcyclic
    [junit] ----------------- testing Sat Apr 14 21:47:36 UTC 2018 /home/travis/build/icyphy/ptII/doc/books/systems/synchronous/test/auto/MalikCyclic.xml
    [junit] 8 ms. Memory: 116224K Free: 86505K (74%)
    [junit] reloadAllAccessors: .MalikCyclic
    [junit] ----------------- testing Sat Apr 14 21:47:36 UTC 2018 /home/travis/build/icyphy/ptII/doc/books/systems/synchronous/test/auto/NonConstructive.xml
    [junit] 3 ms. Memory: 116224K Free: 82350K (71%)
    [junit] reloadAllAccessors: .NonConstructive
    [junit] ----------------- testing Sat Apr 14 21:47:36 UTC 2018 /home/travis/build/icyphy/ptII/doc/books/systems/synchronous/test/auto/NonStrictAndInLoop.xml
    [junit] 8 ms. Memory: 116224K Free: 111629K (96%)
    [junit] reloadAllAccessors: .NonStrictAndInLoop
    [junit] ----------------- testing Sat Apr 14 21:47:36 UTC 2018 /home/travis/build/icyphy/ptII/doc/books/systems/synchronous/test/auto/NotInLoop.xml
    [junit] 2 ms. Memory: 116224K Free: 109186K (94%)
    [junit] reloadAllAccessors: .NotInLoop
    [junit] ----------------- testing Sat Apr 14 21:47:36 UTC 2018 /home/travis/build/icyphy/ptII/doc/books/systems/synchronous/test/auto/PeriodicController.xml
    [junit] 861 ms. Memory: 146944K Free: 118171K (80%)
    [junit] reloadAllAccessors: .PeriodicController
    [junit] ----------------- testing Sat Apr 14 21:47:37 UTC 2018 /home/travis/build/icyphy/ptII/doc/books/systems/synchronous/test/auto/PlaceHolderBecauseSynchronousHasNoTestsYet.xml
    [junit] 1410 ms. Memory: 209920K Free: 119594K (57%)
    [junit] reloadAllAccessors: .BetterFibonacci
    [junit] ----------------- testing Sat Apr 14 21:47:39 UTC 2018 /home/travis/build/icyphy/ptII/doc/books/systems/synchronous/test/auto/ScaleInLoop.xml
    [junit] 7 ms. Memory: 209920K Free: 115302K (55%)
    [junit] reloadAllAccessors: .ScaleInLoop
    [junit] AutoTests.java: About to close Vertx.
    [junit] AutoTests.java: Vertx closed.
    [junit] Tests run: 15, Failures: 0, Errors: 0, Skipped: 0, Time elapsed: 4.182 sec
    [junit] Output:
    [junit] No tcl tests in /home/travis/build/icyphy/ptII/doc/books/systems/synchronous/test
    [junit] No auto/knownFailedTests/*.xml tests in /home/travis/build/icyphy/ptII/doc/books/systems/synchronous/test
    [junit] No auto/*.xml tests in /home/travis/build/icyphy/ptII/doc/books/systems/synchronous/test
    [junit] AutoTests.java: About to close Vertx.
    [junit] AutoTests.java: Vertx closed.
    [junit] ----------------- testing Sat Apr 14 21:47:35 UTC 2018 /home/travis/build/icyphy/ptII/doc/books/systems/synchronous/test/auto/Counter.xml
    [junit] 39 ms. Memory: 116224K Free: 87557K (75%)
    [junit] reloadAllAccessors: .Counter
    [junit] ----------------- testing Sat Apr 14 21:47:35 UTC 2018 /home/travis/build/icyphy/ptII/doc/books/systems/synchronous/test/auto/CounterWithPre.xml
    [junit] 10 ms. Memory: 116224K Free: 82125K (71%)
    [junit] reloadAllAccessors: .CounterWithPre
    [junit] ----------------- testing Sat Apr 14 21:47:35 UTC 2018 /home/travis/build/icyphy/ptII/doc/books/systems/synchronous/test/auto/GuardedCount.xml
    [junit] 27 ms. Memory: 116224K Free: 102603K (88%)
    [junit] reloadAllAccessors: .GuardedCount
    [junit] ----------------- testing Sat Apr 14 21:47:36 UTC 2018 /home/travis/build/icyphy/ptII/doc/books/systems/synchronous/test/auto/IfThenElseSR.xml
    [junit] 21 ms. Memory: 116224K Free: 96375K (83%)
    [junit] reloadAllAccessors: .IfThenElseSR
    [junit] ----------------- testing Sat Apr 14 21:47:36 UTC 2018 /home/travis/build/icyphy/ptII/doc/books/systems/synchronous/test/auto/MalikAcyclic.xml
    [junit] 8 ms. Memory: 116224K Free: 91558K (79%)
    [junit] reloadAllAccessors: .MalikAcyclic
    [junit] ----------------- testing Sat Apr 14 21:47:36 UTC 2018 /home/travis/build/icyphy/ptII/doc/books/systems/synchronous/test/auto/MalikCyclic.xml
    [junit] 8 ms. Memory: 116224K Free: 86505K (74%)
    [junit] reloadAllAccessors: .MalikCyclic
    [junit] ----------------- testing Sat Apr 14 21:47:36 UTC 2018 /home/travis/build/icyphy/ptII/doc/books/systems/synchronous/test/auto/NonConstructive.xml
    [junit] 3 ms. Memory: 116224K Free: 82350K (71%)
    [junit] reloadAllAccessors: .NonConstructive
    [junit] ----------------- testing Sat Apr 14 21:47:36 UTC 2018 /home/travis/build/icyphy/ptII/doc/books/systems/synchronous/test/auto/NonStrictAndInLoop.xml
    [junit] 8 ms. Memory: 116224K Free: 111629K (96%)
    [junit] reloadAllAccessors: .NonStrictAndInLoop
    [junit] ----------------- testing Sat Apr 14 21:47:36 UTC 2018 /home/travis/build/icyphy/ptII/doc/books/systems/synchronous/test/auto/NotInLoop.xml
    [junit] 2 ms. Memory: 116224K Free: 109186K (94%)
    [junit] reloadAllAccessors: .NotInLoop
    [junit] ----------------- testing Sat Apr 14 21:47:36 UTC 2018 /home/travis/build/icyphy/ptII/doc/books/systems/synchronous/test/auto/PeriodicController.xml
    [junit] 861 ms. Memory: 146944K Free: 118171K (80%)
    [junit] reloadAllAccessors: .PeriodicController
    [junit] ----------------- testing Sat Apr 14 21:47:37 UTC 2018 /home/travis/build/icyphy/ptII/doc/books/systems/synchronous/test/auto/PlaceHolderBecauseSynchronousHasNoTestsYet.xml
    [junit] 1410 ms. Memory: 209920K Free: 119594K (57%)
    [junit] reloadAllAccessors: .BetterFibonacci
    [junit] ----------------- testing Sat Apr 14 21:47:39 UTC 2018 /home/travis/build/icyphy/ptII/doc/books/systems/synchronous/test/auto/ScaleInLoop.xml
    [junit] 7 ms. Memory: 209920K Free: 115302K (55%)
    [junit] reloadAllAccessors: .ScaleInLoop
    [junit] AutoTests.java: About to close Vertx.
    [junit] AutoTests.java: Vertx closed.
    [junit] 
    [junit] javachdir: directory = doc/books/systems/types/test
    [junit] javachdir: pwd: /home/travis/build/icyphy/ptII/doc/books/systems/types/test  Invoking with -Djava.net.preferIPv4Stack=true
    [junit] Running doc.books.systems.types.test.junit.JUnitTclTest
    [junit] No tcl tests in /home/travis/build/icyphy/ptII/doc/books/systems/types/test
    [junit] No auto/knownFailedTests/*.xml tests in /home/travis/build/icyphy/ptII/doc/books/systems/types/test
    [junit] No auto/*.xml tests in /home/travis/build/icyphy/ptII/doc/books/systems/types/test
    [junit] AutoTests.java: About to close Vertx.
    [junit] AutoTests.java: Vertx closed.
    [junit] ----------------- testing Sat Apr 14 21:47:40 UTC 2018 /home/travis/build/icyphy/ptII/doc/books/systems/types/test/auto/ObjectType.xml
    [junit] 27 ms. Memory: 116224K Free: 89235K (77%)
    [junit] reloadAllAccessors: .ObjectType
    [junit] ----------------- testing Sat Apr 14 21:47:40 UTC 2018 /home/travis/build/icyphy/ptII/doc/books/systems/types/test/auto/ObjectTypeCoerced.xml
    [junit] 6 ms. Memory: 116224K Free: 85422K (73%)
    [junit] reloadAllAccessors: .ObjectTypeCoerced
    [junit] ----------------- testing Sat Apr 14 21:47:40 UTC 2018 /home/travis/build/icyphy/ptII/doc/books/systems/types/test/auto/ObjectTypeCoerced2.xml
    [junit] 6 ms. Memory: 116224K Free: 82182K (71%)
    [junit] reloadAllAccessors: .ObjectTypeCoerced2
    [junit] ----------------- testing Sat Apr 14 21:47:40 UTC 2018 /home/travis/build/icyphy/ptII/doc/books/systems/types/test/auto/ObjectTypeMethodInvocation.xml
    [junit] 12 ms. Memory: 116224K Free: 108634K (93%)
    [junit] reloadAllAccessors: .ObjectTypeMethodInvocation
    [junit] ----------------- testing Sat Apr 14 21:47:40 UTC 2018 /home/travis/build/icyphy/ptII/doc/books/systems/types/test/auto/TypeConversion.xml
    [junit] 7 ms. Memory: 116224K Free: 103734K (89%)
    [junit] reloadAllAccessors: .TypeConversion
    [junit] AutoTests.java: About to close Vertx.
    [junit] AutoTests.java: Vertx closed.
    [junit] Tests run: 8, Failures: 0, Errors: 0, Skipped: 0, Time elapsed: 1.04 sec
    [junit] Output:
    [junit] No tcl tests in /home/travis/build/icyphy/ptII/doc/books/systems/types/test
    [junit] No auto/knownFailedTests/*.xml tests in /home/travis/build/icyphy/ptII/doc/books/systems/types/test
    [junit] No auto/*.xml tests in /home/travis/build/icyphy/ptII/doc/books/systems/types/test
    [junit] AutoTests.java: About to close Vertx.
    [junit] AutoTests.java: Vertx closed.
    [junit] ----------------- testing Sat Apr 14 21:47:40 UTC 2018 /home/travis/build/icyphy/ptII/doc/books/systems/types/test/auto/ObjectType.xml
    [junit] 27 ms. Memory: 116224K Free: 89235K (77%)
    [junit] reloadAllAccessors: .ObjectType
    [junit] ----------------- testing Sat Apr 14 21:47:40 UTC 2018 /home/travis/build/icyphy/ptII/doc/books/systems/types/test/auto/ObjectTypeCoerced.xml
    [junit] 6 ms. Memory: 116224K Free: 85422K (73%)
    [junit] reloadAllAccessors: .ObjectTypeCoerced
    [junit] ----------------- testing Sat Apr 14 21:47:40 UTC 2018 /home/travis/build/icyphy/ptII/doc/books/systems/types/test/auto/ObjectTypeCoerced2.xml
    [junit] 6 ms. Memory: 116224K Free: 82182K (71%)
    [junit] reloadAllAccessors: .ObjectTypeCoerced2
    [junit] ----------------- testing Sat Apr 14 21:47:40 UTC 2018 /home/travis/build/icyphy/ptII/doc/books/systems/types/test/auto/ObjectTypeMethodInvocation.xml
    [junit] 12 ms. Memory: 116224K Free: 108634K (93%)
    [junit] reloadAllAccessors: .ObjectTypeMethodInvocation
    [junit] ----------------- testing Sat Apr 14 21:47:40 UTC 2018 /home/travis/build/icyphy/ptII/doc/books/systems/types/test/auto/TypeConversion.xml
    [junit] 7 ms. Memory: 116224K Free: 103734K (89%)
    [junit] reloadAllAccessors: .TypeConversion
    [junit] AutoTests.java: About to close Vertx.
    [junit] AutoTests.java: Vertx closed.
    [junit] 
    [junit] javachdir: directory = doc/books/systems/vergil/test
    [junit] javachdir: pwd: /home/travis/build/icyphy/ptII/doc/books/systems/vergil/test  Invoking with -Djava.net.preferIPv4Stack=true
    [junit] Running doc.books.systems.vergil.test.junit.JUnitTclTest
    [junit] No tcl tests in /home/travis/build/icyphy/ptII/doc/books/systems/vergil/test
    [junit] No auto/knownFailedTests/*.xml tests in /home/travis/build/icyphy/ptII/doc/books/systems/vergil/test
    [junit] No auto/*.xml tests in /home/travis/build/icyphy/ptII/doc/books/systems/vergil/test
    [junit] AutoTests.java: About to close Vertx.
    [junit] AutoTests.java: Vertx closed.
    [junit] ----------------- testing Sat Apr 14 21:47:41 UTC 2018 /home/travis/build/icyphy/ptII/doc/books/systems/vergil/test/auto/AddingStrings.xml
    [junit] 39 ms. Memory: 116224K Free: 86985K (75%)
    [junit] reloadAllAccessors: .AddingStrings
    [junit] ----------------- testing Sat Apr 14 21:47:42 UTC 2018 /home/travis/build/icyphy/ptII/doc/books/systems/vergil/test/auto/AddingStringsException.xml
    [junit] 6 ms. Memory: 116224K Free: 82419K (71%)
    [junit] reloadAllAccessors: .AddingStringsException
    [junit] ----------------- testing Sat Apr 14 21:47:42 UTC 2018 /home/travis/build/icyphy/ptII/doc/books/systems/vergil/test/auto/ApplyFunction.xml
    [junit] 43 ms. Memory: 116224K Free: 105417K (91%)
    [junit] reloadAllAccessors: .ApplyFunction
    [junit] ----------------- testing Sat Apr 14 21:47:42 UTC 2018 /home/travis/build/icyphy/ptII/doc/books/systems/vergil/test/auto/ChannelBadDesign.xml
    [junit] 135 ms. Memory: 116224K Free: 111232K (96%)
    [junit] reloadAllAccessors: .ChannelBadDesign
    [junit] ----------------- testing Sat Apr 14 21:47:42 UTC 2018 /home/travis/build/icyphy/ptII/doc/books/systems/vergil/test/auto/ChannelGoodDesign.xml
    [junit] 79 ms. Memory: 116224K Free: 90883K (78%)
    [junit] reloadAllAccessors: .ChannelGoodDesign
    [junit] ----------------- testing Sat Apr 14 21:47:42 UTC 2018 /home/travis/build/icyphy/ptII/doc/books/systems/vergil/test/auto/ChannelSingle.xml
    [junit] 28 ms. Memory: 116224K Free: 81694K (70%)
    [junit] reloadAllAccessors: .ChannelSingle
    [junit] ----------------- testing Sat Apr 14 21:47:43 UTC 2018 /home/travis/build/icyphy/ptII/doc/books/systems/vergil/test/auto/ChannelWithIcon.xml
    [junit] 47 ms. Memory: 146944K Free: 117969K (80%)
    [junit] reloadAllAccessors: .ChannelWithIcon
    [junit] ----------------- testing Sat Apr 14 21:47:43 UTC 2018 /home/travis/build/icyphy/ptII/doc/books/systems/vergil/test/auto/ChannelWithIterate.xml
    [junit] 96 ms. Memory: 146944K Free: 98956K (67%)
    [junit] reloadAllAccessors: .ChannelWithIterate
    [junit] ----------------- testing Sat Apr 14 21:47:43 UTC 2018 /home/travis/build/icyphy/ptII/doc/books/systems/vergil/test/auto/ChannelWithMultiInstance.xml
    [junit] 194 ms. Memory: 146944K Free: 132766K (90%)
    [junit] reloadAllAccessors: .ChannelWithMultiInstance
    [junit] ----------------- testing Sat Apr 14 21:47:43 UTC 2018 /home/travis/build/icyphy/ptII/doc/books/systems/vergil/test/auto/ChannelWithOverrides.xml
    [junit] 57 ms. Memory: 146944K Free: 110918K (75%)
    [junit] reloadAllAccessors: .ChannelWithOverrides
    [junit] ----------------- testing Sat Apr 14 21:47:43 UTC 2018 /home/travis/build/icyphy/ptII/doc/books/systems/vergil/test/auto/ChannelWithSubclass.xml
    [junit] 42 ms. Memory: 146944K Free: 90013K (61%)
    [junit] reloadAllAccessors: .ChannelWithSubclass
    [junit] ----------------- testing Sat Apr 14 21:47:44 UTC 2018 /home/travis/build/icyphy/ptII/doc/books/systems/vergil/test/auto/ChannelWithSubclassWithOverrides.xml
    [junit] 59 ms. Memory: 208384K Free: 179960K (86%)
    [junit] reloadAllAccessors: .ChannelWithSubclassWithOverrides
    [junit] ----------------- testing Sat Apr 14 21:47:44 UTC 2018 /home/travis/build/icyphy/ptII/doc/books/systems/vergil/test/auto/CustomIcon.xml
    [junit] 12 ms. Memory: 208384K Free: 169838K (82%)
    [junit] reloadAllAccessors: .CustomIcon
    [junit] ----------------- testing Sat Apr 14 21:47:44 UTC 2018 /home/travis/build/icyphy/ptII/doc/books/systems/vergil/test/auto/HelloWorld.xml
    [junit] 2 ms. Memory: 208384K Free: 166559K (80%)
    [junit] reloadAllAccessors: .HelloWorld
    [junit] ----------------- testing Sat Apr 14 21:47:44 UTC 2018 /home/travis/build/icyphy/ptII/doc/books/systems/vergil/test/auto/Spectrum.xml
    [junit] 47 ms. Memory: 208384K Free: 141672K (68%)
    [junit] reloadAllAccessors: .Spectrum
    [junit] ----------------- testing Sat Apr 14 21:47:44 UTC 2018 /home/travis/build/icyphy/ptII/doc/books/systems/vergil/test/auto/SpectrumOfNoisySinusoid.xml
    [junit] 22 ms. Memory: 208384K Free: 127787K (61%)
    [junit] reloadAllAccessors: .SpectrumOfNoisySinusoid
    [junit] ----------------- testing Sat Apr 14 21:47:44 UTC 2018 /home/travis/build/icyphy/ptII/doc/books/systems/vergil/test/auto/TypeModel.xml
    [junit] 4 ms. Memory: 208384K Free: 123708K (59%)
    [junit] reloadAllAccessors: .TypeModel
    [junit] ----------------- testing Sat Apr 14 21:47:44 UTC 2018 /home/travis/build/icyphy/ptII/doc/books/systems/vergil/test/auto/WidthInference.xml
    [junit] 5 ms. Memory: 208384K Free: 118480K (57%)
    [junit] reloadAllAccessors: .WidthInference
    [junit] AutoTests.java: About to close Vertx.
    [junit] AutoTests.java: Vertx closed.
    [junit] Tests run: 21, Failures: 0, Errors: 0, Skipped: 0, Time elapsed: 3.483 sec
    [junit] Output:
    [junit] No tcl tests in /home/travis/build/icyphy/ptII/doc/books/systems/vergil/test
    [junit] No auto/knownFailedTests/*.xml tests in /home/travis/build/icyphy/ptII/doc/books/systems/vergil/test
    [junit] No auto/*.xml tests in /home/travis/build/icyphy/ptII/doc/books/systems/vergil/test
    [junit] AutoTests.java: About to close Vertx.
    [junit] AutoTests.java: Vertx closed.
    [junit] ----------------- testing Sat Apr 14 21:47:41 UTC 2018 /home/travis/build/icyphy/ptII/doc/books/systems/vergil/test/auto/AddingStrings.xml
    [junit] 39 ms. Memory: 116224K Free: 86985K (75%)
    [junit] reloadAllAccessors: .AddingStrings
    [junit] ----------------- testing Sat Apr 14 21:47:42 UTC 2018 /home/travis/build/icyphy/ptII/doc/books/systems/vergil/test/auto/AddingStringsException.xml
    [junit] 6 ms. Memory: 116224K Free: 82419K (71%)
    [junit] reloadAllAccessors: .AddingStringsException
    [junit] ----------------- testing Sat Apr 14 21:47:42 UTC 2018 /home/travis/build/icyphy/ptII/doc/books/systems/vergil/test/auto/ApplyFunction.xml
    [junit] 43 ms. Memory: 116224K Free: 105417K (91%)
    [junit] reloadAllAccessors: .ApplyFunction
    [junit] ----------------- testing Sat Apr 14 21:47:42 UTC 2018 /home/travis/build/icyphy/ptII/doc/books/systems/vergil/test/auto/ChannelBadDesign.xml
    [junit] 135 ms. Memory: 116224K Free: 111232K (96%)
    [junit] reloadAllAccessors: .ChannelBadDesign
    [junit] ----------------- testing Sat Apr 14 21:47:42 UTC 2018 /home/travis/build/icyphy/ptII/doc/books/systems/vergil/test/auto/ChannelGoodDesign.xml
    [junit] 79 ms. Memory: 116224K Free: 90883K (78%)
    [junit] reloadAllAccessors: .ChannelGoodDesign
    [junit] ----------------- testing Sat Apr 14 21:47:42 UTC 2018 /home/travis/build/icyphy/ptII/doc/books/systems/vergil/test/auto/ChannelSingle.xml
    [junit] 28 ms. Memory: 116224K Free: 81694K (70%)
    [junit] reloadAllAccessors: .ChannelSingle
    [junit] ----------------- testing Sat Apr 14 21:47:43 UTC 2018 /home/travis/build/icyphy/ptII/doc/books/systems/vergil/test/auto/ChannelWithIcon.xml
    [junit] 47 ms. Memory: 146944K Free: 117969K (80%)
    [junit] reloadAllAccessors: .ChannelWithIcon
    [junit] ----------------- testing Sat Apr 14 21:47:43 UTC 2018 /home/travis/build/icyphy/ptII/doc/books/systems/vergil/test/auto/ChannelWithIterate.xml
    [junit] 96 ms. Memory: 146944K Free: 98956K (67%)
    [junit] reloadAllAccessors: .ChannelWithIterate
    [junit] ----------------- testing Sat Apr 14 21:47:43 UTC 2018 /home/travis/build/icyphy/ptII/doc/books/systems/vergil/test/auto/ChannelWithMultiInstance.xml
    [junit] 194 ms. Memory: 146944K Free: 132766K (90%)
    [junit] reloadAllAccessors: .ChannelWithMultiInstance
    [junit] ----------------- testing Sat Apr 14 21:47:43 UTC 2018 /home/travis/build/icyphy/ptII/doc/books/systems/vergil/test/auto/ChannelWithOverrides.xml
    [junit] 57 ms. Memory: 146944K Free: 110918K (75%)
    [junit] reloadAllAccessors: .ChannelWithOverrides
    [junit] ----------------- testing Sat Apr 14 21:47:43 UTC 2018 /home/travis/build/icyphy/ptII/doc/books/systems/vergil/test/auto/ChannelWithSubclass.xml
    [junit] 42 ms. Memory: 146944K Free: 90013K (61%)
    [junit] reloadAllAccessors: .ChannelWithSubclass
    [junit] ----------------- testing Sat Apr 14 21:47:44 UTC 2018 /home/travis/build/icyphy/ptII/doc/books/systems/vergil/test/auto/ChannelWithSubclassWithOverrides.xml
    [junit] 59 ms. Memory: 208384K Free: 179960K (86%)
    [junit] reloadAllAccessors: .ChannelWithSubclassWithOverrides
    [junit] ----------------- testing Sat Apr 14 21:47:44 UTC 2018 /home/travis/build/icyphy/ptII/doc/books/systems/vergil/test/auto/CustomIcon.xml
    [junit] 12 ms. Memory: 208384K Free: 169838K (82%)
    [junit] reloadAllAccessors: .CustomIcon
    [junit] ----------------- testing Sat Apr 14 21:47:44 UTC 2018 /home/travis/build/icyphy/ptII/doc/books/systems/vergil/test/auto/HelloWorld.xml
    [junit] 2 ms. Memory: 208384K Free: 166559K (80%)
    [junit] reloadAllAccessors: .HelloWorld
    [junit] ----------------- testing Sat Apr 14 21:47:44 UTC 2018 /home/travis/build/icyphy/ptII/doc/books/systems/vergil/test/auto/Spectrum.xml
    [junit] 47 ms. Memory: 208384K Free: 141672K (68%)
    [junit] reloadAllAccessors: .Spectrum
    [junit] ----------------- testing Sat Apr 14 21:47:44 UTC 2018 /home/travis/build/icyphy/ptII/doc/books/systems/vergil/test/auto/SpectrumOfNoisySinusoid.xml
    [junit] 22 ms. Memory: 208384K Free: 127787K (61%)
    [junit] reloadAllAccessors: .SpectrumOfNoisySinusoid
    [junit] ----------------- testing Sat Apr 14 21:47:44 UTC 2018 /home/travis/build/icyphy/ptII/doc/books/systems/vergil/test/auto/TypeModel.xml
    [junit] 4 ms. Memory: 208384K Free: 123708K (59%)
    [junit] reloadAllAccessors: .TypeModel
    [junit] ----------------- testing Sat Apr 14 21:47:44 UTC 2018 /home/travis/build/icyphy/ptII/doc/books/systems/vergil/test/auto/WidthInference.xml
    [junit] 5 ms. Memory: 208384K Free: 118480K (57%)
    [junit] reloadAllAccessors: .WidthInference
    [junit] AutoTests.java: About to close Vertx.
    [junit] AutoTests.java: Vertx closed.
    [junit] 
    [junit] javachdir: directory = doc/papers/y11/modularSemantics/test
    [junit] javachdir: pwd: /home/travis/build/icyphy/ptII/doc/papers/y11/modularSemantics/test  Invoking with -Djava.net.preferIPv4Stack=true
    [junit] Running doc.papers.y11.modularSemantics.test.junit.JUnitTclTest
    [junit] No tcl tests in /home/travis/build/icyphy/ptII/doc/papers/y11/modularSemantics/test
    [junit] No auto/knownFailedTests/*.xml tests in /home/travis/build/icyphy/ptII/doc/papers/y11/modularSemantics/test
    [junit] No auto/*.xml tests in /home/travis/build/icyphy/ptII/doc/papers/y11/modularSemantics/test
    [junit] AutoTests.java: About to close Vertx.
    [junit] AutoTests.java: Vertx closed.
    [junit] ----------------- testing Sat Apr 14 21:47:45 UTC 2018 /home/travis/build/icyphy/ptII/doc/papers/y11/modularSemantics/test/auto/CTLorenz.xml
    [junit] 5299 ms. Memory: 334336K Free: 250919K (75%)
    [junit] reloadAllAccessors: .CTLorenz
    [junit] ----------------- testing Sat Apr 14 21:47:51 UTC 2018 /home/travis/build/icyphy/ptII/doc/papers/y11/modularSemantics/test/auto/DECTController.xml
    [junit] 192 ms. Memory: 334336K Free: 229776K (69%)
    [junit] reloadAllAccessors: .DECTController
    [junit] ----------------- testing Sat Apr 14 21:47:52 UTC 2018 /home/travis/build/icyphy/ptII/doc/papers/y11/modularSemantics/test/auto/DEWithAdd.xml
    [junit] 13 ms. Memory: 334336K Free: 219966K (66%)
    [junit] reloadAllAccessors: .DEWithAdd
    [junit] ----------------- testing Sat Apr 14 21:47:52 UTC 2018 /home/travis/build/icyphy/ptII/doc/papers/y11/modularSemantics/test/auto/FSMInFeedback.xml
    [junit] 31 ms. Memory: 334336K Free: 200346K (60%)
    [junit] reloadAllAccessors: .FSMInFeedback
    [junit] ----------------- testing Sat Apr 14 21:47:52 UTC 2018 /home/travis/build/icyphy/ptII/doc/papers/y11/modularSemantics/test/auto/PNRampAdd.xml
    [junit] 50 ms. Memory: 334336K Free: 170916K (51%)
    [junit] reloadAllAccessors: .PNRampAdd
    [junit] ----------------- testing Sat Apr 14 21:47:52 UTC 2018 /home/travis/build/icyphy/ptII/doc/papers/y11/modularSemantics/test/auto/SRConstructiveFeedback.xml
    [junit] 8 ms. Memory: 334336K Free: 161106K (48%)
    [junit] reloadAllAccessors: .SRConstructiveFeedback
    [junit] AutoTests.java: About to close Vertx.
    [junit] AutoTests.java: Vertx closed.
    [junit] Tests run: 9, Failures: 0, Errors: 0, Skipped: 0, Time elapsed: 7.233 sec
    [junit] Output:
    [junit] No tcl tests in /home/travis/build/icyphy/ptII/doc/papers/y11/modularSemantics/test
    [junit] No auto/knownFailedTests/*.xml tests in /home/travis/build/icyphy/ptII/doc/papers/y11/modularSemantics/test
    [junit] No auto/*.xml tests in /home/travis/build/icyphy/ptII/doc/papers/y11/modularSemantics/test
    [junit] AutoTests.java: About to close Vertx.
    [junit] AutoTests.java: Vertx closed.
    [junit] ----------------- testing Sat Apr 14 21:47:45 UTC 2018 /home/travis/build/icyphy/ptII/doc/papers/y11/modularSemantics/test/auto/CTLorenz.xml
    [junit] 5299 ms. Memory: 334336K Free: 250919K (75%)
    [junit] reloadAllAccessors: .CTLorenz
    [junit] ----------------- testing Sat Apr 14 21:47:51 UTC 2018 /home/travis/build/icyphy/ptII/doc/papers/y11/modularSemantics/test/auto/DECTController.xml
    [junit] 192 ms. Memory: 334336K Free: 229776K (69%)
    [junit] reloadAllAccessors: .DECTController
    [junit] ----------------- testing Sat Apr 14 21:47:52 UTC 2018 /home/travis/build/icyphy/ptII/doc/papers/y11/modularSemantics/test/auto/DEWithAdd.xml
    [junit] 13 ms. Memory: 334336K Free: 219966K (66%)
    [junit] reloadAllAccessors: .DEWithAdd
    [junit] ----------------- testing Sat Apr 14 21:47:52 UTC 2018 /home/travis/build/icyphy/ptII/doc/papers/y11/modularSemantics/test/auto/FSMInFeedback.xml
    [junit] 31 ms. Memory: 334336K Free: 200346K (60%)
    [junit] reloadAllAccessors: .FSMInFeedback
    [junit] ----------------- testing Sat Apr 14 21:47:52 UTC 2018 /home/travis/build/icyphy/ptII/doc/papers/y11/modularSemantics/test/auto/PNRampAdd.xml
    [junit] 50 ms. Memory: 334336K Free: 170916K (51%)
    [junit] reloadAllAccessors: .PNRampAdd
    [junit] ----------------- testing Sat Apr 14 21:47:52 UTC 2018 /home/travis/build/icyphy/ptII/doc/papers/y11/modularSemantics/test/auto/SRConstructiveFeedback.xml
    [junit] 8 ms. Memory: 334336K Free: 161106K (48%)
    [junit] reloadAllAccessors: .SRConstructiveFeedback
    [junit] AutoTests.java: About to close Vertx.
    [junit] AutoTests.java: Vertx closed.
    [junit] 
    [junit] javachdir: directory = doc/papers/y12/designContracts/test
    [junit] javachdir: pwd: /home/travis/build/icyphy/ptII/doc/papers/y12/designContracts/test  Invoking with -Djava.net.preferIPv4Stack=true
    [junit] Running doc.papers.y12.designContracts.test.junit.JUnitTclTest
    [junit] No tcl tests in /home/travis/build/icyphy/ptII/doc/papers/y12/designContracts/test
    [junit] No auto/knownFailedTests/*.xml tests in /home/travis/build/icyphy/ptII/doc/papers/y12/designContracts/test
    [junit] No auto/*.xml tests in /home/travis/build/icyphy/ptII/doc/papers/y12/designContracts/test
    [junit] AutoTests.java: About to close Vertx.
    [junit] AutoTests.java: Vertx closed.
    [junit] ----------------- testing Sat Apr 14 21:47:53 UTC 2018 /home/travis/build/icyphy/ptII/doc/papers/y12/designContracts/test/auto/DCMotorTol.xml
    [junit] 285 ms. Memory: 116224K Free: 97356K (84%)
    [junit] reloadAllAccessors: .DCMotorTol
    [junit] ----------------- testing Sat Apr 14 21:47:54 UTC 2018 /home/travis/build/icyphy/ptII/doc/papers/y12/designContracts/test/auto/DCMotorTolWithDelayCompensation.xml
    [junit] 178 ms. Memory: 116224K Free: 101739K (88%)
    [junit] reloadAllAccessors: .DCMotorTolWithDelayCompensation
    [junit] AutoTests.java: About to close Vertx.
    [junit] AutoTests.java: Vertx closed.
    [junit] Tests run: 5, Failures: 0, Errors: 0, Skipped: 0, Time elapsed: 1.698 sec
    [junit] Output:
    [junit] No tcl tests in /home/travis/build/icyphy/ptII/doc/papers/y12/designContracts/test
    [junit] No auto/knownFailedTests/*.xml tests in /home/travis/build/icyphy/ptII/doc/papers/y12/designContracts/test
    [junit] No auto/*.xml tests in /home/travis/build/icyphy/ptII/doc/papers/y12/designContracts/test
    [junit] AutoTests.java: About to close Vertx.
    [junit] AutoTests.java: Vertx closed.
    [junit] ----------------- testing Sat Apr 14 21:47:53 UTC 2018 /home/travis/build/icyphy/ptII/doc/papers/y12/designContracts/test/auto/DCMotorTol.xml
    [junit] 285 ms. Memory: 116224K Free: 97356K (84%)
    [junit] reloadAllAccessors: .DCMotorTol
    [junit] ----------------- testing Sat Apr 14 21:47:54 UTC 2018 /home/travis/build/icyphy/ptII/doc/papers/y12/designContracts/test/auto/DCMotorTolWithDelayCompensation.xml
    [junit] 178 ms. Memory: 116224K Free: 101739K (88%)
    [junit] reloadAllAccessors: .DCMotorTolWithDelayCompensation
    [junit] AutoTests.java: About to close Vertx.
    [junit] AutoTests.java: Vertx closed.
    [junit] 
    [junit] javachdir: directory = doc/papers/y14/constructive/models/test
    [junit] javachdir: pwd: /home/travis/build/icyphy/ptII/doc/papers/y14/constructive/models/test  Invoking with -Djava.net.preferIPv4Stack=true
    [junit] Running doc.papers.y14.constructive.models.test.junit.JUnitTclTest
    [junit] No tcl tests in /home/travis/build/icyphy/ptII/doc/papers/y14/constructive/models/test
    [junit] No auto/knownFailedTests/*.xml tests in /home/travis/build/icyphy/ptII/doc/papers/y14/constructive/models/test
    [junit] No auto/*.xml tests in /home/travis/build/icyphy/ptII/doc/papers/y14/constructive/models/test
    [junit] AutoTests.java: About to close Vertx.
    [junit] AutoTests.java: Vertx closed.
    [junit] ----------------- testing Sat Apr 14 21:47:55 UTC 2018 /home/travis/build/icyphy/ptII/doc/papers/y14/constructive/models/test/auto/BilliardsOneDimensional.xml
    [junit] 1874 ms. Memory: 208896K Free: 185767K (89%)
    [junit] reloadAllAccessors: .BilliardsOneDimensional
    [junit] ----------------- testing Sat Apr 14 21:47:58 UTC 2018 /home/travis/build/icyphy/ptII/doc/papers/y14/constructive/models/test/auto/BouncingBall.xml
    [junit] 7879 ms. Memory: 479744K Free: 441682K (92%)
    [junit] reloadAllAccessors: .BouncingBall
    [junit] ----------------- testing Sat Apr 14 21:48:06 UTC 2018 /home/travis/build/icyphy/ptII/doc/papers/y14/constructive/models/test/auto/BouncingBallModal2.xml
    [junit] 13254 ms. Memory: 324096K Free: 81284K (25%)
    [junit] reloadAllAccessors: .BouncingBallModal2
    [junit] ----------------- testing Sat Apr 14 21:48:20 UTC 2018 /home/travis/build/icyphy/ptII/doc/papers/y14/constructive/models/test/auto/Collision.xml
    [junit] 240 ms. Memory: 308736K Free: 255693K (83%)
    [junit] reloadAllAccessors: .Collision
    [junit] ----------------- testing Sat Apr 14 21:48:20 UTC 2018 /home/travis/build/icyphy/ptII/doc/papers/y14/constructive/models/test/auto/Collision3.xml
    [junit] 290 ms. Memory: 308736K Free: 201101K (65%)
    [junit] reloadAllAccessors: .Collision3
    [junit] ----------------- testing Sat Apr 14 21:48:20 UTC 2018 /home/travis/build/icyphy/ptII/doc/papers/y14/constructive/models/test/auto/Collision4.xml
    [junit] 331 ms. Memory: 308736K Free: 132782K (43%)
    [junit] reloadAllAccessors: .Collision4
    [junit] ----------------- testing Sat Apr 14 21:48:21 UTC 2018 /home/travis/build/icyphy/ptII/doc/papers/y14/constructive/models/test/auto/Collision5.xml
    [junit] 3738 ms. Memory: 289792K Free: 213243K (74%)
    [junit] reloadAllAccessors: .Collision5
    [junit] ----------------- testing Sat Apr 14 21:48:25 UTC 2018 /home/travis/build/icyphy/ptII/doc/papers/y14/constructive/models/test/auto/Collision6Modal.xml
    [junit] 299 ms. Memory: 289792K Free: 141026K (49%)
    [junit] reloadAllAccessors: .Collision6Modal
    [junit] ----------------- testing Sat Apr 14 21:48:25 UTC 2018 /home/travis/build/icyphy/ptII/doc/papers/y14/constructive/models/test/auto/CollisionSimultaneous.xml
    [junit] 325 ms. Memory: 285696K Free: 272536K (95%)
    [junit] reloadAllAccessors: .CollisionSimultaneous
    [junit] ----------------- testing Sat Apr 14 21:48:26 UTC 2018 /home/travis/build/icyphy/ptII/doc/papers/y14/constructive/models/test/auto/CollisionSimultaneousDifferentMasses.xml
    [junit] 94 ms. Memory: 285696K Free: 218432K (76%)
    [junit] reloadAllAccessors: .CollisionSimultaneousDifferentMasses
    [junit] ----------------- testing Sat Apr 14 21:48:26 UTC 2018 /home/travis/build/icyphy/ptII/doc/papers/y14/constructive/models/test/auto/CollisionSimultaneousDifferentMasses2.xml
    [junit] 89 ms. Memory: 285696K Free: 166169K (58%)
    [junit] reloadAllAccessors: .CollisionSimultaneousDifferentMasses2
    [junit] ----------------- testing Sat Apr 14 21:48:26 UTC 2018 /home/travis/build/icyphy/ptII/doc/papers/y14/constructive/models/test/auto/CollisionSimultaneousLoss.xml
    [junit] 81 ms. Memory: 285696K Free: 120619K (42%)
    [junit] reloadAllAccessors: .CollisionSimultaneousLoss
    [junit] ----------------- testing Sat Apr 14 21:48:26 UTC 2018 /home/travis/build/icyphy/ptII/doc/papers/y14/constructive/models/test/auto/DiodeInductorModel.xml
    [junit] 196 ms. Memory: 273408K Free: 247642K (91%)
    [junit] reloadAllAccessors: .DiodeInductorModel
    [junit] ----------------- testing Sat Apr 14 21:48:27 UTC 2018 /home/travis/build/icyphy/ptII/doc/papers/y14/constructive/models/test/auto/Friction.xml
    [junit] 1688 ms. Memory: 268800K Free: 130398K (49%)
    [junit] reloadAllAccessors: .Friction
    [junit] ----------------- testing Sat Apr 14 21:48:29 UTC 2018 /home/travis/build/icyphy/ptII/doc/papers/y14/constructive/models/test/auto/IntegratorLoopPlot.xml
    [junit] 20 ms. Memory: 268800K Free: 123153K (46%)
    [junit] reloadAllAccessors: .IntegratorLoopPlot
    [junit] ----------------- testing Sat Apr 14 21:48:29 UTC 2018 /home/travis/build/icyphy/ptII/doc/papers/y14/constructive/models/test/auto/LCDModal.xml
    [junit] 60 ms. Memory: 268800K Free: 95904K (36%)
    [junit] reloadAllAccessors: .LCDModal
    [junit] ----------------- testing Sat Apr 14 21:48:29 UTC 2018 /home/travis/build/icyphy/ptII/doc/papers/y14/constructive/models/test/auto/TwoCapacitorsModelWithDelays.xml
    [junit] 6 ms. Memory: 268800K Free: 84866K (32%)
    [junit] reloadAllAccessors: .TwoCapacitorsModelWithDelays
    [junit] AutoTests.java: About to close Vertx.
    [junit] AutoTests.java: Vertx closed.
    [junit] Tests run: 20, Failures: 0, Errors: 0, Skipped: 0, Time elapsed: 34.105 sec
    [junit] Output:
    [junit] No tcl tests in /home/travis/build/icyphy/ptII/doc/papers/y14/constructive/models/test
    [junit] No auto/knownFailedTests/*.xml tests in /home/travis/build/icyphy/ptII/doc/papers/y14/constructive/models/test
    [junit] No auto/*.xml tests in /home/travis/build/icyphy/ptII/doc/papers/y14/constructive/models/test
    [junit] AutoTests.java: About to close Vertx.
    [junit] AutoTests.java: Vertx closed.
    [junit] ----------------- testing Sat Apr 14 21:47:55 UTC 2018 /home/travis/build/icyphy/ptII/doc/papers/y14/constructive/models/test/auto/BilliardsOneDimensional.xml
    [junit] 1874 ms. Memory: 208896K Free: 185767K (89%)
    [junit] reloadAllAccessors: .BilliardsOneDimensional
    [junit] ----------------- testing Sat Apr 14 21:47:58 UTC 2018 /home/travis/build/icyphy/ptII/doc/papers/y14/constructive/models/test/auto/BouncingBall.xml
    [junit] 7879 ms. Memory: 479744K Free: 441682K (92%)
    [junit] reloadAllAccessors: .BouncingBall
    [junit] ----------------- testing Sat Apr 14 21:48:06 UTC 2018 /home/travis/build/icyphy/ptII/doc/papers/y14/constructive/models/test/auto/BouncingBallModal2.xml
    [junit] 13254 ms. Memory: 324096K Free: 81284K (25%)
    [junit] reloadAllAccessors: .BouncingBallModal2
    [junit] ----------------- testing Sat Apr 14 21:48:20 UTC 2018 /home/travis/build/icyphy/ptII/doc/papers/y14/constructive/models/test/auto/Collision.xml
    [junit] 240 ms. Memory: 308736K Free: 255693K (83%)
    [junit] reloadAllAccessors: .Collision
    [junit] ----------------- testing Sat Apr 14 21:48:20 UTC 2018 /home/travis/build/icyphy/ptII/doc/papers/y14/constructive/models/test/auto/Collision3.xml
    [junit] 290 ms. Memory: 308736K Free: 201101K (65%)
    [junit] reloadAllAccessors: .Collision3
    [junit] ----------------- testing Sat Apr 14 21:48:20 UTC 2018 /home/travis/build/icyphy/ptII/doc/papers/y14/constructive/models/test/auto/Collision4.xml
    [junit] 331 ms. Memory: 308736K Free: 132782K (43%)
    [junit] reloadAllAccessors: .Collision4
    [junit] ----------------- testing Sat Apr 14 21:48:21 UTC 2018 /home/travis/build/icyphy/ptII/doc/papers/y14/constructive/models/test/auto/Collision5.xml
    [junit] 3738 ms. Memory: 289792K Free: 213243K (74%)
    [junit] reloadAllAccessors: .Collision5
    [junit] ----------------- testing Sat Apr 14 21:48:25 UTC 2018 /home/travis/build/icyphy/ptII/doc/papers/y14/constructive/models/test/auto/Collision6Modal.xml
    [junit] 299 ms. Memory: 289792K Free: 141026K (49%)
    [junit] reloadAllAccessors: .Collision6Modal
    [junit] ----------------- testing Sat Apr 14 21:48:25 UTC 2018 /home/travis/build/icyphy/ptII/doc/papers/y14/constructive/models/test/auto/CollisionSimultaneous.xml
    [junit] 325 ms. Memory: 285696K Free: 272536K (95%)
    [junit] reloadAllAccessors: .CollisionSimultaneous
    [junit] ----------------- testing Sat Apr 14 21:48:26 UTC 2018 /home/travis/build/icyphy/ptII/doc/papers/y14/constructive/models/test/auto/CollisionSimultaneousDifferentMasses.xml
    [junit] 94 ms. Memory: 285696K Free: 218432K (76%)
    [junit] reloadAllAccessors: .CollisionSimultaneousDifferentMasses
    [junit] ----------------- testing Sat Apr 14 21:48:26 UTC 2018 /home/travis/build/icyphy/ptII/doc/papers/y14/constructive/models/test/auto/CollisionSimultaneousDifferentMasses2.xml
    [junit] 89 ms. Memory: 285696K Free: 166169K (58%)
    [junit] reloadAllAccessors: .CollisionSimultaneousDifferentMasses2
    [junit] ----------------- testing Sat Apr 14 21:48:26 UTC 2018 /home/travis/build/icyphy/ptII/doc/papers/y14/constructive/models/test/auto/CollisionSimultaneousLoss.xml
    [junit] 81 ms. Memory: 285696K Free: 120619K (42%)
    [junit] reloadAllAccessors: .CollisionSimultaneousLoss
    [junit] ----------------- testing Sat Apr 14 21:48:26 UTC 2018 /home/travis/build/icyphy/ptII/doc/papers/y14/constructive/models/test/auto/DiodeInductorModel.xml
    [junit] 196 ms. Memory: 273408K Free: 247642K (91%)
    [junit] reloadAllAccessors: .DiodeInductorModel
    [junit] ----------------- testing Sat Apr 14 21:48:27 UTC 2018 /home/travis/build/icyphy/ptII/doc/papers/y14/constructive/models/test/auto/Friction.xml
    [junit] 1688 ms. Memory: 268800K Free: 130398K (49%)
    [junit] reloadAllAccessors: .Friction
    [junit] ----------------- testing Sat Apr 14 21:48:29 UTC 2018 /home/travis/build/icyphy/ptII/doc/papers/y14/constructive/models/test/auto/IntegratorLoopPlot.xml
    [junit] 20 ms. Memory: 268800K Free: 123153K (46%)
    [junit] reloadAllAccessors: .IntegratorLoopPlot
    [junit] ----------------- testing Sat Apr 14 21:48:29 UTC 2018 /home/travis/build/icyphy/ptII/doc/papers/y14/constructive/models/test/auto/LCDModal.xml
    [junit] 60 ms. Memory: 268800K Free: 95904K (36%)
    [junit] reloadAllAccessors: .LCDModal
    [junit] ----------------- testing Sat Apr 14 21:48:29 UTC 2018 /home/travis/build/icyphy/ptII/doc/papers/y14/constructive/models/test/auto/TwoCapacitorsModelWithDelays.xml
    [junit] 6 ms. Memory: 268800K Free: 84866K (32%)
    [junit] reloadAllAccessors: .TwoCapacitorsModelWithDelays
    [junit] AutoTests.java: About to close Vertx.
    [junit] AutoTests.java: Vertx closed.
    [junit] 
    [junit] javachdir: directory = doc/test
    [junit] javachdir: pwd: /home/travis/build/icyphy/ptII/doc/test  Invoking with -Djava.net.preferIPv4Stack=true
    [junit] Running doc.test.junit.JUnitTclTest
    [junit] /home/travis/build/icyphy/ptII/doc/test/docManager.tcl
    [junit] testDefs.tcl: setting time out to 9000 seconds at Sat Apr 14 21:48:29 UTC 2018
    [junit]  Force everything to get expanded ptolemy/configs/bcvtb/configuration.xml
    [junit]     (Skipping certain optional packages)
    [junit]     If you get a 'X connection to xxx:11.0 broken' message, then
    [junit]     see $PTII/ptolemy/moml/filter/RemoveGraphicalClasses.java
    [junit]     Or, under Solaris, run java -verbose -classpath 
    [junit]            ${PTII}/lib/ptjacl.jar:${PTII}/lib/diva.jar:${PTII}
    [junit]            tcl.lang.Shell xxx.tcl
    [junit]  Force everything to get expanded ptolemy/configs/ptiny/configuration.xml
    [junit]     (Skipping certain optional packages)
    [junit]     If you get a 'X connection to xxx:11.0 broken' message, then
    [junit]     see $PTII/ptolemy/moml/filter/RemoveGraphicalClasses.java
    [junit]     Or, under Solaris, run java -verbose -classpath 
    [junit]            ${PTII}/lib/ptjacl.jar:${PTII}/lib/diva.jar:${PTII}
    [junit]            tcl.lang.Shell xxx.tcl
    [junit]  Force everything to get expanded ptolemy/configs/space/configuration.xml
    [junit]     (Skipping certain optional packages)
    [junit]     If you get a 'X connection to xxx:11.0 broken' message, then
    [junit]     see $PTII/ptolemy/moml/filter/RemoveGraphicalClasses.java
    [junit]     Or, under Solaris, run java -verbose -classpath 
    [junit]            ${PTII}/lib/ptjacl.jar:${PTII}/lib/diva.jar:${PTII}
    [junit]            tcl.lang.Shell xxx.tcl
    [junit]  Force everything to get expanded ptolemy/configs/dsp/configuration.xml
    [junit]     (Skipping certain optional packages)
    [junit]     If you get a 'X connection to xxx:11.0 broken' message, then
    [junit]     see $PTII/ptolemy/moml/filter/RemoveGraphicalClasses.java
    [junit]     Or, under Solaris, run java -verbose -classpath 
    [junit]            ${PTII}/lib/ptjacl.jar:${PTII}/lib/diva.jar:${PTII}
    [junit]            tcl.lang.Shell xxx.tcl
    [junit] Skipping viptos because TOSROOT is not set in the environment, so we are assuming that TinyOS is not installed.
    [junit]  Force everything to get expanded ptolemy/configs/pn/configuration.xml
    [junit]     (Skipping certain optional packages)
    [junit]     If you get a 'X connection to xxx:11.0 broken' message, then
    [junit]     see $PTII/ptolemy/moml/filter/RemoveGraphicalClasses.java
    [junit]     Or, under Solaris, run java -verbose -classpath 
    [junit]            ${PTII}/lib/ptjacl.jar:${PTII}/lib/diva.jar:${PTII}
    [junit]            tcl.lang.Shell xxx.tcl
    [junit]  Force everything to get expanded ptolemy/configs/ptdb/configuration.xml
    [junit]     (Skipping certain optional packages)
    [junit]     If you get a 'X connection to xxx:11.0 broken' message, then
    [junit]     see $PTII/ptolemy/moml/filter/RemoveGraphicalClasses.java
    [junit]     Or, under Solaris, run java -verbose -classpath 
    [junit]            ${PTII}/lib/ptjacl.jar:${PTII}/lib/diva.jar:${PTII}
    [junit]            tcl.lang.Shell xxx.tcl
    [junit]  Force everything to get expanded ptolemy/configs/cyphysim/configuration.xml
    [junit]     (Skipping certain optional packages)
    [junit]     If you get a 'X connection to xxx:11.0 broken' message, then
    [junit]     see $PTII/ptolemy/moml/filter/RemoveGraphicalClasses.java
    [junit]     Or, under Solaris, run java -verbose -classpath 
    [junit]            ${PTII}/lib/ptjacl.jar:${PTII}/lib/diva.jar:${PTII}
    [junit]            tcl.lang.Shell xxx.tcl
    [junit]  Force everything to get expanded ptolemy/configs/capecode/configuration.xml
    [junit]     (Skipping certain optional packages)
    [junit]     If you get a 'X connection to xxx:11.0 broken' message, then
    [junit]     see $PTII/ptolemy/moml/filter/RemoveGraphicalClasses.java
    [junit]     Or, under Solaris, run java -verbose -classpath 
    [junit]            ${PTII}/lib/ptjacl.jar:${PTII}/lib/diva.jar:${PTII}
    [junit]            tcl.lang.Shell xxx.tcl
    [junit] JSAccessor: PT_NO_NET environment variable is set, so git pull and ptdoc are not being run.
    [junit] Retrieving library from file:/home/travis/build/icyphy/ptII/org/terraswarm/accessor/accessors/web/index.json
    [junit] Retrieving library from file:/home/travis/build/icyphy/ptII/org/terraswarm/accessor/accessors/web/audio/index.json
    [junit] Xlib:  extension "RANDR" missing on display ":99.0".
    [junit] Retrieving library from file:/home/travis/build/icyphy/ptII/org/terraswarm/accessor/accessors/web/cameras/index.json
    [junit] [main] INFO com.github.sarxos.webcam.Webcam - WebcamDefaultDriver capture driver will be used
    [junit] No physical cameras found, using WebcamDummyDriver.
    [junit] Retrieving library from file:/home/travis/build/icyphy/ptII/org/terraswarm/accessor/accessors/web/devices/index.json
    [junit] Retrieving library from file:/home/travis/build/icyphy/ptII/org/terraswarm/accessor/accessors/web/image/index.json
    [junit] CharacterRecognition: The tesseract module was not present.  The CharacterRecognition accessor is not supported on this accessor host. (Thread[main,5,main])
    [junit] CharacterRecognition: The tesseract module was not present.  The CharacterRecognition accessor is not supported on this accessor host. (Thread[main,5,main])
    [junit] libdc1394 error: Failed to initialize libdc1394
    [junit] Retrieving library from file:/home/travis/build/icyphy/ptII/org/terraswarm/accessor/accessors/web/net/index.json
    [junit] Retrieving library from file:/home/travis/build/icyphy/ptII/org/terraswarm/accessor/accessors/web/robotics/index.json
    [junit] Retrieving library from file:/home/travis/build/icyphy/ptII/org/terraswarm/accessor/accessors/web/geodesy/index.json
    [junit] Retrieving library from file:/home/travis/build/icyphy/ptII/org/terraswarm/accessor/accessors/web/services/index.json
    [junit] JavaScript.java: Creating /home/travis/.ptKeystore
    [junit] Heartbeat: Heartbeat: Could not get $KEYSTORE/heartbeatKey:  ptolemy.kernel.util.IllegalActionException: Failed to read URI: /home/travis/.ptKeystore/heartbeatKey
    [junit]   in .configuration.actor library.Accessors.services.Heartbeat
    [junit] Because:
    [junit] Cannot read file '/home/travis/.ptKeystore/heartbeatKey' or '/home/travis/.ptKeystore/heartbeatKey'
    [junit] The key is not public, so this accessor is only useful If you have the key.  See https://www.icyphy.org/accessors/library/index.html?accessor=services.Heartbeat (Thread[main,5,main])
    [junit] Heartbeat: Heartbeat: Could not get $KEYSTORE/heartbeatKey:  ptolemy.kernel.util.IllegalActionException: Failed to read URI: /home/travis/.ptKeystore/heartbeatKey
    [junit]   in .configuration.actor library.Accessors.services.Heartbeat
    [junit] Because:
    [junit] Cannot read file '/home/travis/.ptKeystore/heartbeatKey' or '/home/travis/.ptKeystore/heartbeatKey'
    [junit] The key is not public, so this accessor is only useful If you have the key.  See https://www.icyphy.org/accessors/library/index.html?accessor=services.Heartbeat (Thread[main,5,main])
    [junit] Retrieving library from file:/home/travis/build/icyphy/ptII/org/terraswarm/accessor/accessors/web/signals/index.json
    [junit] Retrieving library from file:/home/travis/build/icyphy/ptII/org/terraswarm/accessor/accessors/web/test/index.json
    [junit] Retrieving library from file:/home/travis/build/icyphy/ptII/org/terraswarm/accessor/accessors/web/utilities/index.json
    [junit] The Mutable accessor original file has no documentation, so we are not running jsdoc on https://accessors.org/utilities/Mutable.js
    [junit]  Force everything to get expanded ptolemy/configs/full/configuration.xml
    [junit]     (Skipping certain optional packages)
    [junit]     If you get a 'X connection to xxx:11.0 broken' message, then
    [junit]     see $PTII/ptolemy/moml/filter/RemoveGraphicalClasses.java
    [junit]     Or, under Solaris, run java -verbose -classpath 
    [junit]            ${PTII}/lib/ptjacl.jar:${PTII}/lib/diva.jar:${PTII}
    [junit]            tcl.lang.Shell xxx.tcl
    [junit] Retrieving library from file:/home/travis/build/icyphy/ptII/org/terraswarm/accessor/accessors/web/index.json
    [junit] Retrieving library from file:/home/travis/build/icyphy/ptII/org/terraswarm/accessor/accessors/web/audio/index.json
    [junit] Retrieving library from file:/home/travis/build/icyphy/ptII/org/terraswarm/accessor/accessors/web/cameras/index.json
    [junit] Retrieving library from file:/home/travis/build/icyphy/ptII/org/terraswarm/accessor/accessors/web/devices/index.json
    [junit] Retrieving library from file:/home/travis/build/icyphy/ptII/org/terraswarm/accessor/accessors/web/image/index.json
    [junit] CharacterRecognition: The tesseract module was not present.  The CharacterRecognition accessor is not supported on this accessor host. (Thread[main,5,main])
    [junit] CharacterRecognition: The tesseract module was not present.  The CharacterRecognition accessor is not supported on this accessor host. (Thread[main,5,main])
    [junit] Retrieving library from file:/home/travis/build/icyphy/ptII/org/terraswarm/accessor/accessors/web/net/index.json
    [junit] Retrieving library from file:/home/travis/build/icyphy/ptII/org/terraswarm/accessor/accessors/web/robotics/index.json
    [junit] Retrieving library from file:/home/travis/build/icyphy/ptII/org/terraswarm/accessor/accessors/web/geodesy/index.json
    [junit] Retrieving library from file:/home/travis/build/icyphy/ptII/org/terraswarm/accessor/accessors/web/services/index.json
    [junit] Heartbeat: Heartbeat: Could not get $KEYSTORE/heartbeatKey:  ptolemy.kernel.util.IllegalActionException: Failed to read URI: /home/travis/.ptKeystore/heartbeatKey
    [junit]   in .configuration.actor library.MoreLibraries.Accessors.services.Heartbeat
    [junit] Because:
    [junit] Cannot read file '/home/travis/.ptKeystore/heartbeatKey' or '/home/travis/.ptKeystore/heartbeatKey'
    [junit] The key is not public, so this accessor is only useful If you have the key.  See https://www.icyphy.org/accessors/library/index.html?accessor=services.Heartbeat (Thread[main,5,main])
    [junit] Heartbeat: Heartbeat: Could not get $KEYSTORE/heartbeatKey:  ptolemy.kernel.util.IllegalActionException: Failed to read URI: /home/travis/.ptKeystore/heartbeatKey
    [junit]   in .configuration.actor library.MoreLibraries.Accessors.services.Heartbeat
    [junit] Because:
    [junit] Cannot read file '/home/travis/.ptKeystore/heartbeatKey' or '/home/travis/.ptKeystore/heartbeatKey'
    [junit] The key is not public, so this accessor is only useful If you have the key.  See https://www.icyphy.org/accessors/library/index.html?accessor=services.Heartbeat (Thread[main,5,main])
    [junit] Retrieving library from file:/home/travis/build/icyphy/ptII/org/terraswarm/accessor/accessors/web/signals/index.json
    [junit] Retrieving library from file:/home/travis/build/icyphy/ptII/org/terraswarm/accessor/accessors/web/test/index.json
    [junit] Retrieving library from file:/home/travis/build/icyphy/ptII/org/terraswarm/accessor/accessors/web/utilities/index.json
    [junit] The Mutable accessor original file has no documentation, so we are not running jsdoc on https://accessors.org/utilities/Mutable.js
    [junit]  Force everything to get expanded ptolemy/configs/ptinyViewer/configuration.xml
    [junit]     (Skipping certain optional packages)
    [junit]     If you get a 'X connection to xxx:11.0 broken' message, then
    [junit]     see $PTII/ptolemy/moml/filter/RemoveGraphicalClasses.java
    [junit]     Or, under Solaris, run java -verbose -classpath 
    [junit]            ${PTII}/lib/ptjacl.jar:${PTII}/lib/diva.jar:${PTII}
    [junit]            tcl.lang.Shell xxx.tcl
    [junit]  Force everything to get expanded ptolemy/configs/ptserver/configuration.xml
    [junit]     (Skipping certain optional packages)
    [junit]     If you get a 'X connection to xxx:11.0 broken' message, then
    [junit]     see $PTII/ptolemy/moml/filter/RemoveGraphicalClasses.java
    [junit]     Or, under Solaris, run java -verbose -classpath 
    [junit]            ${PTII}/lib/ptjacl.jar:${PTII}/lib/diva.jar:${PTII}
    [junit]            tcl.lang.Shell xxx.tcl
    [junit]  Force everything to get expanded ptolemy/configs/visualsense/configuration.xml
    [junit]     (Skipping certain optional packages)
    [junit]     If you get a 'X connection to xxx:11.0 broken' message, then
    [junit]     see $PTII/ptolemy/moml/filter/RemoveGraphicalClasses.java
    [junit]     Or, under Solaris, run java -verbose -classpath 
    [junit]            ${PTII}/lib/ptjacl.jar:${PTII}/lib/diva.jar:${PTII}
    [junit]            tcl.lang.Shell xxx.tcl
    [junit] Skipping jxta/configuration.xml, running vergil -jxta brings up a window
    [junit]  Force everything to get expanded ptolemy/configs/fullViewer/configuration.xml
    [junit]     (Skipping certain optional packages)
    [junit]     If you get a 'X connection to xxx:11.0 broken' message, then
    [junit]     see $PTII/ptolemy/moml/filter/RemoveGraphicalClasses.java
    [junit]     Or, under Solaris, run java -verbose -classpath 
    [junit]            ${PTII}/lib/ptjacl.jar:${PTII}/lib/diva.jar:${PTII}
    [junit]            tcl.lang.Shell xxx.tcl
    [junit]  Force everything to get expanded ptolemy/configs/hyvisual/configuration.xml
    [junit]     (Skipping certain optional packages)
    [junit]     If you get a 'X connection to xxx:11.0 broken' message, then
    [junit]     see $PTII/ptolemy/moml/filter/RemoveGraphicalClasses.java
    [junit]     Or, under Solaris, run java -verbose -classpath 
    [junit]            ${PTII}/lib/ptjacl.jar:${PTII}/lib/diva.jar:${PTII}
    [junit]            tcl.lang.Shell xxx.tcl
    [junit]  Force everything to get expanded ptolemy/configs/ptinyKepler/configuration.xml
    [junit]     (Skipping certain optional packages)
    [junit]     If you get a 'X connection to xxx:11.0 broken' message, then
    [junit]     see $PTII/ptolemy/moml/filter/RemoveGraphicalClasses.java
    [junit]     Or, under Solaris, run java -verbose -classpath 
    [junit]            ${PTII}/lib/ptjacl.jar:${PTII}/lib/diva.jar:${PTII}
    [junit]            tcl.lang.Shell xxx.tcl
    [junit] 04/14/18 09:52:01
    [junit] Failed: 0  Total Tests: 15  ((Passed: 15, Newly Passed: 0)  Known Failed: 0) /home/travis/build/icyphy/ptII/doc/test
    [junit] No auto/knownFailedTests/*.xml tests in /home/travis/build/icyphy/ptII/doc/test
    [junit] No auto/*.xml tests in /home/travis/build/icyphy/ptII/doc/test
    [junit] AutoTests.java: About to close Vertx.
    [junit] AutoTests.java: Vertx closed.
    [junit] No auto/*.xml tests in /home/travis/build/icyphy/ptII/doc/test
    [junit] AutoTests.java: About to close Vertx.
    [junit] AutoTests.java: Vertx closed.
    [junit] Tests run: 4, Failures: 0, Errors: 0, Skipped: 0, Time elapsed: 211.787 sec
    [junit] Output:
    [junit] /home/travis/build/icyphy/ptII/doc/test/docManager.tcl
    [junit] testDefs.tcl: setting time out to 9000 seconds at Sat Apr 14 21:48:29 UTC 2018
    [junit]  Force everything to get expanded ptolemy/configs/bcvtb/configuration.xml
    [junit]     (Skipping certain optional packages)
    [junit]     If you get a 'X connection to xxx:11.0 broken' message, then
    [junit]     see $PTII/ptolemy/moml/filter/RemoveGraphicalClasses.java
    [junit]     Or, under Solaris, run java -verbose -classpath 
    [junit]            ${PTII}/lib/ptjacl.jar:${PTII}/lib/diva.jar:${PTII}
    [junit]            tcl.lang.Shell xxx.tcl
    [junit]  Force everything to get expanded ptolemy/configs/ptiny/configuration.xml
    [junit]     (Skipping certain optional packages)
    [junit]     If you get a 'X connection to xxx:11.0 broken' message, then
    [junit]     see $PTII/ptolemy/moml/filter/RemoveGraphicalClasses.java
    [junit]     Or, under Solaris, run java -verbose -classpath 
    [junit]            ${PTII}/lib/ptjacl.jar:${PTII}/lib/diva.jar:${PTII}
    [junit]            tcl.lang.Shell xxx.tcl
    [junit]  Force everything to get expanded ptolemy/configs/space/configuration.xml
    [junit]     (Skipping certain optional packages)
    [junit]     If you get a 'X connection to xxx:11.0 broken' message, then
    [junit]     see $PTII/ptolemy/moml/filter/RemoveGraphicalClasses.java
    [junit]     Or, under Solaris, run java -verbose -classpath 
    [junit]            ${PTII}/lib/ptjacl.jar:${PTII}/lib/diva.jar:${PTII}
    [junit]            tcl.lang.Shell xxx.tcl
    [junit]  Force everything to get expanded ptolemy/configs/dsp/configuration.xml
    [junit]     (Skipping certain optional packages)
    [junit]     If you get a 'X connection to xxx:11.0 broken' message, then
    [junit]     see $PTII/ptolemy/moml/filter/RemoveGraphicalClasses.java
    [junit]     Or, under Solaris, run java -verbose -classpath 
    [junit]            ${PTII}/lib/ptjacl.jar:${PTII}/lib/diva.jar:${PTII}
    [junit]            tcl.lang.Shell xxx.tcl
    [junit] Skipping viptos because TOSROOT is not set in the environment, so we are assuming that TinyOS is not installed.
    [junit]  Force everything to get expanded ptolemy/configs/pn/configuration.xml
    [junit]     (Skipping certain optional packages)
    [junit]     If you get a 'X connection to xxx:11.0 broken' message, then
    [junit]     see $PTII/ptolemy/moml/filter/RemoveGraphicalClasses.java
    [junit]     Or, under Solaris, run java -verbose -classpath 
    [junit]            ${PTII}/lib/ptjacl.jar:${PTII}/lib/diva.jar:${PTII}
    [junit]            tcl.lang.Shell xxx.tcl
    [junit]  Force everything to get expanded ptolemy/configs/ptdb/configuration.xml
    [junit]     (Skipping certain optional packages)
    [junit]     If you get a 'X connection to xxx:11.0 broken' message, then
    [junit]     see $PTII/ptolemy/moml/filter/RemoveGraphicalClasses.java
    [junit]     Or, under Solaris, run java -verbose -classpath 
    [junit]            ${PTII}/lib/ptjacl.jar:${PTII}/lib/diva.jar:${PTII}
    [junit]            tcl.lang.Shell xxx.tcl
    [junit]  Force everything to get expanded ptolemy/configs/cyphysim/configuration.xml
    [junit]     (Skipping certain optional packages)
    [junit]     If you get a 'X connection to xxx:11.0 broken' message, then
    [junit]     see $PTII/ptolemy/moml/filter/RemoveGraphicalClasses.java
    [junit]     Or, under Solaris, run java -verbose -classpath 
    [junit]            ${PTII}/lib/ptjacl.jar:${PTII}/lib/diva.jar:${PTII}
    [junit]            tcl.lang.Shell xxx.tcl
    [junit]  Force everything to get expanded ptolemy/configs/capecode/configuration.xml
    [junit]     (Skipping certain optional packages)
    [junit]     If you get a 'X connection to xxx:11.0 broken' message, then
    [junit]     see $PTII/ptolemy/moml/filter/RemoveGraphicalClasses.java
    [junit]     Or, under Solaris, run java -verbose -classpath 
    [junit]            ${PTII}/lib/ptjacl.jar:${PTII}/lib/diva.jar:${PTII}
    [junit]            tcl.lang.Shell xxx.tcl
    [junit] JSAccessor: PT_NO_NET environment variable is set, so git pull and ptdoc are not being run.
    [junit] Retrieving library from file:/home/travis/build/icyphy/ptII/org/terraswarm/accessor/accessors/web/index.json
    [junit] Retrieving library from file:/home/travis/build/icyphy/ptII/org/terraswarm/accessor/accessors/web/audio/index.json
    [junit] Retrieving library from file:/home/travis/build/icyphy/ptII/org/terraswarm/accessor/accessors/web/cameras/index.json
    [junit] No physical cameras found, using WebcamDummyDriver.
    [junit] Retrieving library from file:/home/travis/build/icyphy/ptII/org/terraswarm/accessor/accessors/web/devices/index.json
    [junit] Retrieving library from file:/home/travis/build/icyphy/ptII/org/terraswarm/accessor/accessors/web/image/index.json
    [junit] CharacterRecognition: The tesseract module was not present.  The CharacterRecognition accessor is not supported on this accessor host. (Thread[main,5,main])
    [junit] CharacterRecognition: The tesseract module was not present.  The CharacterRecognition accessor is not supported on this accessor host. (Thread[main,5,main])
    [junit] Retrieving library from file:/home/travis/build/icyphy/ptII/org/terraswarm/accessor/accessors/web/net/index.json
    [junit] Retrieving library from file:/home/travis/build/icyphy/ptII/org/terraswarm/accessor/accessors/web/robotics/index.json
    [junit] Retrieving library from file:/home/travis/build/icyphy/ptII/org/terraswarm/accessor/accessors/web/geodesy/index.json
    [junit] Retrieving library from file:/home/travis/build/icyphy/ptII/org/terraswarm/accessor/accessors/web/services/index.json
    [junit] JavaScript.java: Creating /home/travis/.ptKeystore
    [junit] Heartbeat: Heartbeat: Could not get $KEYSTORE/heartbeatKey:  ptolemy.kernel.util.IllegalActionException: Failed to read URI: /home/travis/.ptKeystore/heartbeatKey
    [junit]   in .configuration.actor library.Accessors.services.Heartbeat
    [junit] Because:
    [junit] Cannot read file '/home/travis/.ptKeystore/heartbeatKey' or '/home/travis/.ptKeystore/heartbeatKey'
    [junit] The key is not public, so this accessor is only useful If you have the key.  See https://www.icyphy.org/accessors/library/index.html?accessor=services.Heartbeat (Thread[main,5,main])
    [junit] Heartbeat: Heartbeat: Could not get $KEYSTORE/heartbeatKey:  ptolemy.kernel.util.IllegalActionException: Failed to read URI: /home/travis/.ptKeystore/heartbeatKey
    [junit]   in .configuration.actor library.Accessors.services.Heartbeat
    [junit] Because:
    [junit] Cannot read file '/home/travis/.ptKeystore/heartbeatKey' or '/home/travis/.ptKeystore/heartbeatKey'
    [junit] The key is not public, so this accessor is only useful If you have the key.  See https://www.icyphy.org/accessors/library/index.html?accessor=services.Heartbeat (Thread[main,5,main])
    [junit] Retrieving library from file:/home/travis/build/icyphy/ptII/org/terraswarm/accessor/accessors/web/signals/index.json
    [junit] Retrieving library from file:/home/travis/build/icyphy/ptII/org/terraswarm/accessor/accessors/web/test/index.json
    [junit] Retrieving library from file:/home/travis/build/icyphy/ptII/org/terraswarm/accessor/accessors/web/utilities/index.json
    [junit] The Mutable accessor original file has no documentation, so we are not running jsdoc on https://accessors.org/utilities/Mutable.js
    [junit]  Force everything to get expanded ptolemy/configs/full/configuration.xml
    [junit]     (Skipping certain optional packages)
    [junit]     If you get a 'X connection to xxx:11.0 broken' message, then
    [junit]     see $PTII/ptolemy/moml/filter/RemoveGraphicalClasses.java
    [junit]     Or, under Solaris, run java -verbose -classpath 
    [junit]            ${PTII}/lib/ptjacl.jar:${PTII}/lib/diva.jar:${PTII}
    [junit]            tcl.lang.Shell xxx.tcl
    [junit] Retrieving library from file:/home/travis/build/icyphy/ptII/org/terraswarm/accessor/accessors/web/index.json
    [junit] Retrieving library from file:/home/travis/build/icyphy/ptII/org/terraswarm/accessor/accessors/web/audio/index.json
    [junit] Retrieving library from file:/home/travis/build/icyphy/ptII/org/terraswarm/accessor/accessors/web/cameras/index.json
    [junit] Retrieving library from file:/home/travis/build/icyphy/ptII/org/terraswarm/accessor/accessors/web/devices/index.json
    [junit] Retrieving library from file:/home/travis/build/icyphy/ptII/org/terraswarm/accessor/accessors/web/image/index.json
    [junit] CharacterRecognition: The tesseract module was not present.  The CharacterRecognition accessor is not supported on this accessor host. (Thread[main,5,main])
    [junit] CharacterRecognition: The tesseract module was not present.  The CharacterRecognition accessor is not supported on this accessor host. (Thread[main,5,main])
    [junit] Retrieving library from file:/home/travis/build/icyphy/ptII/org/terraswarm/accessor/accessors/web/net/index.json
    [junit] Retrieving library from file:/home/travis/build/icyphy/ptII/org/terraswarm/accessor/accessors/web/robotics/index.json
    [junit] Retrieving library from file:/home/travis/build/icyphy/ptII/org/terraswarm/accessor/accessors/web/geodesy/index.json
    [junit] Retrieving library from file:/home/travis/build/icyphy/ptII/org/terraswarm/accessor/accessors/web/services/index.json
    [junit] Heartbeat: Heartbeat: Could not get $KEYSTORE/heartbeatKey:  ptolemy.kernel.util.IllegalActionException: Failed to read URI: /home/travis/.ptKeystore/heartbeatKey
    [junit]   in .configuration.actor library.MoreLibraries.Accessors.services.Heartbeat
    [junit] Because:
    [junit] Cannot read file '/home/travis/.ptKeystore/heartbeatKey' or '/home/travis/.ptKeystore/heartbeatKey'
    [junit] The key is not public, so this accessor is only useful If you have the key.  See https://www.icyphy.org/accessors/library/index.html?accessor=services.Heartbeat (Thread[main,5,main])
    [junit] Heartbeat: Heartbeat: Could not get $KEYSTORE/heartbeatKey:  ptolemy.kernel.util.IllegalActionException: Failed to read URI: /home/travis/.ptKeystore/heartbeatKey
    [junit]   in .configuration.actor library.MoreLibraries.Accessors.services.Heartbeat
    [junit] Because:
    [junit] Cannot read file '/home/travis/.ptKeystore/heartbeatKey' or '/home/travis/.ptKeystore/heartbeatKey'
    [junit] The key is not public, so this accessor is only useful If you have the key.  See https://www.icyphy.org/accessors/library/index.html?accessor=services.Heartbeat (Thread[main,5,main])
    [junit] Retrieving library from file:/home/travis/build/icyphy/ptII/org/terraswarm/accessor/accessors/web/signals/index.json
    [junit] Retrieving library from file:/home/travis/build/icyphy/ptII/org/terraswarm/accessor/accessors/web/test/index.json
    [junit] Retrieving library from file:/home/travis/build/icyphy/ptII/org/terraswarm/accessor/accessors/web/utilities/index.json
    [junit] The Mutable accessor original file has no documentation, so we are not running jsdoc on https://accessors.org/utilities/Mutable.js
    [junit]  Force everything to get expanded ptolemy/configs/ptinyViewer/configuration.xml
    [junit]     (Skipping certain optional packages)
    [junit]     If you get a 'X connection to xxx:11.0 broken' message, then
    [junit]     see $PTII/ptolemy/moml/filter/RemoveGraphicalClasses.java
    [junit]     Or, under Solaris, run java -verbose -classpath 
    [junit]            ${PTII}/lib/ptjacl.jar:${PTII}/lib/diva.jar:${PTII}
    [junit]            tcl.lang.Shell xxx.tcl
    [junit]  Force everything to get expanded ptolemy/configs/ptserver/configuration.xml
    [junit]     (Skipping certain optional packages)
    [junit]     If you get a 'X connection to xxx:11.0 broken' message, then
    [junit]     see $PTII/ptolemy/moml/filter/RemoveGraphicalClasses.java
    [junit]     Or, under Solaris, run java -verbose -classpath 
    [junit]            ${PTII}/lib/ptjacl.jar:${PTII}/lib/diva.jar:${PTII}
    [junit]            tcl.lang.Shell xxx.tcl
    [junit]  Force everything to get expanded ptolemy/configs/visualsense/configuration.xml
    [junit]     (Skipping certain optional packages)
    [junit]     If you get a 'X connection to xxx:11.0 broken' message, then
    [junit]     see $PTII/ptolemy/moml/filter/RemoveGraphicalClasses.java
    [junit]     Or, under Solaris, run java -verbose -classpath 
    [junit]            ${PTII}/lib/ptjacl.jar:${PTII}/lib/diva.jar:${PTII}
    [junit]            tcl.lang.Shell xxx.tcl
    [junit] Skipping jxta/configuration.xml, running vergil -jxta brings up a window
    [junit]  Force everything to get expanded ptolemy/configs/fullViewer/configuration.xml
    [junit]     (Skipping certain optional packages)
    [junit]     If you get a 'X connection to xxx:11.0 broken' message, then
    [junit]     see $PTII/ptolemy/moml/filter/RemoveGraphicalClasses.java
    [junit]     Or, under Solaris, run java -verbose -classpath 
    [junit]            ${PTII}/lib/ptjacl.jar:${PTII}/lib/diva.jar:${PTII}
    [junit]            tcl.lang.Shell xxx.tcl
    [junit]  Force everything to get expanded ptolemy/configs/hyvisual/configuration.xml
    [junit]     (Skipping certain optional packages)
    [junit]     If you get a 'X connection to xxx:11.0 broken' message, then
    [junit]     see $PTII/ptolemy/moml/filter/RemoveGraphicalClasses.java
    [junit]     Or, under Solaris, run java -verbose -classpath 
    [junit]            ${PTII}/lib/ptjacl.jar:${PTII}/lib/diva.jar:${PTII}
    [junit]            tcl.lang.Shell xxx.tcl
    [junit]  Force everything to get expanded ptolemy/configs/ptinyKepler/configuration.xml
    [junit]     (Skipping certain optional packages)
    [junit]     If you get a 'X connection to xxx:11.0 broken' message, then
    [junit]     see $PTII/ptolemy/moml/filter/RemoveGraphicalClasses.java
    [junit]     Or, under Solaris, run java -verbose -classpath 
    [junit]            ${PTII}/lib/ptjacl.jar:${PTII}/lib/diva.jar:${PTII}
    [junit]            tcl.lang.Shell xxx.tcl
    [junit] 04/14/18 09:52:01
    [junit] Failed: 0  Total Tests: 15  ((Passed: 15, Newly Passed: 0)  Known Failed: 0) /home/travis/build/icyphy/ptII/doc/test
    [junit] No auto/knownFailedTests/*.xml tests in /home/travis/build/icyphy/ptII/doc/test
    [junit] No auto/*.xml tests in /home/travis/build/icyphy/ptII/doc/test
    [junit] AutoTests.java: About to close Vertx.
    [junit] AutoTests.java: Vertx closed.
    [junit] No auto/*.xml tests in /home/travis/build/icyphy/ptII/doc/test
    [junit] AutoTests.java: About to close Vertx.
    [junit] AutoTests.java: Vertx closed.
    [junit] 
    [junit] Error: 
    [junit] [main] INFO com.github.sarxos.webcam.Webcam - WebcamDefaultDriver capture driver will be used
    [junit] 
    [junit] javachdir: directory = doc/tutorial/graph
    [junit] javachdir: pwd: /home/travis/build/icyphy/ptII/doc/tutorial/graph  Invoking with -Djava.net.preferIPv4Stack=true
    [junit] Running doc.tutorial.graph.junit.ShortestPathFinderTest
    [junit] Tests run: 1, Failures: 0, Errors: 0, Skipped: 0, Time elapsed: 0.181 sec
    [junit] javachdir: directory = org/hlacerti/test
    [junit] javachdir: pwd: /home/travis/build/icyphy/ptII/org/hlacerti/test  Invoking with -Djava.net.preferIPv4Stack=true
    [junit] Running org.hlacerti.test.junit.JUnitTclTest
    [junit] No tcl tests in /home/travis/build/icyphy/ptII/org/hlacerti/test
    [junit] No auto/knownFailedTests/*.xml tests in /home/travis/build/icyphy/ptII/org/hlacerti/test
    [junit] No auto/*.xml tests in /home/travis/build/icyphy/ptII/org/hlacerti/test
    [junit] AutoTests.java: About to close Vertx.
    [junit] AutoTests.java: Vertx closed.
    [junit] ----------------- testing Sat Apr 14 21:52:03 UTC 2018 /home/travis/build/icyphy/ptII/org/hlacerti/test/auto/1Value2Instances.xml
    [junit] ----------------- Sat Apr 14 21:52:03 UTC 2018 About to sleep for 5.0 seconds before rerunning.  Test is: /home/travis/build/icyphy/ptII/org/hlacerti/test/auto/1Value2Instances.xml
    [junit] CertiRtig: the os.name property is: Linux
    [junit] CertiRtig: .DistributedReceiver1.HlaManager: About to invoke rtig: 
    [junit] command: [/bin/sh, -c, /home/travis/pthla/certi-tools/bin/rtig, StaticMultiInstance.fed]
    [junit] environment: [LD_LIBRARY_PATH=/home/travis/pthla/certi-tools/lib:/home/travis/pthla/certi-tools/lib:/usr/lib/jni:/usr/local/share/OpenCV/java/:/usr/share/OpenCV/java:]
    [junit] directory: /home/travis/build/icyphy/ptII/org/hlacerti/test/auto/StaticMultiInstance/1Value2Instances
    [junit] 172 ms. Memory: 116224K Free: 90171K (78%)
    [junit] reloadAllAccessors: .1Value2Instances
    [junit] CertiRtig: the os.name property is: Linux
    [junit] CertiRtig: .DistributedSender1.HlaManager: About to invoke rtig: 
    [junit] command: [/bin/sh, -c, /home/travis/pthla/certi-tools/bin/rtig, StaticMultiInstance.fed]
    [junit] environment: [LD_LIBRARY_PATH=/home/travis/pthla/certi-tools/lib:/home/travis/pthla/certi-tools/lib:/usr/lib/jni:/usr/local/share/OpenCV/java/:/usr/share/OpenCV/java:]
    [junit] directory: /home/travis/build/icyphy/ptII/org/hlacerti/test/auto/StaticMultiInstance/1Value2Instances
    [junit] ----------------- testing Sat Apr 14 21:52:09 UTC 2018 /home/travis/build/icyphy/ptII/org/hlacerti/test/auto/2Classes2Values2Instances.xml
    [junit] ----------------- Sat Apr 14 21:52:09 UTC 2018 About to sleep for 5.0 seconds before rerunning.  Test is: /home/travis/build/icyphy/ptII/org/hlacerti/test/auto/2Classes2Values2Instances.xml
    [junit] CertiRtig: .DistributedSender1.HlaManager: About to terminate rtig.
    [junit] 229 ms. Memory: 116224K Free: 81188K (70%)
    [junit] 370 ms. Memory: 116224K Free: 80881K (70%)
    [junit] CertiRtig: the os.name property is: Linux
    [junit] CertiRtig: .DistributedReceiver1.HlaManager: About to invoke rtig: 
    [junit] command: [/bin/sh, -c, /home/travis/pthla/certi-tools/bin/rtig, StaticMultiInstance.fed]
    [junit] environment: [LD_LIBRARY_PATH=/home/travis/pthla/certi-tools/lib:/home/travis/pthla/certi-tools/lib:/usr/lib/jni:/usr/local/share/OpenCV/java/:/usr/share/OpenCV/java:]
    [junit] directory: /home/travis/build/icyphy/ptII/org/hlacerti/test/auto/StaticMultiInstance/2Classes2Values2Instances
    [junit] 145 ms. Memory: 116224K Free: 82559K (71%)
    [junit] reloadAllAccessors: .2Classes2Values2Instances
    [junit] ----------------- testing Sat Apr 14 21:52:14 UTC 2018 /home/travis/build/icyphy/ptII/org/hlacerti/test/auto/2Values1Instance.xml
    [junit] ----------------- Sat Apr 14 21:52:14 UTC 2018 About to sleep for 5.0 seconds before rerunning.  Test is: /home/travis/build/icyphy/ptII/org/hlacerti/test/auto/2Values1Instance.xml
    [junit] CertiRtig: the os.name property is: Linux
    [junit] CertiRtig: .DistributedSender1.HlaManager: About to invoke rtig: 
    [junit] command: [/bin/sh, -c, /home/travis/pthla/certi-tools/bin/rtig, StaticMultiInstance.fed]
    [junit] environment: [LD_LIBRARY_PATH=/home/travis/pthla/certi-tools/lib:/home/travis/pthla/certi-tools/lib:/usr/lib/jni:/usr/local/share/OpenCV/java/:/usr/share/OpenCV/java:]
    [junit] directory: /home/travis/build/icyphy/ptII/org/hlacerti/test/auto/StaticMultiInstance/2Classes2Values2Instances
    [junit] CertiRtig: .DistributedSender1.HlaManager: About to terminate rtig.
    [junit] 87 ms. Memory: 116224K Free: 109982K (95%)
    [junit] 210 ms. Memory: 116224K Free: 109843K (95%)
    [junit] CertiRtig: the os.name property is: Linux
    [junit] CertiRtig: .DistributedReceiver1.HlaManager: About to invoke rtig: 
    [junit] command: [/bin/sh, -c, /home/travis/pthla/certi-tools/bin/rtig, StaticMultiInstance.fed]
    [junit] environment: [LD_LIBRARY_PATH=/home/travis/pthla/certi-tools/lib:/home/travis/pthla/certi-tools/lib:/usr/lib/jni:/usr/local/share/OpenCV/java/:/usr/share/OpenCV/java:]
    [junit] directory: /home/travis/build/icyphy/ptII/org/hlacerti/test/auto/StaticMultiInstance/2Values1Instance
    [junit] 129 ms. Memory: 116224K Free: 81941K (71%)
    [junit] reloadAllAccessors: .2Values1Instance
    [junit] CertiRtig: the os.name property is: Linux
    [junit] CertiRtig: .DistributedSender1.HlaManager: About to invoke rtig: 
    [junit] command: [/bin/sh, -c, /home/travis/pthla/certi-tools/bin/rtig, StaticMultiInstance.fed]
    [junit] environment: [LD_LIBRARY_PATH=/home/travis/pthla/certi-tools/lib:/home/travis/pthla/certi-tools/lib:/usr/lib/jni:/usr/local/share/OpenCV/java/:/usr/share/OpenCV/java:]
    [junit] directory: /home/travis/build/icyphy/ptII/org/hlacerti/test/auto/StaticMultiInstance/2Values1Instance
    [junit] ----------------- testing Sat Apr 14 21:52:20 UTC 2018 /home/travis/build/icyphy/ptII/org/hlacerti/test/auto/2Values2Instances.xml
    [junit] ----------------- Sat Apr 14 21:52:20 UTC 2018 About to sleep for 5.0 seconds before rerunning.  Test is: /home/travis/build/icyphy/ptII/org/hlacerti/test/auto/2Values2Instances.xml
    [junit] CertiRtig: .DistributedSender1.HlaManager: About to terminate rtig.
    [junit] 100 ms. Memory: 115712K Free: 108827K (94%)
    [junit] 215 ms. Memory: 115712K Free: 108782K (94%)
    [junit] CertiRtig: the os.name property is: Linux
    [junit] CertiRtig: .DistributedReceiver1.HlaManager: About to invoke rtig: 
    [junit] command: [/bin/sh, -c, /home/travis/pthla/certi-tools/bin/rtig, StaticMultiInstance.fed]
    [junit] environment: [LD_LIBRARY_PATH=/home/travis/pthla/certi-tools/lib:/home/travis/pthla/certi-tools/lib:/usr/lib/jni:/usr/local/share/OpenCV/java/:/usr/share/OpenCV/java:]
    [junit] directory: /home/travis/build/icyphy/ptII/org/hlacerti/test/auto/StaticMultiInstance/2Values2Instances
    [junit] 131 ms. Memory: 115712K Free: 80496K (70%)
    [junit] reloadAllAccessors: .2Values2Instances
    [junit] AutoTests.java: About to close Vertx.
    [junit] AutoTests.java: Vertx closed.
    [junit] CertiRtig: the os.name property is: Linux
    [junit] CertiRtig: .DistributedSender1.HlaManager: About to invoke rtig: 
    [junit] command: [/bin/sh, -c, /home/travis/pthla/certi-tools/bin/rtig, StaticMultiInstance.fed]
    [junit] environment: [LD_LIBRARY_PATH=/home/travis/pthla/certi-tools/lib:/home/travis/pthla/certi-tools/lib:/usr/lib/jni:/usr/local/share/OpenCV/java/:/usr/share/OpenCV/java:]
    [junit] directory: /home/travis/build/icyphy/ptII/org/hlacerti/test/auto/StaticMultiInstance/2Values2Instances
    [junit] Tests run: 7, Failures: 0, Errors: 0, Skipped: 0, Time elapsed: 22.403 sec
    [junit] Output:
    [junit] No tcl tests in /home/travis/build/icyphy/ptII/org/hlacerti/test
    [junit] No auto/knownFailedTests/*.xml tests in /home/travis/build/icyphy/ptII/org/hlacerti/test
    [junit] No auto/*.xml tests in /home/travis/build/icyphy/ptII/org/hlacerti/test
    [junit] AutoTests.java: About to close Vertx.
    [junit] AutoTests.java: Vertx closed.
    [junit] ----------------- testing Sat Apr 14 21:52:03 UTC 2018 /home/travis/build/icyphy/ptII/org/hlacerti/test/auto/1Value2Instances.xml
    [junit] ----------------- Sat Apr 14 21:52:03 UTC 2018 About to sleep for 5.0 seconds before rerunning.  Test is: /home/travis/build/icyphy/ptII/org/hlacerti/test/auto/1Value2Instances.xml
    [junit] CertiRtig: the os.name property is: Linux
    [junit] CertiRtig: .DistributedReceiver1.HlaManager: About to invoke rtig: 
    [junit] command: [/bin/sh, -c, /home/travis/pthla/certi-tools/bin/rtig, StaticMultiInstance.fed]
    [junit] environment: [LD_LIBRARY_PATH=/home/travis/pthla/certi-tools/lib:/home/travis/pthla/certi-tools/lib:/usr/lib/jni:/usr/local/share/OpenCV/java/:/usr/share/OpenCV/java:]
    [junit] directory: /home/travis/build/icyphy/ptII/org/hlacerti/test/auto/StaticMultiInstance/1Value2Instances
    [junit] 172 ms. Memory: 116224K Free: 90171K (78%)
    [junit] reloadAllAccessors: .1Value2Instances
    [junit] CertiRtig: the os.name property is: Linux
    [junit] CertiRtig: .DistributedSender1.HlaManager: About to invoke rtig: 
    [junit] command: [/bin/sh, -c, /home/travis/pthla/certi-tools/bin/rtig, StaticMultiInstance.fed]
    [junit] environment: [LD_LIBRARY_PATH=/home/travis/pthla/certi-tools/lib:/home/travis/pthla/certi-tools/lib:/usr/lib/jni:/usr/local/share/OpenCV/java/:/usr/share/OpenCV/java:]
    [junit] directory: /home/travis/build/icyphy/ptII/org/hlacerti/test/auto/StaticMultiInstance/1Value2Instances
    [junit] ----------------- testing Sat Apr 14 21:52:09 UTC 2018 /home/travis/build/icyphy/ptII/org/hlacerti/test/auto/2Classes2Values2Instances.xml
    [junit] ----------------- Sat Apr 14 21:52:09 UTC 2018 About to sleep for 5.0 seconds before rerunning.  Test is: /home/travis/build/icyphy/ptII/org/hlacerti/test/auto/2Classes2Values2Instances.xml
    [junit] CertiRtig: .DistributedSender1.HlaManager: About to terminate rtig.
    [junit] 229 ms. Memory: 116224K Free: 81188K (70%)
    [junit] 370 ms. Memory: 116224K Free: 80881K (70%)
    [junit] CertiRtig: the os.name property is: Linux
    [junit] CertiRtig: .DistributedReceiver1.HlaManager: About to invoke rtig: 
    [junit] command: [/bin/sh, -c, /home/travis/pthla/certi-tools/bin/rtig, StaticMultiInstance.fed]
    [junit] environment: [LD_LIBRARY_PATH=/home/travis/pthla/certi-tools/lib:/home/travis/pthla/certi-tools/lib:/usr/lib/jni:/usr/local/share/OpenCV/java/:/usr/share/OpenCV/java:]
    [junit] directory: /home/travis/build/icyphy/ptII/org/hlacerti/test/auto/StaticMultiInstance/2Classes2Values2Instances
    [junit] 145 ms. Memory: 116224K Free: 82559K (71%)
    [junit] reloadAllAccessors: .2Classes2Values2Instances
    [junit] ----------------- testing Sat Apr 14 21:52:14 UTC 2018 /home/travis/build/icyphy/ptII/org/hlacerti/test/auto/2Values1Instance.xml
    [junit] ----------------- Sat Apr 14 21:52:14 UTC 2018 About to sleep for 5.0 seconds before rerunning.  Test is: /home/travis/build/icyphy/ptII/org/hlacerti/test/auto/2Values1Instance.xml
    [junit] CertiRtig: the os.name property is: Linux
    [junit] CertiRtig: .DistributedSender1.HlaManager: About to invoke rtig: 
    [junit] command: [/bin/sh, -c, /home/travis/pthla/certi-tools/bin/rtig, StaticMultiInstance.fed]
    [junit] environment: [LD_LIBRARY_PATH=/home/travis/pthla/certi-tools/lib:/home/travis/pthla/certi-tools/lib:/usr/lib/jni:/usr/local/share/OpenCV/java/:/usr/share/OpenCV/java:]
    [junit] directory: /home/travis/build/icyphy/ptII/org/hlacerti/test/auto/StaticMultiInstance/2Classes2Values2Instances
    [junit] CertiRtig: .DistributedSender1.HlaManager: About to terminate rtig.
    [junit] 87 ms. Memory: 116224K Free: 109982K (95%)
    [junit] 210 ms. Memory: 116224K Free: 109843K (95%)
    [junit] CertiRtig: the os.name property is: Linux
    [junit] CertiRtig: .DistributedReceiver1.HlaManager: About to invoke rtig: 
    [junit] command: [/bin/sh, -c, /home/travis/pthla/certi-tools/bin/rtig, StaticMultiInstance.fed]
    [junit] environment: [LD_LIBRARY_PATH=/home/travis/pthla/certi-tools/lib:/home/travis/pthla/certi-tools/lib:/usr/lib/jni:/usr/local/share/OpenCV/java/:/usr/share/OpenCV/java:]
    [junit] directory: /home/travis/build/icyphy/ptII/org/hlacerti/test/auto/StaticMultiInstance/2Values1Instance
    [junit] 129 ms. Memory: 116224K Free: 81941K (71%)
    [junit] reloadAllAccessors: .2Values1Instance
    [junit] CertiRtig: the os.name property is: Linux
    [junit] CertiRtig: .DistributedSender1.HlaManager: About to invoke rtig: 
    [junit] command: [/bin/sh, -c, /home/travis/pthla/certi-tools/bin/rtig, StaticMultiInstance.fed]
    [junit] environment: [LD_LIBRARY_PATH=/home/travis/pthla/certi-tools/lib:/home/travis/pthla/certi-tools/lib:/usr/lib/jni:/usr/local/share/OpenCV/java/:/usr/share/OpenCV/java:]
    [junit] directory: /home/travis/build/icyphy/ptII/org/hlacerti/test/auto/StaticMultiInstance/2Values1Instance
    [junit] ----------------- testing Sat Apr 14 21:52:20 UTC 2018 /home/travis/build/icyphy/ptII/org/hlacerti/test/auto/2Values2Instances.xml
    [junit] ----------------- Sat Apr 14 21:52:20 UTC 2018 About to sleep for 5.0 seconds before rerunning.  Test is: /home/travis/build/icyphy/ptII/org/hlacerti/test/auto/2Values2Instances.xml
    [junit] CertiRtig: .DistributedSender1.HlaManager: About to terminate rtig.
    [junit] 100 ms. Memory: 115712K Free: 108827K (94%)
    [junit] 215 ms. Memory: 115712K Free: 108782K (94%)
    [junit] CertiRtig: the os.name property is: Linux
    [junit] CertiRtig: .DistributedReceiver1.HlaManager: About to invoke rtig: 
    [junit] command: [/bin/sh, -c, /home/travis/pthla/certi-tools/bin/rtig, StaticMultiInstance.fed]
    [junit] environment: [LD_LIBRARY_PATH=/home/travis/pthla/certi-tools/lib:/home/travis/pthla/certi-tools/lib:/usr/lib/jni:/usr/local/share/OpenCV/java/:/usr/share/OpenCV/java:]
    [junit] directory: /home/travis/build/icyphy/ptII/org/hlacerti/test/auto/StaticMultiInstance/2Values2Instances
    [junit] 131 ms. Memory: 115712K Free: 80496K (70%)
    [junit] reloadAllAccessors: .2Values2Instances
    [junit] AutoTests.java: About to close Vertx.
    [junit] AutoTests.java: Vertx closed.
    [junit] 
    [junit] # Manager._registerShutdownHook(): State is The model is initializing, which is not IDLE.  Waiting for model to stop.
    [junit] # Manager._registerShutdownHook(): State is The model is initializing, which is not IDLE.  Waiting for model to stop.
    [junit] java.lang.IllegalStateException: Shutdown in progress
    [junit] 	at java.lang.ApplicationShutdownHooks.remove(ApplicationShutdownHooks.java:82)
    [junit] 	at java.lang.Runtime.removeShutdownHook(Runtime.java:239)
    [junit] 	at ptolemy.actor.Manager._disposeOfThreads(Manager.java:1708)
    [junit] 	at ptolemy.actor.Manager.execute(Manager.java:454)
    [junit] 	at ptolemy.actor.lib.hoc.ModelReference$1.run(ModelReference.java:626)
    [junit] java.lang.RuntimeException: java.lang.IllegalStateException: Shutdown in progress
    [junit] 	at ptolemy.util.MessageHandler.error(MessageHandler.java:115)
    [junit] 	at ptolemy.actor.lib.hoc.ModelReference.executionError(ModelReference.java:450)
    [junit] 	at ptolemy.actor.Manager$ErrorReportingThread.run(Manager.java:1890)
    [junit] Caused by: java.lang.IllegalStateException: Shutdown in progress
    [junit] 	at java.lang.ApplicationShutdownHooks.remove(ApplicationShutdownHooks.java:82)
    [junit] 	at java.lang.Runtime.removeShutdownHook(Runtime.java:239)
    [junit] 	at ptolemy.actor.Manager._disposeOfThreads(Manager.java:1708)
    [junit] 	at ptolemy.actor.Manager.execute(Manager.java:454)
    [junit] 	at ptolemy.actor.lib.hoc.ModelReference$1.run(ModelReference.java:626)
    [junit] 
    [junit] Exception: java.lang.RuntimeException thrown from the UncaughtExceptionHandler in thread "Error reporting thread"
    [junit] 76 ms. Memory: 115712K Free: 107997K (93%)
/home/travis/build/icyphy/ptII/bin/ptIITravisBuild.sh: line 188: 17529 Alarm clock             perl -e 'alarm shift; exec @ARGV' "$@"
